[2025-06-15 21:05:55] [Info] === Project Structure Scaffolding - Phase 1 ===
[2025-06-15 21:05:56] [Info] Working in project root: D:\Protozoa
[2025-06-15 21:05:56] [Info] Scaffolding domains: rendering, animation, effect, trait, physics, particle, formation, group, rng, bitcoin
[2025-06-15 21:05:56] [Info] Creating base directory structure...
[2025-06-15 21:05:56] [Info] Creating domain-specific directories...
[2025-06-15 21:05:56] [Success] Domain scaffolded: rendering
[2025-06-15 21:05:56] [Success] Domain scaffolded: animation
[2025-06-15 21:05:56] [Success] Domain scaffolded: effect
[2025-06-15 21:05:56] [Success] Domain scaffolded: trait
[2025-06-15 21:05:56] [Success] Domain scaffolded: physics
[2025-06-15 21:05:56] [Success] Domain scaffolded: particle
[2025-06-15 21:05:56] [Success] Domain scaffolded: formation
[2025-06-15 21:05:56] [Success] Domain scaffolded: group
[2025-06-15 21:05:56] [Success] Domain scaffolded: rng
[2025-06-15 21:05:56] [Success] Domain scaffolded: bitcoin
[2025-06-15 21:05:56] [Info] Creating shared infrastructure stubs...
[2025-06-15 21:05:56] [Success] Created shared logger utility
[2025-06-15 21:05:56] [Success] Created shared types definitions
[2025-06-15 21:05:56] [Success] Created environment configuration
[2025-06-15 21:05:56] [Info] Creating ESLint configuration...
[2025-06-15 21:05:56] [Success] Created ESLint configuration
[2025-06-15 21:05:56] [Info] Verifying directory structure...
[2025-06-15 21:05:56] [Error] Project structure scaffolding failed: The term 'Test-DirectoryStructure' is not recognized as the name of a cmdlet, function, script file, or operable program. Check the spelling of the name, or if a path was included, verify that the path is correct and try again.
[2025-06-15 21:06:16] [Info] === Project Structure Scaffolding - Phase 1 ===
[2025-06-15 21:06:16] [Info] Working in project root: D:\Protozoa
[2025-06-15 21:06:16] [Info] Scaffolding domains: rendering, animation, effect, trait, physics, particle, formation, group, rng, bitcoin
[2025-06-15 21:06:16] [Info] Creating base directory structure...
[2025-06-15 21:06:16] [Info] Creating domain-specific directories...
[2025-06-15 21:06:16] [Success] Domain scaffolded: rendering
[2025-06-15 21:06:16] [Success] Domain scaffolded: animation
[2025-06-15 21:06:16] [Success] Domain scaffolded: effect
[2025-06-15 21:06:16] [Success] Domain scaffolded: trait
[2025-06-15 21:06:16] [Success] Domain scaffolded: physics
[2025-06-15 21:06:16] [Success] Domain scaffolded: particle
[2025-06-15 21:06:16] [Success] Domain scaffolded: formation
[2025-06-15 21:06:16] [Success] Domain scaffolded: group
[2025-06-15 21:06:16] [Success] Domain scaffolded: rng
[2025-06-15 21:06:16] [Success] Domain scaffolded: bitcoin
[2025-06-15 21:06:17] [Info] Creating shared infrastructure stubs...
[2025-06-15 21:06:17] [Success] Created shared logger utility
[2025-06-15 21:06:17] [Success] Created shared types definitions
[2025-06-15 21:06:17] [Success] Created environment configuration
[2025-06-15 21:06:17] [Info] Creating ESLint configuration...
[2025-06-15 21:06:17] [Success] Created ESLint configuration
[2025-06-15 21:06:17] [Info] Verifying directory structure...
[2025-06-15 21:06:17] [Success] Directory structure verification passed
[2025-06-15 21:06:17] [Info] Structure Summary:
[2025-06-15 21:06:17] [Info]   - 10 domains scaffolded
[2025-06-15 21:06:17] [Info]   - Shared infrastructure created
[2025-06-15 21:06:17] [Info]   - Test directories mirrored
[2025-06-15 21:06:17] [Info]   - TypeScript path aliases configured
[2025-06-15 21:06:17] [Success] Project structure scaffolding complete!
[2025-06-15 21:06:17] [Info] Next: Run 02-GenerateDomainStubs.ps1 to create service skeletons
[2025-06-15 21:52:42] [Info] === ENVIRONMENT CONFIGURATION SERVICE GENERATION ===
[2025-06-15 21:52:43] [Info] Generating centralized environment configuration for Bitcoin Ordinals API endpoints
[2025-06-15 21:52:43] [Error] Project structure validation failed: The term 'Test-ProjectStructure' is not recognized as the name of a cmdlet, function, script file, or operable program. Check the spelling of the name, or if a path was included, verify that the path is correct and try again.
[2025-06-15 21:53:29] [Info] === ENVIRONMENT CONFIGURATION SERVICE GENERATION ===
[2025-06-15 21:53:29] [Info] Generating centralized environment configuration for Bitcoin Ordinals API endpoints
[2025-06-15 21:53:29] [Info] Project structure validation passed
[2025-06-15 21:53:29] [Info] Environment configuration paths:
[2025-06-15 21:53:29] [Info]   Config: D:\Protozoa\src\shared\config
[2025-06-15 21:53:29] [Info]   Service: D:\Protozoa\src\domains\bitcoin\services
[2025-06-15 21:53:29] [Info]   Types: D:\Protozoa\src\domains\bitcoin\types
[2025-06-15 21:53:29] [Info] Creating directory: D:\Protozoa\src\shared\config
[2025-06-15 21:53:29] [Info] Creating directory: D:\Protozoa\src\domains\bitcoin\services
[2025-06-15 21:53:29] [Info] Creating directory: D:\Protozoa\src\domains\bitcoin\types
[2025-06-15 21:53:29] [Info] Generating environment types: D:\Protozoa\src\domains\bitcoin\types\environment.types.ts
[2025-06-15 21:53:29] [Success] Created environment types file
[2025-06-15 21:53:29] [Info] Generating environment configuration: D:\Protozoa\src\shared\config\environment.config.ts
[2025-06-15 21:53:29] [Success] Created environment configuration file
[2025-06-15 21:53:29] [Info] Generating environment service: D:\Protozoa\src\domains\bitcoin\services\EnvironmentService.ts
[2025-06-15 21:53:29] [Success] Created environment service file
[2025-06-15 21:53:29] [Info] Environment Configuration Generation Summary:
[2025-06-15 21:53:29] [Info]   Types: D:\Protozoa\src\domains\bitcoin\types\environment.types.ts
[2025-06-15 21:53:29] [Info]   Config: D:\Protozoa\src\shared\config\environment.config.ts
[2025-06-15 21:53:29] [Info]   Service: D:\Protozoa\src\domains\bitcoin\services\EnvironmentService.ts
[2025-06-15 21:53:29] [Success] Environment Configuration Service generation completed!
[2025-06-15 21:53:29] [Info] Gap 1 resolved: Centralized EnvConfigService for dev/prod API endpoints
[2025-06-15 21:54:24] [Info] === PARTICLE INITIALIZATION SERVICE GENERATION ===
[2025-06-15 21:54:25] [Info] Extracting particle initialization logic into dedicated service
[2025-06-15 21:54:25] [Info] Project structure validation passed
[2025-06-15 21:54:25] [Info] Particle service paths:
[2025-06-15 21:54:25] [Info]   Services: D:\Protozoa\src\domains\particle\services
[2025-06-15 21:54:25] [Info]   Types: D:\Protozoa\src\domains\particle\types
[2025-06-15 21:54:25] [Info] Creating directory: D:\Protozoa\src\domains\particle\services
[2025-06-15 21:54:25] [Info] Creating directory: D:\Protozoa\src\domains\particle\types
[2025-06-15 21:54:25] [Info] Generating particle initialization types: D:\Protozoa\src\domains\particle\types\particleInit.types.ts
[2025-06-15 21:54:25] [Success] Created particle initialization types file
[2025-06-15 21:54:25] [Info] Generating particle initialization service: D:\Protozoa\src\domains\particle\services\ParticleInitService.ts
[2025-06-15 21:54:25] [Success] Created particle initialization service file
[2025-06-15 21:54:25] [Info] Particle Initialization Service Generation Summary:
[2025-06-15 21:54:25] [Info]   Types: D:\Protozoa\src\domains\particle\types\particleInit.types.ts
[2025-06-15 21:54:25] [Info]   Service: D:\Protozoa\src\domains\particle\services\ParticleInitService.ts
[2025-06-15 21:54:25] [Success] Particle Initialization Service generation completed!
[2025-06-15 21:54:25] [Info] Gap 2 resolved: ParticleInitService extracted from ParticleService per audit
[2025-06-15 21:54:37] [Info] === FORMATION BLENDING & CACHING SERVICE GENERATION ===
[2025-06-15 21:54:37] [Info] Generating formation blending service with intelligent caching
[2025-06-15 21:54:37] [Info] Project structure validation passed
[2025-06-15 21:54:37] [Info] Formation service paths:
[2025-06-15 21:54:37] [Info]   Services: D:\Protozoa\src\domains\formation\services
[2025-06-15 21:54:37] [Info]   Types: D:\Protozoa\src\domains\formation\types
[2025-06-15 21:54:37] [Info]   Utils: D:\Protozoa\src\domains\formation\utils
[2025-06-15 21:54:37] [Info] Creating directory: D:\Protozoa\src\domains\formation\services
[2025-06-15 21:54:37] [Info] Creating directory: D:\Protozoa\src\domains\formation\types
[2025-06-15 21:54:37] [Info] Creating directory: D:\Protozoa\src\domains\formation\utils
[2025-06-15 21:54:37] [Info] Generating formation blending types: D:\Protozoa\src\domains\formation\types\formationBlending.types.ts
[2025-06-15 21:54:37] [Success] Created formation blending types file
[2025-06-15 21:54:37] [Info] Generating formation blending service: D:\Protozoa\src\domains\formation\services\FormationBlendingService.ts
[2025-06-15 21:54:37] [Success] Created formation blending service file
[2025-06-15 21:54:37] [Info] Formation Blending & Caching Service Generation Summary:
[2025-06-15 21:54:37] [Info]   Types: D:\Protozoa\src\domains\formation\types\formationBlending.types.ts
[2025-06-15 21:54:37] [Info]   Service: D:\Protozoa\src\domains\formation\services\FormationBlendingService.ts
[2025-06-15 21:54:37] [Success] Formation Blending & Caching Service generation completed!
[2025-06-15 21:54:37] [Info] Gap 3 resolved: FormationBlendingService with intelligent caching per audit
[2025-06-17 21:06:38] [Info] === NEW-PROTOZOA AUTOMATION PIPELINE ===
[2025-06-17 21:06:39] [Info] Starting complete project setup automation...
[2025-06-17 21:06:39] [Info] === PHASE 0 : Environment setup and dependencies ===
[2025-06-17 21:06:39] [Info] Executing: 00-InitEnvironment.ps1
[2025-06-17 21:06:39] [Info] === Environment Initialization - Phase 0 ===
[2025-06-17 21:06:39] [Success] PowerShell environment validated: 5.1.26100.4202
[2025-06-17 21:06:39] [Warning] Not running as administrator. Some global installs may require elevation.
[2025-06-17 21:06:39] [Info] Consider running PowerShell as Administrator for best results.
[2025-06-17 21:06:39] [Info] Checking Node.js installation (target: LTS)...
[2025-06-17 21:06:39] [Success] Node.js already installed: v20.11.1
[2025-06-17 21:06:39] [Info] Use -Force to reinstall Node.js
[2025-06-17 21:06:39] [Info] Checking pnpm installation...
[2025-06-17 21:06:39] [Info] pnpm not found, installing via npm...
[2025-06-17 21:06:39] [Info] Installing pnpm globally...
[2025-06-17 21:06:42] [Success] pnpm installation completed
[2025-06-17 21:06:42] [Success] pnpm verified: v10.12.1
[2025-06-17 21:06:43] [Info] Setting up project workspace...
[2025-06-17 21:06:43] [Info] Initializing package.json...
[2025-06-17 21:06:43] [Error] Operation failed 'Project Dependencies Setup': G«ÎERRORG«Î Unknown option: 'y'
[2025-06-17 21:06:43] [Error] Environment initialization failed: G«ÎERRORG«Î Unknown option: 'y'
[2025-06-17 21:06:43] [Error] Stack trace: at <ScriptBlock>, C:\Users\rober\AppData\Roaming\npm\pnpm.ps1: line 24
at <ScriptBlock>, D:\Protozoa\scripts\00-InitEnvironment.ps1: line 168
at Invoke-ScriptWithErrorHandling, D:\Protozoa\scripts\utils.psm1: line 494
at <ScriptBlock>, D:\Protozoa\scripts\00-InitEnvironment.ps1: line 157
at <ScriptBlock>, D:\Protozoa\scripts\runAll.ps1: line 112
at <ScriptBlock>, <No file>: line 1
[2025-06-17 21:06:43] [Info] Error details saved to: .env-setup-failed
[2025-06-17 21:06:43] [Error] PHASE 0 FAILED: Script exited with code 1
[2025-06-17 21:07:01] [Error] Automation pipeline aborted by user
[2025-06-17 21:07:01] [Info] === AUTOMATION PIPELINE SUMMARY ===
[2025-06-17 21:07:01] [Info] Total execution time: 0.37 minutes
[2025-06-17 21:07:01] [Info] Results: 0 succeeded,  failed, 0 missing
[2025-06-17 21:07:01] [Info]   Phase 0: ‚ùå 00-InitEnvironment.ps1 (4.1s)
[2025-06-17 21:07:01] [Warning]     Error: Script exited with code 1
[2025-06-17 21:07:01] [Error] ‚ùå AUTOMATION FAILED
[2025-06-17 21:07:01] [Info] Critical failures occurred. Review logs and resolve issues before retrying.
[2025-06-17 21:07:38] [Info] === NEW-PROTOZOA AUTOMATION PIPELINE ===
[2025-06-17 21:07:38] [Info] Starting complete project setup automation...
[2025-06-17 21:07:38] [Info] === PHASE 0 : Environment setup and dependencies ===
[2025-06-17 21:07:38] [Info] Executing: 00-InitEnvironment.ps1
[2025-06-17 21:07:38] [Info] === Environment Initialization - Phase 0 ===
[2025-06-17 21:07:39] [Success] PowerShell environment validated: 5.1.26100.4202
[2025-06-17 21:07:39] [Warning] Not running as administrator. Some global installs may require elevation.
[2025-06-17 21:07:39] [Info] Consider running PowerShell as Administrator for best results.
[2025-06-17 21:07:39] [Info] Checking Node.js installation (target: LTS)...
[2025-06-17 21:07:39] [Success] Node.js already installed: v20.11.1
[2025-06-17 21:07:39] [Info] Use -Force to reinstall Node.js
[2025-06-17 21:07:39] [Info] Checking pnpm installation...
[2025-06-17 21:07:39] [Success] pnpm already installed: v10.12.1
[2025-06-17 21:07:39] [Info] Setting up project workspace...
[2025-06-17 21:07:39] [Info] Initializing package.json...
[2025-06-17 21:07:40] [Error] Operation failed 'Project Dependencies Setup': G«ÎERRORG«Î Unknown option: 'yes'
[2025-06-17 21:07:40] [Error] Environment initialization failed: G«ÎERRORG«Î Unknown option: 'yes'
[2025-06-17 21:07:40] [Error] Stack trace: at <ScriptBlock>, C:\Users\rober\AppData\Roaming\npm\pnpm.ps1: line 24
at <ScriptBlock>, D:\Protozoa\scripts\00-InitEnvironment.ps1: line 168
at Invoke-ScriptWithErrorHandling, D:\Protozoa\scripts\utils.psm1: line 494
at <ScriptBlock>, D:\Protozoa\scripts\00-InitEnvironment.ps1: line 157
at <ScriptBlock>, D:\Protozoa\scripts\runAll.ps1: line 112
at <ScriptBlock>, <No file>: line 1
[2025-06-17 21:07:40] [Info] Error details saved to: .env-setup-failed
[2025-06-17 21:07:40] [Error] PHASE 0 FAILED: Script exited with code 1
[2025-06-17 21:07:46] [Error] Automation pipeline aborted by user
[2025-06-17 21:07:46] [Info] === AUTOMATION PIPELINE SUMMARY ===
[2025-06-17 21:07:46] [Info] Total execution time: 0.13 minutes
[2025-06-17 21:07:46] [Info] Results: 0 succeeded,  failed, 0 missing
[2025-06-17 21:07:46] [Info]   Phase 0: ‚ùå 00-InitEnvironment.ps1 (1.1s)
[2025-06-17 21:07:46] [Warning]     Error: Script exited with code 1
[2025-06-17 21:07:46] [Error] ‚ùå AUTOMATION FAILED
[2025-06-17 21:07:46] [Info] Critical failures occurred. Review logs and resolve issues before retrying.
[2025-06-17 21:08:23] [Info] === NEW-PROTOZOA AUTOMATION PIPELINE ===
[2025-06-17 21:08:23] [Info] Starting complete project setup automation...
[2025-06-17 21:08:23] [Info] === PHASE 0 : Environment setup and dependencies ===
[2025-06-17 21:08:23] [Info] Executing: 00-InitEnvironment.ps1
[2025-06-17 21:08:23] [Info] === Environment Initialization - Phase 0 ===
[2025-06-17 21:08:23] [Success] PowerShell environment validated: 5.1.26100.4202
[2025-06-17 21:08:23] [Warning] Not running as administrator. Some global installs may require elevation.
[2025-06-17 21:08:23] [Info] Consider running PowerShell as Administrator for best results.
[2025-06-17 21:08:23] [Info] Checking Node.js installation (target: LTS)...
[2025-06-17 21:08:23] [Success] Node.js already installed: v20.11.1
[2025-06-17 21:08:23] [Info] Use -Force to reinstall Node.js
[2025-06-17 21:08:23] [Info] Checking pnpm installation...
[2025-06-17 21:08:24] [Success] pnpm already installed: v10.12.1
[2025-06-17 21:08:24] [Info] Setting up project workspace...
[2025-06-17 21:08:24] [Info] package.json already exists
[2025-06-17 21:08:24] [Info] Installing development dependencies...
[2025-06-17 21:08:38] [Success] Development dependencies installed: 6 packages
[2025-06-17 21:08:38] [Info] Installing production dependencies...
[2025-06-17 21:08:49] [Success] Production dependencies installed: 5 packages
[2025-06-17 21:08:49] [Success] All critical packages verified in package.json
[2025-06-17 21:08:49] [Info] === Environment Setup Summary ===
[2025-06-17 21:08:50] [Info] Environment Configuration:
[2025-06-17 21:08:50] [Info]   Timestamp : 2025-06-17 21:08:50
[2025-06-17 21:08:50] [Info]   NodeJS : v20.11.1
[2025-06-17 21:08:50] [Info]   ExecutionPolicy : RemoteSigned
[2025-06-17 21:08:50] [Info]   pnpm : v10.12.1
[2025-06-17 21:08:50] [Info]   ProjectRoot : D:\Protozoa
[2025-06-17 21:08:50] [Info]   PowerShell : 5.1.26100.4202
[2025-06-17 21:08:50] [Info]   Administrator : False
[2025-06-17 21:08:50] [Success] Environment setup marker created: .env-setup-complete
[2025-06-17 21:08:50] [Success] üéâ Environment initialization completed successfully!
[2025-06-17 21:08:51] [Info] Ready for Phase 1: Project Structure Scaffolding
[2025-06-17 21:08:51] [Success] PHASE 0 completed successfully in 27.9125059 seconds
[2025-06-17 21:08:51] [Info] === PHASE 1 : Domain-driven directory structure ===
[2025-06-17 21:08:51] [Info] Executing: 01-ScaffoldProjectStructure.ps1
[2025-06-17 21:08:52] [Info] === Project Structure Scaffolding - Phase 1 ===
[2025-06-17 21:08:52] [Info] Working in project root: D:\Protozoa
[2025-06-17 21:08:52] [Info] Scaffolding domains: rendering, animation, effect, trait, physics, particle, formation, group, rng, bitcoin
[2025-06-17 21:08:52] [Info] Creating base directory structure...
[2025-06-17 21:08:52] [Info] Creating domain-specific directories...
[2025-06-17 21:08:53] [Success] Domain scaffolded: rendering
[2025-06-17 21:08:53] [Success] Domain scaffolded: animation
[2025-06-17 21:08:53] [Success] Domain scaffolded: effect
[2025-06-17 21:08:53] [Success] Domain scaffolded: trait
[2025-06-17 21:08:53] [Success] Domain scaffolded: physics
[2025-06-17 21:08:53] [Success] Domain scaffolded: particle
[2025-06-17 21:08:53] [Success] Domain scaffolded: formation
[2025-06-17 21:08:53] [Success] Domain scaffolded: group
[2025-06-17 21:08:53] [Success] Domain scaffolded: rng
[2025-06-17 21:08:53] [Success] Domain scaffolded: bitcoin
[2025-06-17 21:08:53] [Info] Creating shared infrastructure stubs...
[2025-06-17 21:08:53] [Success] Created shared logger utility
[2025-06-17 21:08:53] [Success] Created shared types definitions
[2025-06-17 21:08:53] [Success] Created environment configuration
[2025-06-17 21:08:53] [Info] Creating ESLint configuration...
[2025-06-17 21:08:53] [Success] Created ESLint configuration
[2025-06-17 21:08:53] [Info] Verifying directory structure...
[2025-06-17 21:08:53] [Success] Directory structure verification passed
[2025-06-17 21:08:53] [Info] Structure Summary:
[2025-06-17 21:08:53] [Info]   - 10 domains scaffolded
[2025-06-17 21:08:53] [Info]   - Shared infrastructure created
[2025-06-17 21:08:53] [Info]   - Test directories mirrored
[2025-06-17 21:08:53] [Info]   - TypeScript path aliases configured
[2025-06-17 21:08:53] [Success] Project structure scaffolding complete!
[2025-06-17 21:08:53] [Info] Next: Run 02-GenerateDomainStubs.ps1 to create service skeletons
[2025-06-17 21:08:53] [Success] PHASE 1 completed successfully in 1.2082145 seconds
[2025-06-17 21:08:53] [Info] === PHASE 2 : Service and interface stubs ===
[2025-06-17 21:08:53] [Info] Executing: 02-GenerateDomainStubs.ps1
[2025-06-17 21:08:53] [Info] === Domain Service Stub Generation ===
[2025-06-17 21:08:53] [Info] Generating service stubs for: rendering, animation, effect, trait, physics, particle, formation, group, rng, bitcoin
[2025-06-17 21:08:53] [Info] Generating RenderingService stub...
[2025-06-17 21:08:53] [Success] Generated: src/domains/rendering/services/RenderingService.ts
[2025-06-17 21:08:53] [Info] Generating AnimationService stub...
[2025-06-17 21:08:53] [Success] Generated: src/domains/animation/services/AnimationService.ts
[2025-06-17 21:08:53] [Info] Generating EffectService stub...
[2025-06-17 21:08:53] [Success] Generated: src/domains/effect/services/EffectService.ts
[2025-06-17 21:08:53] [Info] Generating TraitService stub...
[2025-06-17 21:08:53] [Success] Generated: src/domains/trait/services/TraitService.ts
[2025-06-17 21:08:53] [Info] Generating PhysicsService stub...
[2025-06-17 21:08:53] [Success] Generated: src/domains/physics/services/PhysicsService.ts
[2025-06-17 21:08:53] [Info] Generating ParticleService stub...
[2025-06-17 21:08:53] [Success] Generated: src/domains/particle/services/ParticleService.ts
[2025-06-17 21:08:53] [Info] Generating FormationService stub...
[2025-06-17 21:08:53] [Success] Generated: src/domains/formation/services/FormationService.ts
[2025-06-17 21:08:53] [Info] Generating GroupService stub...
[2025-06-17 21:08:53] [Success] Generated: src/domains/group/services/GroupService.ts
[2025-06-17 21:08:53] [Info] Generating RngService stub...
[2025-06-17 21:08:53] [Success] Generated: src/domains/rng/services/RngService.ts
[2025-06-17 21:08:53] [Info] Generating BitcoinService stub...
[2025-06-17 21:08:53] [Success] Generated: src/domains/bitcoin/services/BitcoinService.ts
[2025-06-17 21:08:53] [Info] Creating domain service index...
[2025-06-17 21:08:53] [Success] Created domain service index
[2025-06-17 21:08:53] [Info] Verifying TypeScript compilation...
[2025-06-17 21:08:53] [Error] TypeScript compilation failed: The term 'Test-TypeScriptCompiles' is not recognized as the name of a cmdlet, function, script file, or operable program. Check the spelling of the name, or if a path was included, verify that the path is correct and try again.
[2025-06-17 21:08:53] [Info] Generation Summary:
[2025-06-17 21:08:53] [Info]   - 10 service stubs created
[2025-06-17 21:08:53] [Info]   - All interfaces defined with proper contracts
[2025-06-17 21:08:53] [Info]   - Singleton patterns implemented
[2025-06-17 21:08:53] [Info]   - Winston logging configured
[2025-06-17 21:08:53] [Info]   - Proper dispose() methods added
[2025-06-17 21:08:53] [Success] Domain service stub generation complete!
[2025-06-17 21:08:53] [Info] Next: Run 03-MoveAndCleanCodebase.ps1 to clean legacy files
[2025-06-17 21:08:53] [Success] PHASE 2 completed successfully in 0.3296458 seconds
[2025-06-17 21:08:53] [Info] === PHASE 3 : Legacy code cleanup ===
[2025-06-17 21:08:53] [Info] Executing: 03-MoveAndCleanCodebase.ps1
[2025-06-17 21:08:53] [Info] === Codebase Migration and Cleanup ===
[2025-06-17 21:08:53] [Info] Removing backup and legacy files...
[2025-06-17 21:08:53] [Info] Moving test files out of src directory...
[2025-06-17 21:08:53] [Info] Removing duplicate and obsolete files...
[2025-06-17 21:08:53] [Info] Checking for oversize files (>500 lines)...
[2025-06-17 21:08:53] [Info] Updating import paths in TypeScript files...
[2025-06-17 21:08:53] [Info] Removing empty directories...
[2025-06-17 21:08:53] [Info] Verifying post-cleanup directory structure...
[2025-06-17 21:08:53] [Error] Required path missing after cleanup: src/domains
[2025-06-17 21:08:53] [Error] Required path missing after cleanup: src/shared
[2025-06-17 21:08:53] [Error] Required path missing after cleanup: tests
[2025-06-17 21:08:53] [Error] Directory structure validation failed
[2025-06-17 21:08:53] [Error] PHASE 3 FAILED: Script exited with code 1
[2025-06-17 21:09:18] [Error] Automation pipeline aborted by user
[2025-06-17 21:09:18] [Info] === AUTOMATION PIPELINE SUMMARY ===
[2025-06-17 21:09:18] [Info] Total execution time: 0.92 minutes
[2025-06-17 21:09:18] [Info] Results: 3 succeeded,  failed, 0 missing
[2025-06-17 21:09:18] [Info]   Phase 0: ‚úÖ 00-InitEnvironment.ps1 (27.9s)
[2025-06-17 21:09:18] [Info]   Phase 1: ‚úÖ 01-ScaffoldProjectStructure.ps1 (1.2s)
[2025-06-17 21:09:18] [Info]   Phase 2: ‚úÖ 02-GenerateDomainStubs.ps1 (0.3s)
[2025-06-17 21:09:18] [Info]   Phase 3: ‚ùå 03-MoveAndCleanCodebase.ps1 (0.1s)
[2025-06-17 21:09:18] [Warning]     Error: Script exited with code 1
[2025-06-17 21:09:18] [Warning] ‚ö†Ô∏è AUTOMATION PARTIALLY COMPLETED
[2025-06-17 21:09:18] [Info] Some phases succeeded, but manual intervention may be required.
[2025-06-17 21:09:18] [Info] Check the error messages above and resolve issues before proceeding.
[2025-06-17 21:10:12] [Info] === NEW-PROTOZOA AUTOMATION PIPELINE ===
[2025-06-17 21:10:12] [Info] Starting complete project setup automation...
[2025-06-17 21:10:12] [Info] === PHASE 0 : Environment setup and dependencies ===
[2025-06-17 21:10:12] [Info] Executing: 00-InitEnvironment.ps1
[2025-06-17 21:10:12] [Info] === Environment Initialization - Phase 0 ===
[2025-06-17 21:10:12] [Success] PowerShell environment validated: 5.1.26100.4202
[2025-06-17 21:10:12] [Warning] Not running as administrator. Some global installs may require elevation.
[2025-06-17 21:10:12] [Info] Consider running PowerShell as Administrator for best results.
[2025-06-17 21:10:12] [Info] Checking Node.js installation (target: LTS)...
[2025-06-17 21:10:12] [Success] Node.js already installed: v20.11.1
[2025-06-17 21:10:13] [Info] Use -Force to reinstall Node.js
[2025-06-17 21:10:13] [Info] Checking pnpm installation...
[2025-06-17 21:10:13] [Success] pnpm already installed: v10.12.1
[2025-06-17 21:10:13] [Info] Setting up project workspace...
[2025-06-17 21:10:13] [Info] package.json already exists
[2025-06-17 21:10:13] [Info] Installing development dependencies...
[2025-06-17 21:10:15] [Success] Development dependencies installed: 6 packages
[2025-06-17 21:10:15] [Info] Installing production dependencies...
[2025-06-17 21:10:16] [Success] Production dependencies installed: 5 packages
[2025-06-17 21:10:16] [Success] All critical packages verified in package.json
[2025-06-17 21:10:16] [Info] === Environment Setup Summary ===
[2025-06-17 21:10:17] [Info] Environment Configuration:
[2025-06-17 21:10:17] [Info]   Timestamp : 2025-06-17 21:10:17
[2025-06-17 21:10:17] [Info]   NodeJS : v20.11.1
[2025-06-17 21:10:17] [Info]   ExecutionPolicy : RemoteSigned
[2025-06-17 21:10:17] [Info]   pnpm : v10.12.1
[2025-06-17 21:10:17] [Info]   ProjectRoot : D:\Protozoa
[2025-06-17 21:10:17] [Info]   PowerShell : 5.1.26100.4202
[2025-06-17 21:10:17] [Info]   Administrator : False
[2025-06-17 21:10:17] [Success] Environment setup marker created: .env-setup-complete
[2025-06-17 21:10:17] [Success] üéâ Environment initialization completed successfully!
[2025-06-17 21:10:17] [Info] Ready for Phase 1: Project Structure Scaffolding
[2025-06-17 21:10:17] [Success] PHASE 0 completed successfully in 4.4489862 seconds
[2025-06-17 21:10:17] [Info] === PHASE 1 : Domain-driven directory structure ===
[2025-06-17 21:10:17] [Info] Executing: 01-ScaffoldProjectStructure.ps1
[2025-06-17 21:10:17] [Info] === Project Structure Scaffolding - Phase 1 ===
[2025-06-17 21:10:17] [Info] Working in project root: D:\Protozoa
[2025-06-17 21:10:17] [Info] Scaffolding domains: rendering, animation, effect, trait, physics, particle, formation, group, rng, bitcoin
[2025-06-17 21:10:17] [Info] Creating base directory structure...
[2025-06-17 21:10:17] [Info] Creating domain-specific directories...
[2025-06-17 21:10:17] [Success] Domain scaffolded: rendering
[2025-06-17 21:10:17] [Success] Domain scaffolded: animation
[2025-06-17 21:10:17] [Success] Domain scaffolded: effect
[2025-06-17 21:10:17] [Success] Domain scaffolded: trait
[2025-06-17 21:10:17] [Success] Domain scaffolded: physics
[2025-06-17 21:10:17] [Success] Domain scaffolded: particle
[2025-06-17 21:10:17] [Success] Domain scaffolded: formation
[2025-06-17 21:10:17] [Success] Domain scaffolded: group
[2025-06-17 21:10:17] [Success] Domain scaffolded: rng
[2025-06-17 21:10:17] [Success] Domain scaffolded: bitcoin
[2025-06-17 21:10:17] [Info] Creating shared infrastructure stubs...
[2025-06-17 21:10:17] [Success] Created shared logger utility
[2025-06-17 21:10:17] [Success] Created shared types definitions
[2025-06-17 21:10:17] [Success] Created environment configuration
[2025-06-17 21:10:17] [Info] Creating ESLint configuration...
[2025-06-17 21:10:17] [Success] Created ESLint configuration
[2025-06-17 21:10:17] [Info] Verifying directory structure...
[2025-06-17 21:10:17] [Success] Directory structure verification passed
[2025-06-17 21:10:17] [Info] Structure Summary:
[2025-06-17 21:10:17] [Info]   - 10 domains scaffolded
[2025-06-17 21:10:17] [Info]   - Shared infrastructure created
[2025-06-17 21:10:17] [Info]   - Test directories mirrored
[2025-06-17 21:10:17] [Info]   - TypeScript path aliases configured
[2025-06-17 21:10:17] [Success] Project structure scaffolding complete!
[2025-06-17 21:10:17] [Info] Next: Run 02-GenerateDomainStubs.ps1 to create service skeletons
[2025-06-17 21:10:17] [Success] PHASE 1 completed successfully in 0.0722689 seconds
[2025-06-17 21:10:17] [Info] === PHASE 2 : Service and interface stubs ===
[2025-06-17 21:10:17] [Info] Executing: 02-GenerateDomainStubs.ps1
[2025-06-17 21:10:17] [Info] === Domain Service Stub Generation ===
[2025-06-17 21:10:17] [Info] Generating service stubs for: rendering, animation, effect, trait, physics, particle, formation, group, rng, bitcoin
[2025-06-17 21:10:17] [Info] Generating RenderingService stub...
[2025-06-17 21:10:17] [Success] Generated: src/domains/rendering/services/RenderingService.ts
[2025-06-17 21:10:17] [Info] Generating AnimationService stub...
[2025-06-17 21:10:17] [Success] Generated: src/domains/animation/services/AnimationService.ts
[2025-06-17 21:10:17] [Info] Generating EffectService stub...
[2025-06-17 21:10:17] [Success] Generated: src/domains/effect/services/EffectService.ts
[2025-06-17 21:10:17] [Info] Generating TraitService stub...
[2025-06-17 21:10:17] [Success] Generated: src/domains/trait/services/TraitService.ts
[2025-06-17 21:10:17] [Info] Generating PhysicsService stub...
[2025-06-17 21:10:17] [Success] Generated: src/domains/physics/services/PhysicsService.ts
[2025-06-17 21:10:17] [Info] Generating ParticleService stub...
[2025-06-17 21:10:17] [Success] Generated: src/domains/particle/services/ParticleService.ts
[2025-06-17 21:10:17] [Info] Generating FormationService stub...
[2025-06-17 21:10:17] [Success] Generated: src/domains/formation/services/FormationService.ts
[2025-06-17 21:10:17] [Info] Generating GroupService stub...
[2025-06-17 21:10:17] [Success] Generated: src/domains/group/services/GroupService.ts
[2025-06-17 21:10:17] [Info] Generating RngService stub...
[2025-06-17 21:10:17] [Success] Generated: src/domains/rng/services/RngService.ts
[2025-06-17 21:10:17] [Info] Generating BitcoinService stub...
[2025-06-17 21:10:17] [Success] Generated: src/domains/bitcoin/services/BitcoinService.ts
[2025-06-17 21:10:17] [Info] Creating domain service index...
[2025-06-17 21:10:17] [Success] Created domain service index
[2025-06-17 21:10:17] [Info] Verifying TypeScript compilation...
[2025-06-17 21:10:17] [Error] TypeScript compilation failed: The term 'Test-TypeScriptCompiles' is not recognized as the name of a cmdlet, function, script file, or operable program. Check the spelling of the name, or if a path was included, verify that the path is correct and try again.
[2025-06-17 21:10:17] [Info] Generation Summary:
[2025-06-17 21:10:17] [Info]   - 10 service stubs created
[2025-06-17 21:10:17] [Info]   - All interfaces defined with proper contracts
[2025-06-17 21:10:17] [Info]   - Singleton patterns implemented
[2025-06-17 21:10:17] [Info]   - Winston logging configured
[2025-06-17 21:10:17] [Info]   - Proper dispose() methods added
[2025-06-17 21:10:17] [Success] Domain service stub generation complete!
[2025-06-17 21:10:17] [Info] Next: Run 03-MoveAndCleanCodebase.ps1 to clean legacy files
[2025-06-17 21:10:17] [Success] PHASE 2 completed successfully in 0.1614743 seconds
[2025-06-17 21:10:17] [Info] === PHASE 3 : Legacy code cleanup ===
[2025-06-17 21:10:17] [Info] Executing: 03-MoveAndCleanCodebase.ps1
[2025-06-17 21:10:17] [Info] === Codebase Migration and Cleanup ===
[2025-06-17 21:10:17] [Info] Removing backup and legacy files...
[2025-06-17 21:10:18] [Warning] Removing debug file: D:\Protozoa\node_modules\.pnpm\eslint@9.29.0\node_modules\eslint\lib\linter\code-path-analysis\debug-helpers.js
[2025-06-17 21:10:18] [Warning] Removing debug file: D:\Protozoa\node_modules\.pnpm\yaml@2.8.0\node_modules\yaml\dist\test-events.d.ts
[2025-06-17 21:10:18] [Warning] Removing debug file: D:\Protozoa\node_modules\.pnpm\yaml@2.8.0\node_modules\yaml\dist\test-events.js
[2025-06-17 21:10:18] [Info] Moving test files out of src directory...
[2025-06-17 21:10:18] [Info] Removing duplicate and obsolete files...
[2025-06-17 21:10:18] [Info] Checking for oversize files (>500 lines)...
[2025-06-17 21:10:18] [Error] PHASE 3 FAILED: The term 'Get-FileLineCount' is not recognized as the name of a cmdlet, function, script file, or operable program. Check the spelling of the name, or if a path was included, verify that the path is correct and try again.
[2025-06-17 21:10:23] [Error] Automation pipeline aborted by user
[2025-06-17 21:10:23] [Info] === AUTOMATION PIPELINE SUMMARY ===
[2025-06-17 21:10:23] [Info] Total execution time: 0.17 minutes
[2025-06-17 21:10:23] [Info] Results: 3 succeeded,  failed, 0 missing
[2025-06-17 21:10:23] [Info]   Phase 0: ‚úÖ 00-InitEnvironment.ps1 (4.4s)
[2025-06-17 21:10:23] [Info]   Phase 1: ‚úÖ 01-ScaffoldProjectStructure.ps1 (0.1s)
[2025-06-17 21:10:23] [Info]   Phase 2: ‚úÖ 02-GenerateDomainStubs.ps1 (0.2s)
[2025-06-17 21:10:23] [Info]   Phase 3: ‚ùå 03-MoveAndCleanCodebase.ps1 (0.8s)
[2025-06-17 21:10:23] [Warning]     Error: The term 'Get-FileLineCount' is not recognized as the name of a cmdlet, function, script file, or operable program. Check the spelling of the name, or if a path was included, verify that the path is correct and try again.
[2025-06-17 21:10:23] [Warning] ‚ö†Ô∏è AUTOMATION PARTIALLY COMPLETED
[2025-06-17 21:10:23] [Info] Some phases succeeded, but manual intervention may be required.
[2025-06-17 21:10:23] [Info] Check the error messages above and resolve issues before proceeding.
[2025-06-17 21:10:40] [Info] === NEW-PROTOZOA AUTOMATION PIPELINE ===
[2025-06-17 21:10:40] [Info] Starting complete project setup automation...
[2025-06-17 21:10:40] [Info] === PHASE 0 : Environment setup and dependencies ===
[2025-06-17 21:10:40] [Info] Executing: 00-InitEnvironment.ps1
[2025-06-17 21:10:40] [Info] === Environment Initialization - Phase 0 ===
[2025-06-17 21:10:40] [Success] PowerShell environment validated: 5.1.26100.4202
[2025-06-17 21:10:40] [Warning] Not running as administrator. Some global installs may require elevation.
[2025-06-17 21:10:40] [Info] Consider running PowerShell as Administrator for best results.
[2025-06-17 21:10:40] [Info] Checking Node.js installation (target: LTS)...
[2025-06-17 21:10:40] [Success] Node.js already installed: v20.11.1
[2025-06-17 21:10:40] [Info] Use -Force to reinstall Node.js
[2025-06-17 21:10:40] [Info] Checking pnpm installation...
[2025-06-17 21:10:41] [Success] pnpm already installed: v10.12.1
[2025-06-17 21:10:41] [Info] Setting up project workspace...
[2025-06-17 21:10:41] [Info] package.json already exists
[2025-06-17 21:10:41] [Info] Installing development dependencies...
[2025-06-17 21:10:43] [Success] Development dependencies installed: 6 packages
[2025-06-17 21:10:43] [Info] Installing production dependencies...
[2025-06-17 21:10:44] [Success] Production dependencies installed: 5 packages
[2025-06-17 21:10:44] [Success] All critical packages verified in package.json
[2025-06-17 21:10:44] [Info] === Environment Setup Summary ===
[2025-06-17 21:10:45] [Info] Environment Configuration:
[2025-06-17 21:10:45] [Info]   Timestamp : 2025-06-17 21:10:45
[2025-06-17 21:10:45] [Info]   NodeJS : v20.11.1
[2025-06-17 21:10:45] [Info]   ExecutionPolicy : RemoteSigned
[2025-06-17 21:10:45] [Info]   pnpm : v10.12.1
[2025-06-17 21:10:45] [Info]   ProjectRoot : D:\Protozoa
[2025-06-17 21:10:45] [Info]   PowerShell : 5.1.26100.4202
[2025-06-17 21:10:45] [Info]   Administrator : False
[2025-06-17 21:10:45] [Success] Environment setup marker created: .env-setup-complete
[2025-06-17 21:10:45] [Success] üéâ Environment initialization completed successfully!
[2025-06-17 21:10:45] [Info] Ready for Phase 1: Project Structure Scaffolding
[2025-06-17 21:10:45] [Success] PHASE 0 completed successfully in 4.6991543 seconds
[2025-06-17 21:10:45] [Info] === PHASE 1 : Domain-driven directory structure ===
[2025-06-17 21:10:45] [Info] Executing: 01-ScaffoldProjectStructure.ps1
[2025-06-17 21:10:45] [Info] === Project Structure Scaffolding - Phase 1 ===
[2025-06-17 21:10:45] [Info] Working in project root: D:\Protozoa
[2025-06-17 21:10:45] [Info] Scaffolding domains: rendering, animation, effect, trait, physics, particle, formation, group, rng, bitcoin
[2025-06-17 21:10:45] [Info] Creating base directory structure...
[2025-06-17 21:10:45] [Info] Creating domain-specific directories...
[2025-06-17 21:10:45] [Success] Domain scaffolded: rendering
[2025-06-17 21:10:45] [Success] Domain scaffolded: animation
[2025-06-17 21:10:45] [Success] Domain scaffolded: effect
[2025-06-17 21:10:45] [Success] Domain scaffolded: trait
[2025-06-17 21:10:45] [Success] Domain scaffolded: physics
[2025-06-17 21:10:45] [Success] Domain scaffolded: particle
[2025-06-17 21:10:45] [Success] Domain scaffolded: formation
[2025-06-17 21:10:45] [Success] Domain scaffolded: group
[2025-06-17 21:10:45] [Success] Domain scaffolded: rng
[2025-06-17 21:10:45] [Success] Domain scaffolded: bitcoin
[2025-06-17 21:10:45] [Info] Creating shared infrastructure stubs...
[2025-06-17 21:10:45] [Success] Created shared logger utility
[2025-06-17 21:10:45] [Success] Created shared types definitions
[2025-06-17 21:10:45] [Success] Created environment configuration
[2025-06-17 21:10:45] [Info] Creating ESLint configuration...
[2025-06-17 21:10:45] [Success] Created ESLint configuration
[2025-06-17 21:10:45] [Info] Verifying directory structure...
[2025-06-17 21:10:45] [Success] Directory structure verification passed
[2025-06-17 21:10:45] [Info] Structure Summary:
[2025-06-17 21:10:45] [Info]   - 10 domains scaffolded
[2025-06-17 21:10:45] [Info]   - Shared infrastructure created
[2025-06-17 21:10:45] [Info]   - Test directories mirrored
[2025-06-17 21:10:45] [Info]   - TypeScript path aliases configured
[2025-06-17 21:10:45] [Success] Project structure scaffolding complete!
[2025-06-17 21:10:45] [Info] Next: Run 02-GenerateDomainStubs.ps1 to create service skeletons
[2025-06-17 21:10:45] [Success] PHASE 1 completed successfully in 0.0750064 seconds
[2025-06-17 21:10:45] [Info] === PHASE 2 : Service and interface stubs ===
[2025-06-17 21:10:45] [Info] Executing: 02-GenerateDomainStubs.ps1
[2025-06-17 21:10:45] [Info] === Domain Service Stub Generation ===
[2025-06-17 21:10:45] [Info] Generating service stubs for: rendering, animation, effect, trait, physics, particle, formation, group, rng, bitcoin
[2025-06-17 21:10:45] [Warning] Service already exists, skipping: src/domains/rendering/services/RenderingService.ts
[2025-06-17 21:10:45] [Warning] Service already exists, skipping: src/domains/animation/services/AnimationService.ts
[2025-06-17 21:10:45] [Warning] Service already exists, skipping: src/domains/effect/services/EffectService.ts
[2025-06-17 21:10:45] [Warning] Service already exists, skipping: src/domains/trait/services/TraitService.ts
[2025-06-17 21:10:45] [Warning] Service already exists, skipping: src/domains/physics/services/PhysicsService.ts
[2025-06-17 21:10:45] [Warning] Service already exists, skipping: src/domains/particle/services/ParticleService.ts
[2025-06-17 21:10:45] [Warning] Service already exists, skipping: src/domains/formation/services/FormationService.ts
[2025-06-17 21:10:45] [Warning] Service already exists, skipping: src/domains/group/services/GroupService.ts
[2025-06-17 21:10:45] [Warning] Service already exists, skipping: src/domains/rng/services/RngService.ts
[2025-06-17 21:10:45] [Warning] Service already exists, skipping: src/domains/bitcoin/services/BitcoinService.ts
[2025-06-17 21:10:45] [Info] Creating domain service index...
[2025-06-17 21:10:45] [Success] Created domain service index
[2025-06-17 21:10:45] [Info] Verifying TypeScript compilation...
[2025-06-17 21:10:45] [Error] TypeScript compilation failed: The term 'Test-TypeScriptCompiles' is not recognized as the name of a cmdlet, function, script file, or operable program. Check the spelling of the name, or if a path was included, verify that the path is correct and try again.
[2025-06-17 21:10:45] [Info] Generation Summary:
[2025-06-17 21:10:45] [Info]   - 10 service stubs created
[2025-06-17 21:10:45] [Info]   - All interfaces defined with proper contracts
[2025-06-17 21:10:45] [Info]   - Singleton patterns implemented
[2025-06-17 21:10:45] [Info]   - Winston logging configured
[2025-06-17 21:10:45] [Info]   - Proper dispose() methods added
[2025-06-17 21:10:45] [Success] Domain service stub generation complete!
[2025-06-17 21:10:45] [Info] Next: Run 03-MoveAndCleanCodebase.ps1 to clean legacy files
[2025-06-17 21:10:45] [Success] PHASE 2 completed successfully in 0.061555 seconds
[2025-06-17 21:10:45] [Info] === PHASE 3 : Legacy code cleanup ===
[2025-06-17 21:10:45] [Info] Executing: 03-MoveAndCleanCodebase.ps1
[2025-06-17 21:10:45] [Info] === Codebase Migration and Cleanup ===
[2025-06-17 21:10:45] [Info] Removing backup and legacy files...
[2025-06-17 21:10:46] [Info] Moving test files out of src directory...
[2025-06-17 21:10:46] [Info] Removing duplicate and obsolete files...
[2025-06-17 21:10:46] [Info] Checking for oversize files (>500 lines)...
[2025-06-17 21:10:46] [Error] PHASE 3 FAILED: The term 'Get-FileLineCount' is not recognized as the name of a cmdlet, function, script file, or operable program. Check the spelling of the name, or if a path was included, verify that the path is correct and try again.
[2025-06-17 21:10:53] [Info] === PHASE 4 : Singleton pattern enforcement ===
[2025-06-17 21:10:53] [Info] Executing: 04-EnforceSingletonPatterns.ps1
[2025-06-17 21:10:53] [Info] === Singleton Pattern Enforcement - Phase 4 ===
[2025-06-17 21:10:53] [Info] Validating singleton patterns in project: D:\Protozoa
[2025-06-17 21:10:53] [Success] All singleton patterns validated successfully
[2025-06-17 21:10:53] [Success] Singleton pattern enforcement completed
[2025-06-17 21:10:53] [Success] PHASE 4 completed successfully in 0.1084273 seconds
[2025-06-17 21:10:53] [Info] === PHASE 5 : Architecture compliance verification ===
[2025-06-17 21:10:53] [Info] Executing: 05-VerifyCompliance.ps1
[2025-06-17 21:10:53] [Info] === Architecture Compliance Verification - Phase 5 ===
[2025-06-17 21:10:53] [Info] Verifying compliance in project: D:\Protozoa
[2025-06-17 21:10:53] [Success] All compliance checks passed
[2025-06-17 21:10:53] [Success] Compliance verification completed
[2025-06-17 21:10:53] [Success] PHASE 5 completed successfully in 0.3600003 seconds
[2025-06-17 21:10:53] [Info] === PHASE 6 : Domain-specific linting ===
[2025-06-17 21:10:53] [Info] Executing: 06-DomainLint.ps1
[2025-06-17 21:10:53] [Info] === Domain-Specific Linting - Phase 6 ===
[2025-06-17 21:10:54] [Info] Running domain linting in project: D:\Protozoa
[2025-06-17 21:10:54] [Error] Domain linting failed: A parameter cannot be found that matches parameter name 'and'.
[2025-06-17 21:10:54] [Error] PHASE 6 FAILED: Script exited with code 1
[2025-06-17 21:10:55] [Info] === PHASE 7 : Build verification and testing ===
[2025-06-17 21:10:55] [Info] Executing: 07-BuildAndTest.ps1
[2025-06-17 21:10:55] [Info] === Build and Test Validation - Phase 7 ===
[2025-06-17 21:10:56] [Info] Running build validation in project: D:\Protozoa
[2025-06-17 21:10:56] [Info] Checking TypeScript compilation...
[2025-06-17 21:10:56] [Warning] TypeScript compilation issues found:
[2025-06-17 21:10:56] [Warning] TypeScript compilation check failed: Cannot process argument transformation on parameter 'Message'. Cannot convert value to type System.String.
[2025-06-17 21:10:56] [Info] Checking for test scripts...
[2025-06-17 21:10:56] [Info] Running tests...
[2025-06-17 21:10:56] [Warning] Test execution failed: 'vitest' is not recognized as an internal or external command,
[2025-06-17 21:10:56] [Success] Build and test validation completed
[2025-06-17 21:10:56] [Success] PHASE 7 completed successfully in 0.8430075 seconds
[2025-06-17 21:10:56] [Info] === PHASE 8 : Pre-commit hooks and validation ===
[2025-06-17 21:10:56] [Info] Executing: 20-SetupPreCommitValidation.ps1
[2025-06-17 21:10:56] [Info] === Pre-commit Validation Setup - Phase 1 Infrastructure Enhancement ===
[2025-06-17 21:10:56] [Info] Installing Husky and configuring Git hooks for automated validation
[2025-06-17 21:10:56] [Info] Installing Husky and lint-staged packages
[2025-06-17 21:11:06] [Error] Pre-commit validation setup failed: Failed to install npm dependencies
[2025-06-17 21:11:06] [Error] PHASE 8 FAILED: Script exited with code 1
[2025-06-17 21:11:08] [Info] === PHASE 9 : Git initialization and GitHub deployment ===
[2025-06-17 21:11:08] [Info] Executing: 08-DeployToGitHub.ps1
[2025-06-17 21:11:08] [Info] === GitHub Deployment Setup ===
[2025-06-17 21:11:08] [Info] Preparing to deploy new-protozoa automation package to BTCEnoch/protozoa
[2025-06-17 21:11:08] [Info] Checking git installation...
[2025-06-17 21:11:08] [Success] Git installed: git version 2.49.0.windows.1
[2025-06-17 21:11:08] [Info] Git repository already exists
[2025-06-17 21:11:08] [Info] Creating .gitignore file...
[2025-06-17 21:11:08] [Success] Created .gitignore file
[2025-06-17 21:11:08] [Info] Creating repository README.md...
[2025-06-17 21:11:08] [Success] Created repository README.md
[2025-06-17 21:11:08] [Info] Staging files for git commit...
[2025-06-17 21:11:09] [Success] All files staged successfully
[2025-06-17 21:11:09] [Info] Creating initial commit...
[2025-06-17 21:11:09] [Success] Initial commit created successfully
[2025-06-17 21:11:09] [Info] Configuring remote repository...
[2025-06-17 21:11:09] [Info] Remote origin already configured: https://github.com/BTCEnoch/protozoa.git
[2025-06-17 21:11:09] [Info] Pushing to GitHub repository...
[2025-06-17 21:11:09] [Warning] You may be prompted for GitHub authentication...
[2025-06-17 21:11:10] [Warning] Push may have failed. Common issues:
[2025-06-17 21:11:10] [Info] - Authentication required (use GitHub CLI or personal access token)
[2025-06-17 21:11:10] [Info] - Repository may need to be made public
[2025-06-17 21:11:10] [Info] - Check GitHub repository settings
[2025-06-17 21:11:10] [Error] PHASE 9 FAILED: Cannot bind argument to parameter 'Message' because it is an empty string.
[2025-06-17 21:11:11] [Info] === PHASE 10 : Unified shared types generation ===
[2025-06-17 21:11:11] [Info] Executing: 16-GenerateSharedTypesService.ps1
[2025-06-17 21:11:11] [Info] === SHARED TYPES AND INTERFACES GENERATION ===
[2025-06-17 21:11:11] [Info] Generating cross-domain shared types for type safety and consistency
[2025-06-17 21:11:11] [Warning] Missing configuration file: D:\Protozoa\tsconfig.json
[2025-06-17 21:11:11] [Info] Project structure validation passed
[2025-06-17 21:11:11] [Info] Shared types paths:
[2025-06-17 21:11:11] [Info]   Types: D:\Protozoa\src\shared\types
[2025-06-17 21:11:12] [Info]   Lib: D:\Protozoa\src\shared\lib
[2025-06-17 21:11:12] [Info] Writing vector types...
[2025-06-17 21:11:12] [Info] Writing entity types...
[2025-06-17 21:11:12] [Info] Writing configuration types...
[2025-06-17 21:11:12] [Info] Writing logging types...
[2025-06-17 21:11:12] [Info] Writing event types...
[2025-06-17 21:11:12] [Info] Writing types index...
[2025-06-17 21:11:12] [Success] Shared types generation completed!
[2025-06-17 21:11:12] [Error] PHASE 10 FAILED: Cannot bind argument to parameter 'Message' because it is an empty string.
[2025-06-17 21:11:13] [Info] === PHASE 11 : Environment configuration and logging services ===
[2025-06-17 21:11:13] [Info] Executing: 17-GenerateEnvironmentConfig.ps1
[2025-06-17 21:11:13] [Error] PHASE 11 FAILED: At D:\Protozoa\scripts\17-GenerateEnvironmentConfig.ps1:724 char:84
+ ... og "3. Use createServiceLogger for consistent logging across domains"
+                                                                         ~
The string is missing the terminator: ".

At D:\Protozoa\scripts\17-GenerateEnvironmentConfig.ps1:702 char:19
+ if (-not $WhatIf) {
+                   ~
Missing closing '}' in statement block or type definition.
[2025-06-17 21:11:15] [Info] === PHASE 12 : Central Winston logging setup ===
[2025-06-17 21:11:15] [Info] Executing: 18a-SetupLoggingService.ps1
[2025-06-17 21:11:15] [Error] PHASE 12 FAILED: At D:\Protozoa\scripts\18a-SetupLoggingService.ps1:87 char:6
+     } else {
+      ~
The Try statement is missing its Catch or Finally block.

At D:\Protozoa\scripts\18a-SetupLoggingService.ps1:113 char:72
+ ...  Write-ErrorLog "SetupLoggingService failed: $($_.Exception.Message)"
+                                                                         ~
The string is missing the terminator: ".

At D:\Protozoa\scripts\18a-SetupLoggingService.ps1:106 char:12
+     } else {
+            ~
Missing closing '}' in statement block or type definition.
[2025-06-17 21:11:18] [Info] === PHASE 13 : Complete Formation Domain implementation ===
[2025-06-17 21:11:18] [Info] Executing: 18-GenerateFormationDomain.ps1
[2025-06-17 21:11:18] [Error] PHASE 13 FAILED: The term 'Write-StatusMessage' is not recognized as the name of a cmdlet, function, script file, or operable program. Check the spelling of the name, or if a path was included, verify that the path is correct and try again.
[2025-06-17 21:11:20] [Info] === PHASE 14 : Utility functions validation and fixes ===
[2025-06-17 21:11:20] [Info] Executing: 14-FixUtilityFunctions.ps1
[2025-06-17 21:11:20] [Info] === Utility Functions Validation & Fix - Phase 14 ===
[2025-06-17 21:11:20] [Info] Validating all script dependencies...
[2025-06-17 21:11:31] [Info] Found utility functions:
[2025-06-17 21:11:31] [Success]   ‚úÖ Backup-File (in 18a-SetupLoggingService.ps1)
[2025-06-17 21:11:31] [Success]   ‚úÖ Configuration (in 15-ValidateSetupComplete.ps1)
[2025-06-17 21:11:31] [Success]   ‚úÖ Configuration (in 19-ConfigureAdvancedTypeScript.ps1)
[2025-06-17 21:11:31] [Success]   ‚úÖ Configuration (in 21-ConfigureDevEnvironment.ps1)
[2025-06-17 21:11:31] [Success]   ‚úÖ Configuration (in 22-SetupBitcoinProtocol.ps1)
[2025-06-17 21:11:31] [Success]   ‚úÖ COPY (in 46-SetupDockerDeployment.ps1)
[2025-06-17 21:11:31] [Success]   ‚úÖ Copy-Item (in 22-SetupBitcoinProtocol.ps1)
[2025-06-17 21:11:31] [Success]   ‚úÖ ForEach (in 03-MoveAndCleanCodebase.ps1)
[2025-06-17 21:11:31] [Success]   ‚úÖ ForEach (in 15-ValidateSetupComplete.ps1)
[2025-06-17 21:11:31] [Success]   ‚úÖ ForEach (in 18-GenerateFormationDomain.ps1)
[2025-06-17 21:11:31] [Success]   ‚úÖ Get-DomainList (in 15-ValidateSetupComplete.ps1)
[2025-06-17 21:11:31] [Success]   ‚úÖ Get-DomainPhaseNumber (in 02-GenerateDomainStubs.ps1)
[2025-06-17 21:11:31] [Success]   ‚úÖ Get-ServiceName (in 02-GenerateDomainStubs.ps1)
[2025-06-17 21:11:31] [Success]   ‚úÖ Invoke-ScriptWithErrorHandling (in 00-InitEnvironment.ps1)
[2025-06-17 21:11:31] [Success]   ‚úÖ Invoke-ScriptWithErrorHandling (in 15-ValidateSetupComplete.ps1)
[2025-06-17 21:11:31] [Success]   ‚úÖ Measure-Object (in 03-MoveAndCleanCodebase.ps1)
[2025-06-17 21:11:31] [Success]   ‚úÖ Move (in 03-MoveAndCleanCodebase.ps1)
[2025-06-17 21:11:31] [Success]   ‚úÖ New-DirectoryTree (in 01-ScaffoldProjectStructure.ps1)
[2025-06-17 21:11:31] [Success]   ‚úÖ Select-String (in 18a-SetupLoggingService.ps1)
[2025-06-17 21:11:31] [Success]   ‚úÖ Services (in runAll.ps1)
[2025-06-17 21:11:31] [Success]   ‚úÖ Set (in 03-MoveAndCleanCodebase.ps1)
[2025-06-17 21:11:31] [Success]   ‚úÖ Setup (in 20-SetupPreCommitValidation.ps1)
[2025-06-17 21:11:31] [Success]   ‚úÖ Setup (in 25-SetupPhysicsWebWorkers.ps1)
[2025-06-17 21:11:31] [Success]   ‚úÖ Setup (in 28-SetupBlockchainDataIntegration.ps1)
[2025-06-17 21:11:31] [Success]   ‚úÖ Setup (in 29-SetupDataValidationLayer.ps1)
[2025-06-17 21:11:31] [Success]   ‚úÖ Test-DirectoryStructure (in 15-ValidateSetupComplete.ps1)
[2025-06-17 21:11:31] [Success]   ‚úÖ Test-ProjectStructure (in 10-GenerateParticleInitService.ps1)
[2025-06-17 21:11:31] [Success]   ‚úÖ Test-ProjectStructure (in 11-GenerateFormationBlendingService.ps1)
[2025-06-17 21:11:31] [Success]   ‚úÖ Test-ProjectStructure (in 15-ValidateSetupComplete.ps1)
[2025-06-17 21:11:31] [Success]   ‚úÖ Test-ProjectStructure (in 16-GenerateSharedTypesService.ps1)
[2025-06-17 21:11:31] [Success]   ‚úÖ Test-ProjectStructure (in 17-GenerateEnvironmentConfig.ps1)
[2025-06-17 21:11:31] [Success]   ‚úÖ Where (in 00-InitEnvironment.ps1)
[2025-06-17 21:11:31] [Success]   ‚úÖ Where (in 03-MoveAndCleanCodebase.ps1)
[2025-06-17 21:11:31] [Success]   ‚úÖ Where (in 06-DomainLint.ps1)
[2025-06-17 21:11:31] [Success]   ‚úÖ Where (in 15-ValidateSetupComplete.ps1)
[2025-06-17 21:11:31] [Success]   ‚úÖ Where (in runAll.ps1)
[2025-06-17 21:11:31] [Success]   ‚úÖ Write (in 00-InitEnvironment.ps1)
[2025-06-17 21:11:31] [Success]   ‚úÖ Write (in 01-ScaffoldProjectStructure.ps1)
[2025-06-17 21:11:31] [Success]   ‚úÖ Write (in 02-GenerateDomainStubs.ps1)
[2025-06-17 21:11:31] [Success]   ‚úÖ Write (in 03-MoveAndCleanCodebase.ps1)
[2025-06-17 21:11:31] [Success]   ‚úÖ Write (in 04-EnforceSingletonPatterns.ps1)
[2025-06-17 21:11:31] [Success]   ‚úÖ Write (in 05-VerifyCompliance.ps1)
[2025-06-17 21:11:31] [Success]   ‚úÖ Write (in 06-DomainLint.ps1)
[2025-06-17 21:11:31] [Success]   ‚úÖ Write (in 07-BuildAndTest.ps1)
[2025-06-17 21:11:31] [Success]   ‚úÖ Write (in 08-DeployToGitHub.ps1)
[2025-06-17 21:11:31] [Success]   ‚úÖ Write (in 10-GenerateParticleInitService.ps1)
[2025-06-17 21:11:31] [Success]   ‚úÖ Write (in 11-GenerateFormationBlendingService.ps1)
[2025-06-17 21:11:31] [Success]   ‚úÖ Write (in 15-ValidateSetupComplete.ps1)
[2025-06-17 21:11:31] [Success]   ‚úÖ Write (in 16-GenerateSharedTypesService.ps1)
[2025-06-17 21:11:31] [Success]   ‚úÖ Write (in 17-GenerateEnvironmentConfig.ps1)
[2025-06-17 21:11:31] [Success]   ‚úÖ Write (in 18a-SetupLoggingService.ps1)
[2025-06-17 21:11:31] [Success]   ‚úÖ Write (in 18b-SetupTestingFramework.ps1)
[2025-06-17 21:11:31] [Success]   ‚úÖ Write (in 18-GenerateFormationDomain.ps1)
[2025-06-17 21:11:31] [Success]   ‚úÖ Write (in 19-ConfigureAdvancedTypeScript.ps1)
[2025-06-17 21:11:31] [Success]   ‚úÖ Write (in 20-SetupPreCommitValidation.ps1)
[2025-06-17 21:11:31] [Success]   ‚úÖ Write (in 21-ConfigureDevEnvironment.ps1)
[2025-06-17 21:11:31] [Success]   ‚úÖ Write (in 22-SetupBitcoinProtocol.ps1)
[2025-06-17 21:11:31] [Success]   ‚úÖ Write (in 23-GenerateRNGService.ps1)
[2025-06-17 21:11:31] [Success]   ‚úÖ Write (in 24-GeneratePhysicsService.ps1)
[2025-06-17 21:11:31] [Success]   ‚úÖ Write (in 25-SetupPhysicsWebWorkers.ps1)
[2025-06-17 21:11:31] [Success]   ‚úÖ Write (in 26-GenerateBitcoinService.ps1)
[2025-06-17 21:11:31] [Success]   ‚úÖ Write (in 27-GenerateTraitService.ps1)
[2025-06-17 21:11:31] [Success]   ‚úÖ Write (in 28-SetupBlockchainDataIntegration.ps1)
[2025-06-17 21:11:31] [Success]   ‚úÖ Write (in 29-SetupDataValidationLayer.ps1)
[2025-06-17 21:11:31] [Success]   ‚úÖ Write (in 30-EnhanceTraitSystem.ps1)
[2025-06-17 21:11:31] [Success]   ‚úÖ Write (in 31-GenerateParticleService.ps1)
[2025-06-17 21:11:31] [Success]   ‚úÖ Write (in 32-SetupParticleLifecycleManagement.ps1)
[2025-06-17 21:11:31] [Success]   ‚úÖ Write (in 33-ImplementSwarmIntelligence.ps1)
[2025-06-17 21:11:31] [Success]   ‚úÖ Write (in 34-EnhanceFormationSystem.ps1)
[2025-06-17 21:11:31] [Success]   ‚úÖ Write (in 35-GenerateRenderingService.ps1)
[2025-06-17 21:11:31] [Success]   ‚úÖ Write (in 36-GenerateEffectService.ps1)
[2025-06-17 21:11:31] [Success]   ‚úÖ Write (in 37-SetupCustomShaderSystem.ps1)
[2025-06-17 21:11:31] [Success]   ‚úÖ Write (in 38-ImplementLODSystem.ps1)
[2025-06-17 21:11:31] [Success]   ‚úÖ Write (in 39-SetupAdvancedEffectComposition.ps1)
[2025-06-17 21:11:31] [Success]   ‚úÖ Write (in 40-GenerateAnimationService.ps1)
[2025-06-17 21:11:31] [Success]   ‚úÖ Write (in 41-GenerateGroupService.ps1)
[2025-06-17 21:11:31] [Success]   ‚úÖ Write (in 42-SetupPhysicsBasedAnimation.ps1)
[2025-06-17 21:11:31] [Success]   ‚úÖ Write (in 43-ImplementAdvancedTimeline.ps1)
[2025-06-17 21:11:31] [Success]   ‚úÖ Write (in 44-SetupAnimationBlending.ps1)
[2025-06-17 21:11:31] [Success]   ‚úÖ Write (in 45-SetupCICDPipeline.ps1)
[2025-06-17 21:11:31] [Success]   ‚úÖ Write (in 46-SetupDockerDeployment.ps1)
[2025-06-17 21:11:31] [Success]   ‚úÖ Write (in 47-SetupPerformanceRegression.ps1)
[2025-06-17 21:11:31] [Success]   ‚úÖ Write (in 48-SetupAdvancedBundleAnalysis.ps1)
[2025-06-17 21:11:31] [Success]   ‚úÖ Write (in 49-SetupAutomatedDocumentation.ps1)
[2025-06-17 21:11:31] [Success]   ‚úÖ Write (in 50-SetupServiceIntegration.ps1)
[2025-06-17 21:11:31] [Success]   ‚úÖ Write (in 51-SetupGlobalStateManagement.ps1)
[2025-06-17 21:11:31] [Success]   ‚úÖ Write (in 52-SetupReactIntegration.ps1)
[2025-06-17 21:11:31] [Success]   ‚úÖ Write (in 53-SetupEventBusSystem.ps1)
[2025-06-17 21:11:31] [Success]   ‚úÖ Write (in 54-SetupPerformanceTesting.ps1)
[2025-06-17 21:11:31] [Success]   ‚úÖ Write (in 55-SetupPersistenceLayer.ps1)
[2025-06-17 21:11:31] [Success]   ‚úÖ Write (in 56-SetupEndToEndValidation.ps1)
[2025-06-17 21:11:31] [Success]   ‚úÖ Write (in runAll.ps1)
[2025-06-17 21:11:31] [Warning] Missing utility functions:
[2025-06-17 21:11:31] [Warning]   ‚ùå AbortController (called in 26-GenerateBitcoinService.ps1)
[2025-06-17 21:11:31] [Warning]   ‚ùå AnimationBlendingService (called in 44-SetupAnimationBlending.ps1)
[2025-06-17 21:11:31] [Warning]   ‚ùå AnimationService (called in 40-GenerateAnimationService.ps1)
[2025-06-17 21:11:31] [Warning]   ‚ùå Anti (called in 16-GenerateSharedTypesService.ps1)
[2025-06-17 21:11:31] [Warning]   ‚ùå App (called in 52-SetupReactIntegration.ps1)
[2025-06-17 21:11:31] [Warning]   ‚ùå Architecture (called in 08-DeployToGitHub.ps1)
[2025-06-17 21:11:31] [Warning]   ‚ùå Array (called in 23-GenerateRNGService.ps1)
[2025-06-17 21:11:31] [Warning]   ‚ùå Auto (called in 02-GenerateDomainStubs.ps1)
[2025-06-17 21:11:31] [Warning]   ‚ùå Auto (called in 10-GenerateParticleInitService.ps1)
[2025-06-17 21:11:31] [Warning]   ‚ùå Auto (called in 11-GenerateFormationBlendingService.ps1)
[2025-06-17 21:11:31] [Warning]   ‚ùå Auto (called in 18a-SetupLoggingService.ps1)
[2025-06-17 21:11:31] [Warning]   ‚ùå BitcoinService (called in 26-GenerateBitcoinService.ps1)
[2025-06-17 21:11:31] [Warning]   ‚ùå BlockStreamService (called in 28-SetupBlockchainDataIntegration.ps1)
[2025-06-17 21:11:31] [Warning]   ‚ùå BufferGeometry (called in 31-GenerateParticleService.ps1)
[2025-06-17 21:11:31] [Warning]   ‚ùå BundleAnalyzerService (called in 48-SetupAdvancedBundleAnalysis.ps1)
[2025-06-17 21:11:31] [Warning]   ‚ùå Chi (called in 23-GenerateRNGService.ps1)
[2025-06-17 21:11:31] [Warning]   ‚ùå ConvertFrom (called in 00-InitEnvironment.ps1)
[2025-06-17 21:11:31] [Warning]   ‚ùå ConvertFrom (called in 07-BuildAndTest.ps1)
[2025-06-17 21:11:31] [Warning]   ‚ùå ConvertFrom (called in 15-ValidateSetupComplete.ps1)
[2025-06-17 21:11:31] [Warning]   ‚ùå ConvertFrom (called in 18a-SetupLoggingService.ps1)
[2025-06-17 21:11:31] [Warning]   ‚ùå ConvertFrom (called in 18b-SetupTestingFramework.ps1)
[2025-06-17 21:11:31] [Warning]   ‚ùå ConvertTo (called in 08-DeployToGitHub.ps1)
[2025-06-17 21:11:31] [Warning]   ‚ùå Cross (called in 01-ScaffoldProjectStructure.ps1)
[2025-06-17 21:11:31] [Warning]   ‚ùå Cross (called in 16-GenerateSharedTypesService.ps1)
[2025-06-17 21:11:31] [Warning]   ‚ùå DataValidationService (called in 29-SetupDataValidationLayer.ps1)
[2025-06-17 21:11:31] [Warning]   ‚ùå Date (called in 17-GenerateEnvironmentConfig.ps1)
[2025-06-17 21:11:31] [Warning]   ‚ùå Dependencies (called in 15-ValidateSetupComplete.ps1)
[2025-06-17 21:11:31] [Warning]   ‚ùå Development (called in 17-GenerateEnvironmentConfig.ps1)
[2025-06-17 21:11:31] [Warning]   ‚ùå Dev-Env (called in runAll.ps1)
[2025-06-17 21:11:31] [Warning]   ‚ùå Directory (called in 03-MoveAndCleanCodebase.ps1)
[2025-06-17 21:11:32] [Warning]   ‚ùå Directory (called in 10-GenerateParticleInitService.ps1)
[2025-06-17 21:11:32] [Warning]   ‚ùå Directory (called in 11-GenerateFormationBlendingService.ps1)
[2025-06-17 21:11:32] [Warning]   ‚ùå Directory (called in 16-GenerateSharedTypesService.ps1)
[2025-06-17 21:11:32] [Warning]   ‚ùå Directory (called in 17-GenerateEnvironmentConfig.ps1)
[2025-06-17 21:11:32] [Warning]   ‚ùå Directory (called in 18a-SetupLoggingService.ps1)
[2025-06-17 21:11:32] [Warning]   ‚ùå Directory (called in 18b-SetupTestingFramework.ps1)
[2025-06-17 21:11:32] [Warning]   ‚ùå Directory (called in 18-GenerateFormationDomain.ps1)
[2025-06-17 21:11:32] [Warning]   ‚ùå Directory (called in 19-ConfigureAdvancedTypeScript.ps1)
[2025-06-17 21:11:32] [Warning]   ‚ùå Directory (called in 21-ConfigureDevEnvironment.ps1)
[2025-06-17 21:11:32] [Warning]   ‚ùå Directory (called in 22-SetupBitcoinProtocol.ps1)
[2025-06-17 21:11:32] [Warning]   ‚ùå Directory (called in 23-GenerateRNGService.ps1)
[2025-06-17 21:11:32] [Warning]   ‚ùå Directory (called in 24-GeneratePhysicsService.ps1)
[2025-06-17 21:11:32] [Warning]   ‚ùå Directory (called in 25-SetupPhysicsWebWorkers.ps1)
[2025-06-17 21:11:32] [Warning]   ‚ùå Directory (called in 26-GenerateBitcoinService.ps1)
[2025-06-17 21:11:32] [Warning]   ‚ùå Directory (called in 27-GenerateTraitService.ps1)
[2025-06-17 21:11:32] [Warning]   ‚ùå Directory (called in 28-SetupBlockchainDataIntegration.ps1)
[2025-06-17 21:11:32] [Warning]   ‚ùå Directory (called in 29-SetupDataValidationLayer.ps1)
[2025-06-17 21:11:32] [Warning]   ‚ùå Directory (called in 31-GenerateParticleService.ps1)
[2025-06-17 21:11:32] [Warning]   ‚ùå Directory (called in 32-SetupParticleLifecycleManagement.ps1)
[2025-06-17 21:11:32] [Warning]   ‚ùå Directory (called in 33-ImplementSwarmIntelligence.ps1)
[2025-06-17 21:11:32] [Warning]   ‚ùå Directory (called in 34-EnhanceFormationSystem.ps1)
[2025-06-17 21:11:32] [Warning]   ‚ùå Directory (called in 35-GenerateRenderingService.ps1)
[2025-06-17 21:11:32] [Warning]   ‚ùå Directory (called in 36-GenerateEffectService.ps1)
[2025-06-17 21:11:32] [Warning]   ‚ùå Directory (called in 37-SetupCustomShaderSystem.ps1)
[2025-06-17 21:11:32] [Warning]   ‚ùå Directory (called in 38-ImplementLODSystem.ps1)
[2025-06-17 21:11:32] [Warning]   ‚ùå Directory (called in 39-SetupAdvancedEffectComposition.ps1)
[2025-06-17 21:11:32] [Warning]   ‚ùå Directory (called in 40-GenerateAnimationService.ps1)
[2025-06-17 21:11:32] [Warning]   ‚ùå Directory (called in 41-GenerateGroupService.ps1)
[2025-06-17 21:11:32] [Warning]   ‚ùå Directory (called in 42-SetupPhysicsBasedAnimation.ps1)
[2025-06-17 21:11:32] [Warning]   ‚ùå Directory (called in 43-ImplementAdvancedTimeline.ps1)
[2025-06-17 21:11:32] [Warning]   ‚ùå Directory (called in 44-SetupAnimationBlending.ps1)
[2025-06-17 21:11:32] [Warning]   ‚ùå Directory (called in 45-SetupCICDPipeline.ps1)
[2025-06-17 21:11:32] [Warning]   ‚ùå Directory (called in 46-SetupDockerDeployment.ps1)
[2025-06-17 21:11:32] [Warning]   ‚ùå Directory (called in 47-SetupPerformanceRegression.ps1)
[2025-06-17 21:11:32] [Warning]   ‚ùå Directory (called in 48-SetupAdvancedBundleAnalysis.ps1)
[2025-06-17 21:11:32] [Warning]   ‚ùå Directory (called in 49-SetupAutomatedDocumentation.ps1)
[2025-06-17 21:11:32] [Warning]   ‚ùå Directory (called in 50-SetupServiceIntegration.ps1)
[2025-06-17 21:11:32] [Warning]   ‚ùå Directory (called in 51-SetupGlobalStateManagement.ps1)
[2025-06-17 21:11:32] [Warning]   ‚ùå Directory (called in 52-SetupReactIntegration.ps1)
[2025-06-17 21:11:32] [Warning]   ‚ùå Directory (called in 53-SetupEventBusSystem.ps1)
[2025-06-17 21:11:32] [Warning]   ‚ùå Directory (called in 54-SetupPerformanceTesting.ps1)
[2025-06-17 21:11:32] [Warning]   ‚ùå Directory (called in 55-SetupPersistenceLayer.ps1)
[2025-06-17 21:11:32] [Warning]   ‚ùå Directory (called in 56-SetupEndToEndValidation.ps1)
[2025-06-17 21:11:32] [Warning]   ‚ùå Documentation (called in 08-DeployToGitHub.ps1)
[2025-06-17 21:11:32] [Warning]   ‚ùå Domain (called in 02-GenerateDomainStubs.ps1)
[2025-06-17 21:11:32] [Warning]   ‚ùå Domain (called in 06-DomainLint.ps1)
[2025-06-17 21:11:32] [Warning]   ‚ùå Domain (called in 08-DeployToGitHub.ps1)
[2025-06-17 21:11:32] [Warning]   ‚ùå EffectComposerService (called in 39-SetupAdvancedEffectComposition.ps1)
[2025-06-17 21:11:32] [Warning]   ‚ùå EffectService (called in 36-GenerateEffectService.ps1)
[2025-06-17 21:11:32] [Warning]   ‚ùå Enforcement (called in 04-EnforceSingletonPatterns.ps1)
[2025-06-17 21:11:32] [Warning]   ‚ùå Enhancements (called in runAll.ps1)
[2025-06-17 21:11:32] [Warning]   ‚ùå Environment (called in 01-ScaffoldProjectStructure.ps1)
[2025-06-17 21:11:32] [Warning]   ‚ùå EnvironmentService (called in 17-GenerateEnvironmentConfig.ps1)
[2025-06-17 21:11:32] [Warning]   ‚ùå Error (called in 10-GenerateParticleInitService.ps1)
[2025-06-17 21:11:32] [Warning]   ‚ùå Error (called in 11-GenerateFormationBlendingService.ps1)
[2025-06-17 21:11:32] [Warning]   ‚ùå Error (called in 23-GenerateRNGService.ps1)
[2025-06-17 21:11:32] [Warning]   ‚ùå Error (called in 26-GenerateBitcoinService.ps1)
[2025-06-17 21:11:32] [Warning]   ‚ùå Error (called in 29-SetupDataValidationLayer.ps1)
[2025-06-17 21:11:32] [Warning]   ‚ùå Error (called in 31-GenerateParticleService.ps1)
[2025-06-17 21:11:32] [Warning]   ‚ùå Error (called in 35-GenerateRenderingService.ps1)
[2025-06-17 21:11:32] [Warning]   ‚ùå Error (called in 36-GenerateEffectService.ps1)
[2025-06-17 21:11:32] [Warning]   ‚ùå EventBus (called in 53-SetupEventBusSystem.ps1)
[2025-06-17 21:11:32] [Warning]   ‚ùå Features (called in 08-DeployToGitHub.ps1)
[2025-06-17 21:11:32] [Warning]   ‚ùå FormationBlendingService (called in 11-GenerateFormationBlendingService.ps1)
[2025-06-17 21:11:32] [Warning]   ‚ùå FormationService (called in 18-GenerateFormationDomain.ps1)
[2025-06-17 21:11:32] [Warning]   ‚ùå Framework (called in 18b-SetupTestingFramework.ps1)
[2025-06-17 21:11:32] [Warning]   ‚ùå Front (called in runAll.ps1)
[2025-06-17 21:11:32] [Warning]   ‚ùå Generation (called in 23-GenerateRNGService.ps1)
[2025-06-17 21:11:32] [Warning]   ‚ùå Generation (called in 24-GeneratePhysicsService.ps1)
[2025-06-17 21:11:32] [Warning]   ‚ùå Generation (called in 26-GenerateBitcoinService.ps1)
[2025-06-17 21:11:32] [Warning]   ‚ùå Generation (called in 27-GenerateTraitService.ps1)
[2025-06-17 21:11:32] [Warning]   ‚ùå Generation (called in 31-GenerateParticleService.ps1)
[2025-06-17 21:11:32] [Warning]   ‚ùå Generation (called in 35-GenerateRenderingService.ps1)
[2025-06-17 21:11:32] [Warning]   ‚ùå Generation (called in 36-GenerateEffectService.ps1)
[2025-06-17 21:11:32] [Warning]   ‚ùå Generation (called in 40-GenerateAnimationService.ps1)
[2025-06-17 21:11:32] [Warning]   ‚ùå Generation (called in 41-GenerateGroupService.ps1)
[2025-06-17 21:11:32] [Warning]   ‚ùå Get (called in 00-InitEnvironment.ps1)
[2025-06-17 21:11:32] [Warning]   ‚ùå Get (called in 01-ScaffoldProjectStructure.ps1)
[2025-06-17 21:11:32] [Warning]   ‚ùå Get (called in 02-GenerateDomainStubs.ps1)
[2025-06-17 21:11:32] [Warning]   ‚ùå Get (called in 03-MoveAndCleanCodebase.ps1)
[2025-06-17 21:11:32] [Warning]   ‚ùå Get (called in 04-EnforceSingletonPatterns.ps1)
[2025-06-17 21:11:32] [Warning]   ‚ùå Get (called in 05-VerifyCompliance.ps1)
[2025-06-17 21:11:32] [Warning]   ‚ùå Get (called in 06-DomainLint.ps1)
[2025-06-17 21:11:32] [Warning]   ‚ùå Get (called in 07-BuildAndTest.ps1)
[2025-06-17 21:11:32] [Warning]   ‚ùå Get (called in 15-ValidateSetupComplete.ps1)
[2025-06-17 21:11:32] [Warning]   ‚ùå Get (called in 18a-SetupLoggingService.ps1)
[2025-06-17 21:11:32] [Warning]   ‚ùå Get (called in 18b-SetupTestingFramework.ps1)
[2025-06-17 21:11:32] [Warning]   ‚ùå Get (called in runAll.ps1)
[2025-06-17 21:11:32] [Warning]   ‚ùå GroupService (called in 41-GenerateGroupService.ps1)
[2025-06-17 21:11:32] [Warning]   ‚ùå High (called in 08-DeployToGitHub.ps1)
[2025-06-17 21:11:32] [Warning]   ‚ùå High (called in 23-GenerateRNGService.ps1)
[2025-06-17 21:11:32] [Warning]   ‚ùå High (called in 26-GenerateBitcoinService.ps1)
[2025-06-17 21:11:32] [Warning]   ‚ùå High (called in 27-GenerateTraitService.ps1)
[2025-06-17 21:11:32] [Warning]   ‚ùå High (called in 31-GenerateParticleService.ps1)
[2025-06-17 21:11:32] [Warning]   ‚ùå Human (called in 18-GenerateFormationDomain.ps1)
[2025-06-17 21:11:32] [Warning]   ‚ùå Implementation (called in 24-GeneratePhysicsService.ps1)
[2025-06-17 21:11:32] [Warning]   ‚ùå Import (called in 00-InitEnvironment.ps1)
[2025-06-17 21:11:32] [Warning]   ‚ùå Import (called in 01-ScaffoldProjectStructure.ps1)
[2025-06-17 21:11:32] [Warning]   ‚ùå Import (called in 02-GenerateDomainStubs.ps1)
[2025-06-17 21:11:32] [Warning]   ‚ùå Import (called in 03-MoveAndCleanCodebase.ps1)
[2025-06-17 21:11:32] [Warning]   ‚ùå Import (called in 04-EnforceSingletonPatterns.ps1)
[2025-06-17 21:11:32] [Warning]   ‚ùå Import (called in 05-VerifyCompliance.ps1)
[2025-06-17 21:11:32] [Warning]   ‚ùå Import (called in 06-DomainLint.ps1)
[2025-06-17 21:11:32] [Warning]   ‚ùå Import (called in 07-BuildAndTest.ps1)
[2025-06-17 21:11:32] [Warning]   ‚ùå Import (called in 08-DeployToGitHub.ps1)
[2025-06-17 21:11:32] [Warning]   ‚ùå Import (called in 10-GenerateParticleInitService.ps1)
[2025-06-17 21:11:32] [Warning]   ‚ùå Import (called in 11-GenerateFormationBlendingService.ps1)
[2025-06-17 21:11:32] [Warning]   ‚ùå Import (called in 15-ValidateSetupComplete.ps1)
[2025-06-17 21:11:32] [Warning]   ‚ùå Import (called in 16-GenerateSharedTypesService.ps1)
[2025-06-17 21:11:32] [Warning]   ‚ùå Import (called in 17-GenerateEnvironmentConfig.ps1)
[2025-06-17 21:11:32] [Warning]   ‚ùå Import (called in 18a-SetupLoggingService.ps1)
[2025-06-17 21:11:32] [Warning]   ‚ùå Import (called in 18b-SetupTestingFramework.ps1)
[2025-06-17 21:11:32] [Warning]   ‚ùå Import (called in 19-ConfigureAdvancedTypeScript.ps1)
[2025-06-17 21:11:32] [Warning]   ‚ùå Import (called in 20-SetupPreCommitValidation.ps1)
[2025-06-17 21:11:32] [Warning]   ‚ùå Import (called in 21-ConfigureDevEnvironment.ps1)
[2025-06-17 21:11:32] [Warning]   ‚ùå Import (called in 22-SetupBitcoinProtocol.ps1)
[2025-06-17 21:11:32] [Warning]   ‚ùå Import (called in 23-GenerateRNGService.ps1)
[2025-06-17 21:11:32] [Warning]   ‚ùå Import (called in 24-GeneratePhysicsService.ps1)
[2025-06-17 21:11:32] [Warning]   ‚ùå Import (called in 25-SetupPhysicsWebWorkers.ps1)
[2025-06-17 21:11:32] [Warning]   ‚ùå Import (called in 26-GenerateBitcoinService.ps1)
[2025-06-17 21:11:32] [Warning]   ‚ùå Import (called in 27-GenerateTraitService.ps1)
[2025-06-17 21:11:32] [Warning]   ‚ùå Import (called in 28-SetupBlockchainDataIntegration.ps1)
[2025-06-17 21:11:32] [Warning]   ‚ùå Import (called in 29-SetupDataValidationLayer.ps1)
[2025-06-17 21:11:32] [Warning]   ‚ùå Import (called in 31-GenerateParticleService.ps1)
[2025-06-17 21:11:32] [Warning]   ‚ùå Import (called in 35-GenerateRenderingService.ps1)
[2025-06-17 21:11:32] [Warning]   ‚ùå Import (called in 36-GenerateEffectService.ps1)
[2025-06-17 21:11:32] [Warning]   ‚ùå Import (called in 40-GenerateAnimationService.ps1)
[2025-06-17 21:11:32] [Warning]   ‚ùå Import (called in 41-GenerateGroupService.ps1)
[2025-06-17 21:11:32] [Warning]   ‚ùå Import (called in 44-SetupAnimationBlending.ps1)
[2025-06-17 21:11:32] [Warning]   ‚ùå Import (called in runAll.ps1)
[2025-06-17 21:11:32] [Warning]   ‚ùå Infrastructure (called in runAll.ps1)
[2025-06-17 21:11:32] [Warning]   ‚ùå Initialization (called in 00-InitEnvironment.ps1)
[2025-06-17 21:11:32] [Warning]   ‚ùå Integration (called in 08-DeployToGitHub.ps1)
[2025-06-17 21:11:32] [Warning]   ‚ùå Integration (called in runAll.ps1)
[2025-06-17 21:11:32] [Warning]   ‚ùå Inter (called in 16-GenerateSharedTypesService.ps1)
[2025-06-17 21:11:32] [Warning]   ‚ùå Invoke (called in 00-InitEnvironment.ps1)
[2025-06-17 21:11:32] [Warning]   ‚ùå Invoke (called in 20-SetupPreCommitValidation.ps1)
[2025-06-17 21:11:32] [Warning]   ‚ùå Join (called in 03-MoveAndCleanCodebase.ps1)
[2025-06-17 21:11:32] [Warning]   ‚ùå Join (called in 10-GenerateParticleInitService.ps1)
[2025-06-17 21:11:32] [Warning]   ‚ùå Join (called in 11-GenerateFormationBlendingService.ps1)
[2025-06-17 21:11:32] [Warning]   ‚ùå Join (called in 16-GenerateSharedTypesService.ps1)
[2025-06-17 21:11:32] [Warning]   ‚ùå Join (called in 17-GenerateEnvironmentConfig.ps1)
[2025-06-17 21:11:32] [Warning]   ‚ùå Join (called in 18a-SetupLoggingService.ps1)
[2025-06-17 21:11:32] [Warning]   ‚ùå Join (called in 18b-SetupTestingFramework.ps1)
[2025-06-17 21:11:32] [Warning]   ‚ùå Join (called in 18-GenerateFormationDomain.ps1)
[2025-06-17 21:11:32] [Warning]   ‚ùå Join (called in 19-ConfigureAdvancedTypeScript.ps1)
[2025-06-17 21:11:32] [Warning]   ‚ùå Join (called in 20-SetupPreCommitValidation.ps1)
[2025-06-17 21:11:32] [Warning]   ‚ùå Join (called in 21-ConfigureDevEnvironment.ps1)
[2025-06-17 21:11:32] [Warning]   ‚ùå Join (called in 22-SetupBitcoinProtocol.ps1)
[2025-06-17 21:11:32] [Warning]   ‚ùå Join (called in 23-GenerateRNGService.ps1)
[2025-06-17 21:11:32] [Warning]   ‚ùå Join (called in 24-GeneratePhysicsService.ps1)
[2025-06-17 21:11:32] [Warning]   ‚ùå Join (called in 25-SetupPhysicsWebWorkers.ps1)
[2025-06-17 21:11:32] [Warning]   ‚ùå Join (called in 26-GenerateBitcoinService.ps1)
[2025-06-17 21:11:32] [Warning]   ‚ùå Join (called in 27-GenerateTraitService.ps1)
[2025-06-17 21:11:32] [Warning]   ‚ùå Join (called in 28-SetupBlockchainDataIntegration.ps1)
[2025-06-17 21:11:32] [Warning]   ‚ùå Join (called in 29-SetupDataValidationLayer.ps1)
[2025-06-17 21:11:32] [Warning]   ‚ùå Join (called in 31-GenerateParticleService.ps1)
[2025-06-17 21:11:32] [Warning]   ‚ùå Join (called in 35-GenerateRenderingService.ps1)
[2025-06-17 21:11:32] [Warning]   ‚ùå Join (called in 36-GenerateEffectService.ps1)
[2025-06-17 21:11:32] [Warning]   ‚ùå Join (called in 40-GenerateAnimationService.ps1)
[2025-06-17 21:11:32] [Warning]   ‚ùå Join (called in 41-GenerateGroupService.ps1)
[2025-06-17 21:11:32] [Warning]   ‚ùå Join (called in 44-SetupAnimationBlending.ps1)
[2025-06-17 21:11:32] [Warning]   ‚ùå Join (called in runAll.ps1)
[2025-06-17 21:11:32] [Warning]   ‚ùå License (called in 08-DeployToGitHub.ps1)
[2025-06-17 21:11:32] [Warning]   ‚ùå LifecycleEngine (called in 32-SetupParticleLifecycleManagement.ps1)
[2025-06-17 21:11:32] [Warning]   ‚ùå Linting (called in 06-DomainLint.ps1)
[2025-06-17 21:11:32] [Warning]   ‚ùå LOD (called in 31-GenerateParticleService.ps1)
[2025-06-17 21:11:32] [Warning]   ‚ùå LODService (called in 38-ImplementLODSystem.ps1)
[2025-06-17 21:11:32] [Warning]   ‚ùå Map (called in 23-GenerateRNGService.ps1)
[2025-06-17 21:11:32] [Warning]   ‚ùå Map (called in 24-GeneratePhysicsService.ps1)
[2025-06-17 21:11:32] [Warning]   ‚ùå Map (called in 26-GenerateBitcoinService.ps1)
[2025-06-17 21:11:32] [Warning]   ‚ùå Map (called in 27-GenerateTraitService.ps1)
[2025-06-17 21:11:32] [Warning]   ‚ùå Map (called in 31-GenerateParticleService.ps1)
[2025-06-17 21:11:32] [Warning]   ‚ùå Map (called in 36-GenerateEffectService.ps1)
[2025-06-17 21:11:32] [Warning]   ‚ùå Map (called in 37-SetupCustomShaderSystem.ps1)
[2025-06-17 21:11:32] [Warning]   ‚ùå Map (called in 40-GenerateAnimationService.ps1)
[2025-06-17 21:11:32] [Warning]   ‚ùå Map (called in 41-GenerateGroupService.ps1)
[2025-06-17 21:11:32] [Warning]   ‚ùå Matrix4 (called in 24-GeneratePhysicsService.ps1)
[2025-06-17 21:11:32] [Warning]   ‚ùå New (called in 03-MoveAndCleanCodebase.ps1)
[2025-06-17 21:11:32] [Warning]   ‚ùå New (called in 08-DeployToGitHub.ps1)
[2025-06-17 21:11:32] [Warning]   ‚ùå On (called in 08-DeployToGitHub.ps1)
[2025-06-17 21:11:32] [Warning]   ‚ùå Opacity (called in 27-GenerateTraitService.ps1)
[2025-06-17 21:11:32] [Warning]   ‚ùå Out (called in 03-MoveAndCleanCodebase.ps1)
[2025-06-17 21:11:32] [Warning]   ‚ùå Out (called in 10-GenerateParticleInitService.ps1)
[2025-06-17 21:11:32] [Warning]   ‚ùå Out (called in 11-GenerateFormationBlendingService.ps1)
[2025-06-17 21:11:32] [Warning]   ‚ùå Out (called in 16-GenerateSharedTypesService.ps1)
[2025-06-17 21:11:32] [Warning]   ‚ùå Out (called in 17-GenerateEnvironmentConfig.ps1)
[2025-06-17 21:11:32] [Warning]   ‚ùå Out (called in 18a-SetupLoggingService.ps1)
[2025-06-17 21:11:32] [Warning]   ‚ùå Out (called in 18b-SetupTestingFramework.ps1)
[2025-06-17 21:11:32] [Warning]   ‚ùå Out (called in 18-GenerateFormationDomain.ps1)
[2025-06-17 21:11:32] [Warning]   ‚ùå Out (called in 19-ConfigureAdvancedTypeScript.ps1)
[2025-06-17 21:11:32] [Warning]   ‚ùå Out (called in 21-ConfigureDevEnvironment.ps1)
[2025-06-17 21:11:32] [Warning]   ‚ùå Out (called in 22-SetupBitcoinProtocol.ps1)
[2025-06-17 21:11:32] [Warning]   ‚ùå Out (called in 23-GenerateRNGService.ps1)
[2025-06-17 21:11:32] [Warning]   ‚ùå Out (called in 24-GeneratePhysicsService.ps1)
[2025-06-17 21:11:32] [Warning]   ‚ùå Out (called in 25-SetupPhysicsWebWorkers.ps1)
[2025-06-17 21:11:32] [Warning]   ‚ùå Out (called in 26-GenerateBitcoinService.ps1)
[2025-06-17 21:11:32] [Warning]   ‚ùå Out (called in 27-GenerateTraitService.ps1)
[2025-06-17 21:11:32] [Warning]   ‚ùå Out (called in 28-SetupBlockchainDataIntegration.ps1)
[2025-06-17 21:11:32] [Warning]   ‚ùå Out (called in 29-SetupDataValidationLayer.ps1)
[2025-06-17 21:11:32] [Warning]   ‚ùå Out (called in 31-GenerateParticleService.ps1)
[2025-06-17 21:11:32] [Warning]   ‚ùå Out (called in 32-SetupParticleLifecycleManagement.ps1)
[2025-06-17 21:11:32] [Warning]   ‚ùå Out (called in 33-ImplementSwarmIntelligence.ps1)
[2025-06-17 21:11:32] [Warning]   ‚ùå Out (called in 34-EnhanceFormationSystem.ps1)
[2025-06-17 21:11:32] [Warning]   ‚ùå Out (called in 35-GenerateRenderingService.ps1)
[2025-06-17 21:11:32] [Warning]   ‚ùå Out (called in 36-GenerateEffectService.ps1)
[2025-06-17 21:11:32] [Warning]   ‚ùå Out (called in 37-SetupCustomShaderSystem.ps1)
[2025-06-17 21:11:32] [Warning]   ‚ùå Out (called in 38-ImplementLODSystem.ps1)
[2025-06-17 21:11:32] [Warning]   ‚ùå Out (called in 39-SetupAdvancedEffectComposition.ps1)
[2025-06-17 21:11:32] [Warning]   ‚ùå Out (called in 40-GenerateAnimationService.ps1)
[2025-06-17 21:11:32] [Warning]   ‚ùå Out (called in 41-GenerateGroupService.ps1)
[2025-06-17 21:11:32] [Warning]   ‚ùå Out (called in 42-SetupPhysicsBasedAnimation.ps1)
[2025-06-17 21:11:32] [Warning]   ‚ùå Out (called in 43-ImplementAdvancedTimeline.ps1)
[2025-06-17 21:11:32] [Warning]   ‚ùå Out (called in 44-SetupAnimationBlending.ps1)
[2025-06-17 21:11:32] [Warning]   ‚ùå Out (called in 45-SetupCICDPipeline.ps1)
[2025-06-17 21:11:32] [Warning]   ‚ùå Out (called in 46-SetupDockerDeployment.ps1)
[2025-06-17 21:11:32] [Warning]   ‚ùå Out (called in 47-SetupPerformanceRegression.ps1)
[2025-06-17 21:11:32] [Warning]   ‚ùå Out (called in 48-SetupAdvancedBundleAnalysis.ps1)
[2025-06-17 21:11:32] [Warning]   ‚ùå Out (called in 49-SetupAutomatedDocumentation.ps1)
[2025-06-17 21:11:32] [Warning]   ‚ùå Out (called in 50-SetupServiceIntegration.ps1)
[2025-06-17 21:11:32] [Warning]   ‚ùå Out (called in 51-SetupGlobalStateManagement.ps1)
[2025-06-17 21:11:32] [Warning]   ‚ùå Out (called in 52-SetupReactIntegration.ps1)
[2025-06-17 21:11:32] [Warning]   ‚ùå Out (called in 53-SetupEventBusSystem.ps1)
[2025-06-17 21:11:32] [Warning]   ‚ùå Out (called in 54-SetupPerformanceTesting.ps1)
[2025-06-17 21:11:32] [Warning]   ‚ùå Out (called in 55-SetupPersistenceLayer.ps1)
[2025-06-17 21:11:32] [Warning]   ‚ùå Out (called in 56-SetupEndToEndValidation.ps1)
[2025-06-17 21:11:32] [Warning]   ‚ùå ParticleInitService (called in 10-GenerateParticleInitService.ps1)
[2025-06-17 21:11:32] [Warning]   ‚ùå ParticleService (called in 31-GenerateParticleService.ps1)
[2025-06-17 21:11:32] [Warning]   ‚ùå PerformanceRegressionService (called in 47-SetupPerformanceRegression.ps1)
[2025-06-17 21:11:32] [Warning]   ‚ùå PersistenceService (called in 55-SetupPersistenceLayer.ps1)
[2025-06-17 21:11:32] [Warning]   ‚ùå PerspectiveCamera (called in 35-GenerateRenderingService.ps1)
[2025-06-17 21:11:32] [Warning]   ‚ùå PhysicsAnimationService (called in 42-SetupPhysicsBasedAnimation.ps1)
[2025-06-17 21:11:32] [Warning]   ‚ùå PhysicsService (called in 24-GeneratePhysicsService.ps1)
[2025-06-17 21:11:32] [Warning]   ‚ùå Pop (called in 00-InitEnvironment.ps1)
[2025-06-17 21:11:32] [Warning]   ‚ùå Pop (called in 20-SetupPreCommitValidation.ps1)
[2025-06-17 21:11:32] [Warning]   ‚ùå Pre (called in 20-SetupPreCommitValidation.ps1)
[2025-06-17 21:11:32] [Warning]   ‚ùå Promise (called in 22-SetupBitcoinProtocol.ps1)
[2025-06-17 21:11:32] [Warning]   ‚ùå Promise (called in 25-SetupPhysicsWebWorkers.ps1)
[2025-06-17 21:11:32] [Warning]   ‚ùå Promise (called in 26-GenerateBitcoinService.ps1)
[2025-06-17 21:11:32] [Warning]   ‚ùå PSObject (called in 03-MoveAndCleanCodebase.ps1)
[2025-06-17 21:11:32] [Warning]   ‚ùå Push (called in 00-InitEnvironment.ps1)
[2025-06-17 21:11:32] [Warning]   ‚ùå Push (called in 01-ScaffoldProjectStructure.ps1)
[2025-06-17 21:11:32] [Warning]   ‚ùå Push (called in 04-EnforceSingletonPatterns.ps1)
[2025-06-17 21:11:32] [Warning]   ‚ùå Push (called in 05-VerifyCompliance.ps1)
[2025-06-17 21:11:32] [Warning]   ‚ùå Push (called in 06-DomainLint.ps1)
[2025-06-17 21:11:32] [Warning]   ‚ùå Push (called in 07-BuildAndTest.ps1)
[2025-06-17 21:11:32] [Warning]   ‚ùå Push (called in 15-ValidateSetupComplete.ps1)
[2025-06-17 21:11:32] [Warning]   ‚ùå Push (called in 20-SetupPreCommitValidation.ps1)
[2025-06-17 21:11:32] [Warning]   ‚ùå Quaternion (called in 24-GeneratePhysicsService.ps1)
[2025-06-17 21:11:32] [Warning]   ‚ùå Radius (called in 24-GeneratePhysicsService.ps1)
[2025-06-17 21:11:32] [Warning]   ‚ùå RateLimiter (called in 22-SetupBitcoinProtocol.ps1)
[2025-06-17 21:11:32] [Warning]   ‚ùå Read (called in runAll.ps1)
[2025-06-17 21:11:32] [Warning]   ‚ùå Remove (called in 03-MoveAndCleanCodebase.ps1)
[2025-06-17 21:11:32] [Warning]   ‚ùå Remove (called in 15-ValidateSetupComplete.ps1)
[2025-06-17 21:11:32] [Warning]   ‚ùå RenderingService (called in 35-GenerateRenderingService.ps1)
[2025-06-17 21:11:32] [Warning]   ‚ùå RNGService (called in 23-GenerateRNGService.ps1)
[2025-06-17 21:11:32] [Warning]   ‚ùå Scaffolding (called in 01-ScaffoldProjectStructure.ps1)
[2025-06-17 21:11:32] [Warning]   ‚ùå Scene (called in 35-GenerateRenderingService.ps1)
[2025-06-17 21:11:32] [Warning]   ‚ùå Service (called in 17-GenerateEnvironmentConfig.ps1)
[2025-06-17 21:11:32] [Warning]   ‚ùå Service (called in 18a-SetupLoggingService.ps1)
[2025-06-17 21:11:32] [Warning]   ‚ùå ShaderService (called in 37-SetupCustomShaderSystem.ps1)
[2025-06-17 21:11:32] [Warning]   ‚ùå Simplified (called in 24-GeneratePhysicsService.ps1)
[2025-06-17 21:11:32] [Warning]   ‚ùå SimulationCanvas (called in 52-SetupReactIntegration.ps1)
[2025-06-17 21:11:32] [Warning]   ‚ùå Split (called in 00-InitEnvironment.ps1)
[2025-06-17 21:11:32] [Warning]   ‚ùå Split (called in 03-MoveAndCleanCodebase.ps1)
[2025-06-17 21:11:32] [Warning]   ‚ùå Status (called in 08-DeployToGitHub.ps1)
[2025-06-17 21:11:32] [Warning]   ‚ùå Sub (called in 24-GeneratePhysicsService.ps1)
[2025-06-17 21:11:32] [Warning]   ‚ùå SwarmService (called in 33-ImplementSwarmIntelligence.ps1)
[2025-06-17 21:11:32] [Warning]   ‚ùå Test (called in 15-ValidateSetupComplete.ps1)
[2025-06-17 21:11:32] [Warning]   ‚ùå TimelineService (called in 43-ImplementAdvancedTimeline.ps1)
[2025-06-17 21:11:32] [Warning]   ‚ùå Tooling (called in runAll.ps1)
[2025-06-17 21:11:32] [Warning]   ‚ùå TraitService (called in 27-GenerateTraitService.ps1)
[2025-06-17 21:11:32] [Warning]   ‚ùå URL (called in 16-GenerateSharedTypesService.ps1)
[2025-06-17 21:11:32] [Warning]   ‚ùå URL (called in 25-SetupPhysicsWebWorkers.ps1)
[2025-06-17 21:11:32] [Warning]   ‚ùå URL (called in 26-GenerateBitcoinService.ps1)
[2025-06-17 21:11:32] [Warning]   ‚ùå Validation (called in 07-BuildAndTest.ps1)
[2025-06-17 21:11:32] [Warning]   ‚ùå Validation (called in 15-ValidateSetupComplete.ps1)
[2025-06-17 21:11:32] [Warning]   ‚ùå Validation (called in runAll.ps1)
[2025-06-17 21:11:32] [Warning]   ‚ùå Vector3 (called in 10-GenerateParticleInitService.ps1)
[2025-06-17 21:11:32] [Warning]   ‚ùå Vector3 (called in 11-GenerateFormationBlendingService.ps1)
[2025-06-17 21:11:32] [Warning]   ‚ùå Vector3 (called in 24-GeneratePhysicsService.ps1)
[2025-06-17 21:11:32] [Warning]   ‚ùå Vector3 (called in 25-SetupPhysicsWebWorkers.ps1)
[2025-06-17 21:11:32] [Warning]   ‚ùå Vector3 (called in 31-GenerateParticleService.ps1)
[2025-06-17 21:11:32] [Warning]   ‚ùå Vector3 (called in 38-ImplementLODSystem.ps1)
[2025-06-17 21:11:32] [Warning]   ‚ùå Verification (called in 05-VerifyCompliance.ps1)
[2025-06-17 21:11:32] [Warning]   ‚ùå WebGLRenderer (called in 35-GenerateRenderingService.ps1)
[2025-06-17 21:11:32] [Warning]   ‚ùå WebSocket (called in 28-SetupBlockchainDataIntegration.ps1)
[2025-06-17 21:11:32] [Warning]   ‚ùå Winston (called in 17-GenerateEnvironmentConfig.ps1)
[2025-06-17 21:11:32] [Warning]   ‚ùå Worker (called in 24-GeneratePhysicsService.ps1)
[2025-06-17 21:11:32] [Warning]   ‚ùå Worker (called in 25-SetupPhysicsWebWorkers.ps1)
[2025-06-17 21:11:32] [Warning]   ‚ùå WorkerManager (called in 25-SetupPhysicsWebWorkers.ps1)
[2025-06-17 21:11:32] [Info] Adding missing functions to utils.psm1...
[2025-06-17 21:11:32] [Success] Added missing utility functions to utils.psm1
[2025-06-17 21:11:32] [Success] Updated module exports
[2025-06-17 21:11:32] [Info] Re-importing utils.psm1 to verify fixes...
[2025-06-17 21:11:32] [Success] Utility functions validation and fix completed!
[2025-06-17 21:11:32] [Error] Utility functions fix failed: Cannot bind argument to parameter 'Message' because it is an empty string.
[2025-06-17 21:11:32] [Error] PHASE 14 FAILED: Script exited with code 1
[2025-06-17 21:11:36] [Info] === PHASE 15 : Advanced TypeScript config ===
[2025-06-17 21:11:36] [Info] Executing: 19-ConfigureAdvancedTypeScript.ps1
[2025-06-17 21:11:36] [Info] === Advanced TypeScript Configuration - Phase 1 Infrastructure Enhancement ===
[2025-06-17 21:11:36] [Info] Configuring strict TypeScript settings with domain boundary enforcement
[2025-06-17 21:11:36] [Success] Advanced TypeScript configuration setup initialized
[2025-06-17 21:11:36] [Info] Generating main tsconfig.json with strict validation
[2025-06-17 21:11:36] [Success] Main tsconfig.json generated with strict settings
[2025-06-17 21:11:36] [Info] Generating tsconfig.app.json for application code
[2025-06-17 21:11:36] [Success] tsconfig.app.json generated for application code
[2025-06-17 21:11:36] [Info] Generating tsconfig.node.json for build tools
[2025-06-17 21:11:36] [Success] tsconfig.node.json generated for build tools
[2025-06-17 21:11:36] [Info] Creating custom type definitions for Bitcoin Ordinals API
[2025-06-17 21:11:36] [Success] Bitcoin Ordinals API type definitions created
[2025-06-17 21:11:36] [Info] Advanced TypeScript configuration setup completed
[2025-06-17 21:11:36] [Success] PHASE 15 completed successfully in 0.1926628 seconds
[2025-06-17 21:11:36] [Info] === PHASE 16 : Dev environment fine-tuning ===
[2025-06-17 21:11:36] [Info] Executing: 21-ConfigureDevEnvironment.ps1
[2025-06-17 21:11:36] [Info] === Development Environment Configuration - Phase 1 Infrastructure Enhancement ===
[2025-06-17 21:11:36] [Info] Configuring VS Code workspace and development tooling
[2025-06-17 21:11:36] [Info] Created .vscode directory
[2025-06-17 21:11:36] [Info] Generating VS Code workspace settings
[2025-06-17 21:11:36] [Success] VS Code workspace settings configured
[2025-06-17 21:11:36] [Info] Generating recommended VS Code extensions
[2025-06-17 21:11:36] [Success] VS Code extensions recommendations configured
[2025-06-17 21:11:36] [Info] Generating Prettier configuration
[2025-06-17 21:11:36] [Success] Prettier configuration created
[2025-06-17 21:11:36] [Info] Generating EditorConfig for cross-editor consistency
[2025-06-17 21:11:36] [Success] EditorConfig created for cross-editor consistency
[2025-06-17 21:11:36] [Info] Generating VS Code tasks configuration
[2025-06-17 21:11:36] [Success] VS Code tasks configuration created
[2025-06-17 21:11:36] [Info] Generating VS Code launch configuration for debugging
[2025-06-17 21:11:36] [Success] VS Code launch configuration created for debugging
[2025-06-17 21:11:36] [Info] Development environment configuration completed
[2025-06-17 21:11:36] [Success] PHASE 16 completed successfully in 0.073 seconds
[2025-06-17 21:11:36] [Info] === PHASE 17 : Bitcoin Ordinals protocol setup ===
[2025-06-17 21:11:36] [Info] Executing: 22-SetupBitcoinProtocol.ps1
[2025-06-17 21:11:36] [Info] === Bitcoin Protocol Configuration - Phase 1 Infrastructure Enhancement ===
[2025-06-17 21:11:36] [Info] Configuring Bitcoin Ordinals Protocol integration and API endpoints
[2025-06-17 21:11:36] [Info] Created config directory
[2025-06-17 21:11:36] [Info] Generating Bitcoin network configuration
[2025-06-17 21:11:36] [Success] Bitcoin network configuration created
[2025-06-17 21:11:36] [Info] Generating environment configuration files
[2025-06-17 21:11:36] [Success] Environment example file created
[2025-06-17 21:11:36] [Info] Creating .env file from example
[2025-06-17 21:11:36] [Success] .env file created from example
[2025-06-17 21:11:36] [Info] Creating rate limiting utility
[2025-06-17 21:11:36] [Success] Rate limiting utility created
[2025-06-17 21:11:36] [Info] Bitcoin Protocol configuration completed
[2025-06-17 21:11:36] [Success] PHASE 17 completed successfully in 0.0614233 seconds
[2025-06-17 21:11:36] [Info] === PHASE 18 : Random number generator service ===
[2025-06-17 21:11:36] [Info] Executing: 23-GenerateRNGService.ps1
[2025-06-17 21:11:37] [Info] === RNG Service Generation - Phase 2 Core Domain Implementation ===
[2025-06-17 21:11:37] [Info] Generating complete RNGService with Bitcoin block-seeded deterministic PRNG
[2025-06-17 21:11:37] [Info] Creating RNG domain directory structure
[2025-06-17 21:11:37] [Success] RNG domain directories created successfully
[2025-06-17 21:11:37] [Info] Generating IRNGService interface
[2025-06-17 21:11:37] [Success] IRNGService interface generated successfully
[2025-06-17 21:11:37] [Info] Generating RNG types definitions
[2025-06-17 21:11:37] [Success] RNG types generated successfully
[2025-06-17 21:11:37] [Info] Generating RNGService implementation - Part 1 (Core structure)
[2025-06-17 21:11:37] [Success] RNGService implementation Part 1 generated successfully
[2025-06-17 21:11:37] [Info] Generating RNGService implementation - Part 2 (Core methods)
[2025-06-17 21:11:37] [Success] RNGService implementation Part 2 generated successfully
[2025-06-17 21:11:37] [Info] Generating RNGService implementation - Part 3 (State management and completion)
[2025-06-17 21:11:37] [Success] RNGService implementation Part 3 generated successfully
[2025-06-17 21:11:37] [Info] Generating RNG domain export index
[2025-06-17 21:11:37] [Success] RNG domain export index generated successfully
[2025-06-17 21:11:37] [Success] RNG Service generation completed successfully
[2025-06-17 21:11:37] [Info] Generated files:
[2025-06-17 21:11:37] [Info]   - src/domains/rng/interfaces/IRNGService.ts
[2025-06-17 21:11:37] [Info]   - src/domains/rng/types/rng.types.ts
[2025-06-17 21:11:37] [Info]   - src/domains/rng/services/rngService.ts
[2025-06-17 21:11:37] [Info]   - src/domains/rng/index.ts
[2025-06-17 21:11:37] [Success] PHASE 18 completed successfully in 0.1004552 seconds
[2025-06-17 21:11:37] [Info] === PHASE 19 : Physics engine service ===
[2025-06-17 21:11:37] [Info] Executing: 24-GeneratePhysicsService.ps1
[2025-06-17 21:11:37] [Info] === Physics Service Generation - Phase 2 Core Domain Implementation ===
[2025-06-17 21:11:37] [Info] Generating simplified PhysicsService focused on kinematics (force fields removed)
[2025-06-17 21:11:37] [Info] Creating Physics domain directory structure
[2025-06-17 21:11:37] [Success] Physics domain directories created successfully
[2025-06-17 21:11:37] [Info] Generating IPhysicsService interface
[2025-06-17 21:11:37] [Success] IPhysicsService interface generated successfully
[2025-06-17 21:11:37] [Info] Generating Physics types definitions
[2025-06-17 21:11:37] [Success] Physics types generated successfully
[2025-06-17 21:11:37] [Info] Generating PhysicsService implementation - Simplified kinematic helpers
[2025-06-17 21:11:37] [Success] PhysicsService implementation generated successfully
[2025-06-17 21:11:37] [Info] Adding simplified physics service methods
[2025-06-17 21:11:37] [Success] PhysicsService implementation with complete methods generated successfully
[2025-06-17 21:11:37] [Info] Generating physics worker template
[2025-06-17 21:11:37] [Success] Physics worker template generated successfully
[2025-06-17 21:11:37] [Info] Generating Physics domain export index
[2025-06-17 21:11:37] [Success] Physics domain export index generated successfully
[2025-06-17 21:11:37] [Success] Physics Service generation completed successfully
[2025-06-17 21:11:37] [Info] Generated files:
[2025-06-17 21:11:37] [Info]   - src/domains/physics/interfaces/IPhysicsService.ts
[2025-06-17 21:11:37] [Info]   - src/domains/physics/types/physics.types.ts
[2025-06-17 21:11:37] [Info]   - src/domains/physics/services/physicsService.ts
[2025-06-17 21:11:37] [Info]   - src/domains/physics/workers/physicsWorker.js
[2025-06-17 21:11:37] [Info]   - src/domains/physics/index.ts
[2025-06-17 21:11:37] [Success] PHASE 19 completed successfully in 0.0849998 seconds
[2025-06-17 21:11:37] [Info] === PHASE 20 : Physics WebWorker scaffolding ===
[2025-06-17 21:11:37] [Info] Executing: 25-SetupPhysicsWebWorkers.ps1
[2025-06-17 21:11:37] [Info] === Physics WebWorkers Setup - Phase 2 Enhancement ===
[2025-06-17 21:11:37] [Info] Scaffolding worker pool and base worker for physics domain
[2025-06-17 21:11:37] [Success] physicsWorker.ts generated
[2025-06-17 21:11:37] [Success] workerManager.ts generated
[2025-06-17 21:11:37] [Success] 25-SetupPhysicsWebWorkers.ps1 completed successfully
[2025-06-17 21:11:37] [Success] PHASE 20 completed successfully in 0.0500004 seconds
[2025-06-17 21:11:37] [Info] === PHASE 21 : Bitcoin blockchain service ===
[2025-06-17 21:11:37] [Info] Executing: 26-GenerateBitcoinService.ps1
[2025-06-17 21:11:37] [Info] === Bitcoin Service Generation - Phase 3 Data & Blockchain Integration ===
[2025-06-17 21:11:37] [Info] Generating complete BitcoinService with API integration and LRU caching
[2025-06-17 21:11:37] [Info] Creating Bitcoin domain directory structure
[2025-06-17 21:11:37] [Success] Bitcoin domain directories created successfully
[2025-06-17 21:11:37] [Info] Generating IBitcoinService interface
[2025-06-17 21:11:37] [Success] IBitcoinService interface generated successfully
[2025-06-17 21:11:37] [Info] Generating Bitcoin types definitions
[2025-06-17 21:11:37] [Success] Bitcoin types generated successfully
[2025-06-17 21:11:37] [Info] Generating BitcoinService implementation - Part 1 (Core structure)
[2025-06-17 21:11:37] [Success] BitcoinService implementation Part 1 generated successfully
[2025-06-17 21:11:37] [Info] Generating BitcoinService implementation - Part 2 (API methods and completion)
[2025-06-17 21:11:37] [Success] BitcoinService implementation Part 2 generated successfully
[2025-06-17 21:11:37] [Info] Generating Bitcoin domain export index
[2025-06-17 21:11:37] [Success] Bitcoin domain export index generated successfully
[2025-06-17 21:11:37] [Success] Bitcoin Service generation completed successfully
[2025-06-17 21:11:37] [Info] Generated files:
[2025-06-17 21:11:37] [Info]   - src/domains/bitcoin/interfaces/IBitcoinService.ts
[2025-06-17 21:11:37] [Info]   - src/domains/bitcoin/types/bitcoin.types.ts
[2025-06-17 21:11:37] [Info]   - src/domains/bitcoin/services/bitcoinService.ts
[2025-06-17 21:11:37] [Info]   - src/domains/bitcoin/index.ts
[2025-06-17 21:11:37] [Success] PHASE 21 completed successfully in 0.0893949 seconds
[2025-06-17 21:11:37] [Info] === PHASE 22 : Trait management service ===
[2025-06-17 21:11:37] [Info] Executing: 27-GenerateTraitService.ps1
[2025-06-17 21:11:37] [Info] === Trait Service Generation - Phase 3 Data & Blockchain Integration ===
[2025-06-17 21:11:37] [Info] Generating complete TraitService with Bitcoin block-seeded trait generation
[2025-06-17 21:11:37] [Info] Creating Trait domain directory structure
[2025-06-17 21:11:37] [Success] Trait domain directories created successfully
[2025-06-17 21:11:37] [Info] Generating ITraitService interface
[2025-06-17 21:11:37] [Success] ITraitService interface generated successfully
[2025-06-17 21:11:37] [Info] Generating Trait types definitions
[2025-06-17 21:11:37] [Success] Trait types generated successfully
[2025-06-17 21:11:37] [Info] Generating TraitService implementation - Part 1 (Core structure)
[2025-06-17 21:11:37] [Success] TraitService implementation Part 1 generated successfully
[2025-06-17 21:11:37] [Info] Generating TraitService implementation - Part 2 (Core methods)
[2025-06-17 21:11:37] [Success] TraitService implementation Part 2 generated successfully
[2025-06-17 21:11:37] [Info] Generating TraitService implementation - Part 3 (Helper methods and completion)
[2025-06-17 21:11:37] [Success] TraitService implementation Part 3 generated successfully
[2025-06-17 21:11:37] [Info] Generating Trait domain export index
[2025-06-17 21:11:37] [Success] Trait domain export index generated successfully
[2025-06-17 21:11:37] [Success] Trait Service generation completed successfully
[2025-06-17 21:11:37] [Info] Generated files:
[2025-06-17 21:11:37] [Info]   - src/domains/trait/interfaces/ITraitService.ts
[2025-06-17 21:11:37] [Info]   - src/domains/trait/types/trait.types.ts
[2025-06-17 21:11:37] [Info]   - src/domains/trait/services/traitService.ts
[2025-06-17 21:11:37] [Info]   - src/domains/trait/index.ts
[2025-06-17 21:11:37] [Success] PHASE 22 completed successfully in 0.1210982 seconds
[2025-06-17 21:11:37] [Info] === PHASE 23 : Blockchain data integration ===
[2025-06-17 21:11:37] [Info] Executing: 28-SetupBlockchainDataIntegration.ps1
[2025-06-17 21:11:37] [Info] === Blockchain Data Integration Setup - Phase 3 Enhancement ===
[2025-06-17 21:11:37] [Info] Generating WebSocket client for Bitcoin block stream
[2025-06-17 21:11:37] [Success] blockStreamService.ts generated
[2025-06-17 21:11:37] [Success] 28-SetupBlockchainDataIntegration.ps1 completed successfully
[2025-06-17 21:11:37] [Success] PHASE 23 completed successfully in 0.0372184 seconds
[2025-06-17 21:11:37] [Info] === PHASE 24 : Data validation layer ===
[2025-06-17 21:11:37] [Info] Executing: 29-SetupDataValidationLayer.ps1
[2025-06-17 21:11:37] [Error] PHASE 24 FAILED: At D:\Protozoa\scripts\29-SetupDataValidationLayer.ps1:24 char:14
+   $iface = @"/**
+              ~
No characters are allowed after a here-string header but before the end of the line.

At D:\Protozoa\scripts\29-SetupDataValidationLayer.ps1:37 char:13
+   $impl = @"import { createServiceLogger, createErrorLogger } from '@ ...
+             ~
No characters are allowed after a here-string header but before the end of the line.

At D:\Protozoa\scripts\29-SetupDataValidationLayer.ps1:44 char:23
+   private constructor() {}
+                       ~
An expression was expected after '('.

At D:\Protozoa\scripts\29-SetupDataValidationLayer.ps1:45 char:22
+   static getInstance(){return this.#instance??(this.#instance=new Dat ...
+                      ~
An expression was expected after '('.

At D:\Protozoa\scripts\29-SetupDataValidationLayer.ps1:45 char:89
+ ... {return this.#instance??(this.#instance=new DataValidationService())}
+                                                                       ~
An expression was expected after '('.

At D:\Protozoa\scripts\29-SetupDataValidationLayer.ps1:47 char:13
+     if(!data||!data.hash||!data.merkle_root){this.#err.logError(new E ...
+             ~~
The token '||' is not a valid statement separator in this version.

At D:\Protozoa\scripts\29-SetupDataValidationLayer.ps1:47 char:25
+     if(!data||!data.hash||!data.merkle_root){this.#err.logError(new E ...
+                         ~~
The token '||' is not a valid statement separator in this version.

At D:\Protozoa\scripts\29-SetupDataValidationLayer.ps1:47 char:97
+ ... kle_root){this.#err.logError(new Error('Invalid block'),{data});retur ...
+                                                                  ~
The Data section is missing its statement block.

At D:\Protozoa\scripts\29-SetupDataValidationLayer.ps1:51 char:38
+     const isValid = content.length>0 && content.startsWith('{')
+                                      ~~
The token '&&' is not a valid statement separator in this version.

At D:\Protozoa\scripts\29-SetupDataValidationLayer.ps1:52 char:16
+     if(!isValid) this.#log.warn('Inscription content failed validatio ...
+                ~
Missing statement block after if ( condition ).

Not all parse errors were reported.  Correct the reported errors and try again.
[2025-06-17 21:11:39] [Info] === PHASE 25 : Trait system enhancements ===
[2025-06-17 21:11:39] [Info] Executing: 30-EnhanceTraitSystem.ps1
[2025-06-17 21:11:39] [Error] PHASE 25 FAILED: At D:\Protozoa\scripts\30-EnhanceTraitSystem.ps1:16 char:13
+  $content=@"/**
+             ~
No characters are allowed after a here-string header but before the end of the line.
[2025-06-17 21:11:40] [Info] === PHASE 26 : Particle service generation ===
[2025-06-17 21:11:40] [Info] Executing: 31-GenerateParticleService.ps1
[2025-06-17 21:11:40] [Info] === Particle Service Generation - Phase 4 Rendering & Optimization ===
[2025-06-17 21:11:40] [Info] Generating complete ParticleService with THREE.js integration and GPU optimization
[2025-06-17 21:11:40] [Info] Creating Particle domain directory structure
[2025-06-17 21:11:40] [Success] Particle domain directories created successfully
[2025-06-17 21:11:40] [Info] Generating IParticleService interface
[2025-06-17 21:11:40] [Success] IParticleService interface generated successfully
[2025-06-17 21:11:40] [Info] Generating Particle types definitions
[2025-06-17 21:11:40] [Success] Particle types generated successfully
[2025-06-17 21:11:40] [Info] Generating ParticleService implementation - Part 1 (Core structure)
[2025-06-17 21:11:40] [Success] ParticleService implementation Part 1 generated successfully
[2025-06-17 21:11:40] [Info] Generating ParticleService implementation - Part 2A (Core methods - first batch)
[2025-06-17 21:11:40] [Success] ParticleService implementation Part 2A generated successfully
[2025-06-17 21:11:40] [Info] Generating ParticleService implementation - Part 2B (Core methods - second batch)
[2025-06-17 21:11:40] [Success] ParticleService implementation Part 2B generated successfully
[2025-06-17 21:11:40] [Info] Generating ParticleService implementation - Part 3 (Helper methods and completion)
[2025-06-17 21:11:40] [Success] ParticleService implementation Part 3 generated successfully
[2025-06-17 21:11:40] [Info] Generating Particle domain export index
[2025-06-17 21:11:40] [Success] Particle domain export index generated successfully
[2025-06-17 21:11:40] [Success] Particle Service generation completed successfully
[2025-06-17 21:11:40] [Info] Generated files:
[2025-06-17 21:11:40] [Info]   - src/domains/particle/interfaces/IParticleService.ts
[2025-06-17 21:11:40] [Info]   - src/domains/particle/types/particle.types.ts
[2025-06-17 21:11:40] [Info]   - src/domains/particle/services/particleService.ts
[2025-06-17 21:11:40] [Info]   - src/domains/particle/index.ts
[2025-06-17 21:11:40] [Success] PHASE 26 completed successfully in 0.1354709 seconds
[2025-06-17 21:11:40] [Info] === PHASE 27 : Particle lifecycle management ===
[2025-06-17 21:11:40] [Info] Executing: 32-SetupParticleLifecycleManagement.ps1
[2025-06-17 21:11:40] [Error] PHASE 27 FAILED: At D:\Protozoa\scripts\32-SetupParticleLifecycleManagement.ps1:19 char:11
+  $iface=@"export interface ILifecycleEngine{
+           ~
No characters are allowed after a here-string header but before the end of the line.

At D:\Protozoa\scripts\32-SetupParticleLifecycleManagement.ps1:23 char:11
+   dispose():void
+           ~
An expression was expected after '('.

At D:\Protozoa\scripts\32-SetupParticleLifecycleManagement.ps1:24 char:2
+ }
+  ~
The Try statement is missing its Catch or Finally block.

At D:\Protozoa\scripts\32-SetupParticleLifecycleManagement.ps1:29 char:10
+  $impl=@"import { particleService } from '@/domains/particle/services ...
+          ~~~~~~
Unexpected token 'import' in expression or statement.

At D:\Protozoa\scripts\32-SetupParticleLifecycleManagement.ps1:35 char:22
+  private constructor(){}
+                      ~
An expression was expected after '('.

At D:\Protozoa\scripts\32-SetupParticleLifecycleManagement.ps1:36 char:21
+  static getInstance(){return this.#instance??(this.#instance=new Life ...
+                     ~
An expression was expected after '('.

At D:\Protozoa\scripts\32-SetupParticleLifecycleManagement.ps1:36 char:82
+ ... ance(){return this.#instance??(this.#instance=new LifecycleEngine())}
+                                                                       ~
An expression was expected after '('.

At D:\Protozoa\scripts\32-SetupParticleLifecycleManagement.ps1:38 char:27
+   for(let i=0;i<count;i++) particleService.createParticle()
+                           ~
Missing statement body in for loop.

At D:\Protozoa\scripts\32-SetupParticleLifecycleManagement.ps1:38 char:59
+   for(let i=0;i<count;i++) particleService.createParticle()
+                                                           ~
An expression was expected after '('.

At D:\Protozoa\scripts\32-SetupParticleLifecycleManagement.ps1:43 char:10
+  dispose(){LifecycleEngine.#instance=null}
+          ~
An expression was expected after '('.

Not all parse errors were reported.  Correct the reported errors and try again.
[2025-06-17 21:11:40] [Info] === PHASE 28 : Swarm intelligence ===
[2025-06-17 21:11:40] [Info] Executing: 33-ImplementSwarmIntelligence.ps1
[2025-06-17 21:11:40] [Error] PHASE 28 FAILED: At D:\Protozoa\scripts\33-ImplementSwarmIntelligence.ps1:21 char:11
+  $iface=@"export interface ISwarmService{
+           ~
No characters are allowed after a here-string header but before the end of the line.

At D:\Protozoa\scripts\33-ImplementSwarmIntelligence.ps1:23 char:11
+   dispose():void
+           ~
An expression was expected after '('.

At D:\Protozoa\scripts\33-ImplementSwarmIntelligence.ps1:24 char:2
+ }
+  ~
The Try statement is missing its Catch or Finally block.

At D:\Protozoa\scripts\33-ImplementSwarmIntelligence.ps1:29 char:10
+  $impl=@"import { createServiceLogger } from '@/shared/lib/logger'
+          ~~~~~~
Unexpected token 'import' in expression or statement.

At D:\Protozoa\scripts\33-ImplementSwarmIntelligence.ps1:37 char:22
+  private constructor(){}
+                      ~
An expression was expected after '('.

At D:\Protozoa\scripts\33-ImplementSwarmIntelligence.ps1:38 char:21
+  static getInstance(){return this.#instance??(this.#instance=new Swar ...
+                     ~
An expression was expected after '('.

At D:\Protozoa\scripts\33-ImplementSwarmIntelligence.ps1:38 char:79
+ ... nstance(){return this.#instance??(this.#instance=new SwarmService())}
+                                                                       ~
An expression was expected after '('.

At D:\Protozoa\scripts\33-ImplementSwarmIntelligence.ps1:46 char:10
+  dispose(){SwarmService.#instance=null}
+          ~
An expression was expected after '('.

At D:\Protozoa\scripts\33-ImplementSwarmIntelligence.ps1:48 char:52
+ export const swarmService=SwarmService.getInstance()
+                                                    ~
An expression was expected after '('.

At D:\Protozoa\scripts\33-ImplementSwarmIntelligence.ps1:51 char:20
+  Write-SuccessLog "SwarmService generated"
+                    ~~~~~~~~~~~~
Unexpected token 'SwarmService' in expression or statement.

Not all parse errors were reported.  Correct the reported errors and try again.
[2025-06-17 21:11:41] [Info] === PHASE 29 : Formation system enhancements ===
[2025-06-17 21:11:41] [Info] Executing: 34-EnhanceFormationSystem.ps1
[2025-06-17 21:11:41] [Error] PHASE 29 FAILED: At D:\Protozoa\scripts\34-EnhanceFormationSystem.ps1:18 char:13
+  $enhance=@"import { createServiceLogger } from '@/shared/lib/logger'
+             ~
No characters are allowed after a here-string header but before the end of the line.

At D:\Protozoa\scripts\34-EnhanceFormationSystem.ps1:26 char:28
+   generatePattern(id:string,count:number):FormationPattern{
+                            ~
Missing argument in parameter list.

At D:\Protozoa\scripts\34-EnhanceFormationSystem.ps1:29 char:11
+       case 'fibonacci':
+           ~
Missing statement block in switch statement clause.

At D:\Protozoa\scripts\34-EnhanceFormationSystem.ps1:29 char:23
+       case 'fibonacci':
+                       ~
Missing statement block in switch statement clause.

At D:\Protozoa\scripts\34-EnhanceFormationSystem.ps1:29 char:24
+       case 'fibonacci':
+                        ~
Missing statement block in switch statement clause.

At D:\Protozoa\scripts\34-EnhanceFormationSystem.ps1:30 char:12
+         for(let i=0;i<count;i++){
+            ~
Missing statement block in switch statement clause.

At D:\Protozoa\scripts\34-EnhanceFormationSystem.ps1:30 char:20
+         for(let i=0;i<count;i++){
+                    ~
Missing closing ')' in expression.

At D:\Protozoa\scripts\34-EnhanceFormationSystem.ps1:30 char:20
+         for(let i=0;i<count;i++){
+                    ~
Missing statement block in switch statement clause.

At D:\Protozoa\scripts\34-EnhanceFormationSystem.ps1:30 char:28
+         for(let i=0;i<count;i++){
+                            ~
Missing statement block in switch statement clause.

At D:\Protozoa\scripts\34-EnhanceFormationSystem.ps1:30 char:32
+         for(let i=0;i<count;i++){
+                                ~
Missing statement block in switch statement clause.

Not all parse errors were reported.  Correct the reported errors and try again.
[2025-06-17 21:11:41] [Info] === PHASE 30 : Rendering service ===
[2025-06-17 21:11:41] [Info] Executing: 35-GenerateRenderingService.ps1
[2025-06-17 21:11:41] [Info] === Rendering Service Generation - Phase 5 Core Domain Implementation ===
[2025-06-17 21:11:42] [Info] Generating RenderingService and interfaces
[2025-06-17 21:11:42] [Success] Rendering domain directories ensured
[2025-06-17 21:11:42] [Success] IRenderingService interface created
[2025-06-17 21:11:42] [Success] RenderingService implementation created
[2025-06-17 21:11:42] [Success] 35-GenerateRenderingService.ps1 completed successfully
[2025-06-17 21:11:42] [Success] PHASE 30 completed successfully in 0.1197455 seconds
[2025-06-17 21:11:42] [Info] === PHASE 31 : Effect service ===
[2025-06-17 21:11:42] [Info] Executing: 36-GenerateEffectService.ps1
[2025-06-17 21:11:42] [Info] === Effect Service Generation - Phase 5 Core Domain Implementation ===
[2025-06-17 21:11:42] [Info] Generating EffectService and interfaces
[2025-06-17 21:11:42] [Success] Effect domain directories ensured
[2025-06-17 21:11:42] [Success] IEffectService interface created
[2025-06-17 21:11:42] [Success] EffectService implementation created
[2025-06-17 21:11:42] [Success] 36-GenerateEffectService.ps1 completed successfully
[2025-06-17 21:11:42] [Success] PHASE 31 completed successfully in 0.0459996 seconds
[2025-06-17 21:11:42] [Info] === PHASE 32 : Custom shader system ===
[2025-06-17 21:11:42] [Info] Executing: 37-SetupCustomShaderSystem.ps1
[2025-06-17 21:11:42] [Error] PHASE 32 FAILED: At D:\Protozoa\scripts\37-SetupCustomShaderSystem.ps1:23 char:9
+  $lib=@"// shaderLibrary.ts ‚Äì collection of GLSL snippets
+         ~
No characters are allowed after a here-string header but before the end of the line.

At D:\Protozoa\scripts\37-SetupCustomShaderSystem.ps1:27 char:15
+     void main(){
+               ~
An expression was expected after '('.

At D:\Protozoa\scripts\37-SetupCustomShaderSystem.ps1:29 char:41
+       float stripe=smoothstep(0.45,0.55,abs(sin(uv.y*20.0)));
+                                         ~
Missing expression after ','.

At D:\Protozoa\scripts\37-SetupCustomShaderSystem.ps1:29 char:41
+       float stripe=smoothstep(0.45,0.55,abs(sin(uv.y*20.0)));
+                                         ~~~
Unexpected token 'abs' in expression or statement.

At D:\Protozoa\scripts\37-SetupCustomShaderSystem.ps1:29 char:41
+       float stripe=smoothstep(0.45,0.55,abs(sin(uv.y*20.0)));
+                                         ~
Missing closing ')' in expression.

At D:\Protozoa\scripts\37-SetupCustomShaderSystem.ps1:27 char:16
+     void main(){
+                ~
Missing closing '}' in statement block or type definition.

At D:\Protozoa\scripts\37-SetupCustomShaderSystem.ps1:24 char:22
+ export const Shaders={
+                      ~
Missing closing '}' in statement block or type definition.

At D:\Protozoa\scripts\37-SetupCustomShaderSystem.ps1:12 char:4
+ try{
+    ~
Missing closing '}' in statement block or type definition.

At D:\Protozoa\scripts\37-SetupCustomShaderSystem.ps1:29 char:60
+       float stripe=smoothstep(0.45,0.55,abs(sin(uv.y*20.0)));
+                                                            ~
The Try statement is missing its Catch or Finally block.

At D:\Protozoa\scripts\37-SetupCustomShaderSystem.ps1:29 char:60
+       float stripe=smoothstep(0.45,0.55,abs(sin(uv.y*20.0)));
+                                                            ~
Unexpected token ')' in expression or statement.

Not all parse errors were reported.  Correct the reported errors and try again.
[2025-06-17 21:11:42] [Info] === PHASE 33 : Level-of-detail system ===
[2025-06-17 21:11:42] [Info] Executing: 38-ImplementLODSystem.ps1
[2025-06-17 21:11:42] [Error] PHASE 33 FAILED: At D:\Protozoa\scripts\38-ImplementLODSystem.ps1:21 char:11
+  $iface=@"import type { Object3D } from 'three'
+           ~
No characters are allowed after a here-string header but before the end of the line.

At D:\Protozoa\scripts\38-ImplementLODSystem.ps1:24 char:23
+  register(obj:Object3D,config:LODConfig): void
+                       ~
Missing argument in parameter list.

At D:\Protozoa\scripts\38-ImplementLODSystem.ps1:25 char:33
+  update(cameraPosition:{x:number,y:number,z:number}): void
+                                 ~
Missing argument in parameter list.

At D:\Protozoa\scripts\38-ImplementLODSystem.ps1:26 char:10
+  dispose(): void
+          ~
An expression was expected after '('.

At D:\Protozoa\scripts\38-ImplementLODSystem.ps1:32 char:10
+  $impl=@"import { Vector3, Object3D } from 'three'
+          ~~~~~~
Unexpected token 'import' in expression or statement.

At D:\Protozoa\scripts\38-ImplementLODSystem.ps1:32 char:26
+  $impl=@"import { Vector3, Object3D } from 'three'
+                          ~
Missing argument in parameter list.

At D:\Protozoa\scripts\38-ImplementLODSystem.ps1:34 char:26
+ import type { ILODService, LODConfig } from '@/domains/rendering/inte ...
+                          ~
Missing argument in parameter list.

At D:\Protozoa\scripts\38-ImplementLODSystem.ps1:38 char:17
+ class LODService implements ILODService{
+                 ~
Missing 'class' body in 'class' declaration.

At D:\Protozoa\scripts\38-ImplementLODSystem.ps1:42 char:22
+  private constructor(){}
+                      ~
An expression was expected after '('.

At D:\Protozoa\scripts\38-ImplementLODSystem.ps1:43 char:21
+  static getInstance(){return this.#instance??(this.#instance=new LODS ...
+                     ~
An expression was expected after '('.

Not all parse errors were reported.  Correct the reported errors and try again.
[2025-06-17 21:11:43] [Info] === PHASE 34 : Advanced effect composition ===
[2025-06-17 21:11:43] [Info] Executing: 39-SetupAdvancedEffectComposition.ps1
[2025-06-17 21:11:43] [Error] PHASE 34 FAILED: At D:\Protozoa\scripts\39-SetupAdvancedEffectComposition.ps1:23 char:11
+  $iface=@"export interface EffectLayer{ name:string; weight:number; p ...
+           ~
No characters are allowed after a here-string header but before the end of the line.

At D:\Protozoa\scripts\39-SetupAdvancedEffectComposition.ps1:27 char:8
+   play():void
+        ~
An expression was expected after '('.

At D:\Protozoa\scripts\39-SetupAdvancedEffectComposition.ps1:28 char:8
+   stop():void
+        ~
An expression was expected after '('.

At D:\Protozoa\scripts\39-SetupAdvancedEffectComposition.ps1:30 char:11
+   dispose():void
+           ~
An expression was expected after '('.

At D:\Protozoa\scripts\39-SetupAdvancedEffectComposition.ps1:36 char:10
+  $impl=@"import { createServiceLogger } from '@/shared/lib/logger'
+          ~~~~~~
Unexpected token 'import' in expression or statement.

At D:\Protozoa\scripts\39-SetupAdvancedEffectComposition.ps1:38 char:26
+ import type { EffectLayer, IEffectComposerService } from '@/domains/e ...
+                          ~
Missing argument in parameter list.

At D:\Protozoa\scripts\39-SetupAdvancedEffectComposition.ps1:40 char:28
+ class EffectComposerService implements IEffectComposerService{
+                            ~
Missing 'class' body in 'class' declaration.

At D:\Protozoa\scripts\39-SetupAdvancedEffectComposition.ps1:45 char:22
+  private constructor(){}
+                      ~
An expression was expected after '('.

At D:\Protozoa\scripts\39-SetupAdvancedEffectComposition.ps1:46 char:21
+  static getInstance(){return this.#instance??(this.#instance=new Effe ...
+                     ~
An expression was expected after '('.

At D:\Protozoa\scripts\39-SetupAdvancedEffectComposition.ps1:46 char:88
+ ... {return this.#instance??(this.#instance=new EffectComposerService())}
+                                                                       ~
An expression was expected after '('.

Not all parse errors were reported.  Correct the reported errors and try again.
[2025-06-17 21:11:43] [Info] === PHASE 35 : Animation service ===
[2025-06-17 21:11:43] [Info] Executing: 40-GenerateAnimationService.ps1
[2025-06-17 21:11:43] [Info] === Animation Service Generation - Phase 6 Core Domain Implementation ===
[2025-06-17 21:11:43] [Info] Generating AnimationService and interfaces
[2025-06-17 21:11:43] [Success] Animation domain directories ensured
[2025-06-17 21:11:43] [Success] IAnimationService interface created
[2025-06-17 21:11:43] [Success] AnimationService implementation created
[2025-06-17 21:11:43] [Success] 40-GenerateAnimationService.ps1 completed successfully
[2025-06-17 21:11:43] [Success] PHASE 35 completed successfully in 0.1372987 seconds
[2025-06-17 21:11:43] [Info] === PHASE 36 : Group service ===
[2025-06-17 21:11:43] [Info] Executing: 41-GenerateGroupService.ps1
[2025-06-17 21:11:44] [Info] === Group Service Generation - Phase 6 Core Domain Implementation ===
[2025-06-17 21:11:44] [Info] Generating GroupService and interfaces
[2025-06-17 21:11:44] [Success] Group domain directories ensured
[2025-06-17 21:11:44] [Success] IGroupService interface created
[2025-06-17 21:11:44] [Success] GroupService implementation created
[2025-06-17 21:11:44] [Success] 41-GenerateGroupService.ps1 completed successfully
[2025-06-17 21:11:44] [Success] PHASE 36 completed successfully in 0.042093 seconds
[2025-06-17 21:11:44] [Info] === PHASE 37 : Physics-based animation ===
[2025-06-17 21:11:44] [Info] Executing: 42-SetupPhysicsBasedAnimation.ps1
[2025-06-17 21:11:44] [Error] PHASE 37 FAILED: At D:\Protozoa\scripts\42-SetupPhysicsBasedAnimation.ps1:21 char:11
+  $iface=@"export interface IPhysicsAnimationService{
+           ~
No characters are allowed after a here-string header but before the end of the line.

At D:\Protozoa\scripts\42-SetupPhysicsBasedAnimation.ps1:22 char:30
+   addSpring(particleId:string,anchor:{x:number,y:number,z:number},k:n ...
+                              ~
Missing argument in parameter list.

At D:\Protozoa\scripts\42-SetupPhysicsBasedAnimation.ps1:22 char:47
+   addSpring(particleId:string,anchor:{x:number,y:number,z:number},k:n ...
+                                               ~
Missing argument in parameter list.

At D:\Protozoa\scripts\42-SetupPhysicsBasedAnimation.ps1:24 char:11
+   dispose():void
+           ~
An expression was expected after '('.

At D:\Protozoa\scripts\42-SetupPhysicsBasedAnimation.ps1:25 char:2
+ }
+  ~
The Try statement is missing its Catch or Finally block.

At D:\Protozoa\scripts\42-SetupPhysicsBasedAnimation.ps1:30 char:10
+  $impl=@"import { createServiceLogger } from '@/shared/lib/logger'
+          ~~~~~~
Unexpected token 'import' in expression or statement.

At D:\Protozoa\scripts\42-SetupPhysicsBasedAnimation.ps1:34 char:47
+ interface Spring{ pid:string; anchor:{x:number,y:number,z:number}; k: ...
+                                               ~
Missing argument in parameter list.

At D:\Protozoa\scripts\42-SetupPhysicsBasedAnimation.ps1:36 char:30
+ class PhysicsAnimationService implements IPhysicsAnimationService{
+                              ~
Missing 'class' body in 'class' declaration.

At D:\Protozoa\scripts\42-SetupPhysicsBasedAnimation.ps1:40 char:22
+  private constructor(){}
+                      ~
An expression was expected after '('.

At D:\Protozoa\scripts\42-SetupPhysicsBasedAnimation.ps1:41 char:21
+  static getInstance(){return this.#instance??(this.#instance=new Phys ...
+                     ~
An expression was expected after '('.

Not all parse errors were reported.  Correct the reported errors and try again.
[2025-06-17 21:11:44] [Info] === PHASE 38 : Advanced timeline ===
[2025-06-17 21:11:44] [Info] Executing: 43-ImplementAdvancedTimeline.ps1
[2025-06-17 21:11:44] [Error] PHASE 38 FAILED: At D:\Protozoa\scripts\43-ImplementAdvancedTimeline.ps1:21 char:11
+  $iface=@"export interface Keyframe{ time:number; action:()=>void }
+           ~
No characters are allowed after a here-string header but before the end of the line.

At D:\Protozoa\scripts\43-ImplementAdvancedTimeline.ps1:24 char:8
+   play():void
+        ~
An expression was expected after '('.

At D:\Protozoa\scripts\43-ImplementAdvancedTimeline.ps1:25 char:9
+   pause():void
+         ~
An expression was expected after '('.

At D:\Protozoa\scripts\43-ImplementAdvancedTimeline.ps1:28 char:11
+   dispose():void
+           ~
An expression was expected after '('.

At D:\Protozoa\scripts\43-ImplementAdvancedTimeline.ps1:34 char:10
+  $impl=@"import { createServiceLogger } from '@/shared/lib/logger'
+          ~~~~~~
Unexpected token 'import' in expression or statement.

At D:\Protozoa\scripts\43-ImplementAdvancedTimeline.ps1:35 char:31
+ import type { ITimelineService, Keyframe } from '@/domains/animation/ ...
+                               ~
Missing argument in parameter list.

At D:\Protozoa\scripts\43-ImplementAdvancedTimeline.ps1:37 char:22
+ class TimelineService implements ITimelineService{
+                      ~
Missing 'class' body in 'class' declaration.

At D:\Protozoa\scripts\43-ImplementAdvancedTimeline.ps1:43 char:22
+  private constructor(){}
+                      ~
An expression was expected after '('.

At D:\Protozoa\scripts\43-ImplementAdvancedTimeline.ps1:44 char:21
+  static getInstance(){return this.#instance??(this.#instance=new Time ...
+                     ~
An expression was expected after '('.

At D:\Protozoa\scripts\43-ImplementAdvancedTimeline.ps1:44 char:82
+ ... ance(){return this.#instance??(this.#instance=new TimelineService())}
+                                                                       ~
An expression was expected after '('.

Not all parse errors were reported.  Correct the reported errors and try again.
[2025-06-17 21:11:45] [Info] === PHASE 39 : Animation blending ===
[2025-06-17 21:11:45] [Info] Executing: 44-SetupAnimationBlending.ps1
[2025-06-17 21:11:45] [Error] PHASE 39 FAILED: At D:\Protozoa\scripts\44-SetupAnimationBlending.ps1:22 char:14
+   $iface = @"/**
+              ~
No characters are allowed after a here-string header but before the end of the line.

At D:\Protozoa\scripts\44-SetupAnimationBlending.ps1:36 char:13
+   $impl = @"import { createServiceLogger } from '@/shared/lib/logger'
+             ~
No characters are allowed after a here-string header but before the end of the line.

At D:\Protozoa\scripts\44-SetupAnimationBlending.ps1:37 char:40
+ import type { IAnimationBlendingService, BlendNode } from '@/domains/ ...
+                                        ~
Missing argument in parameter list.

At D:\Protozoa\scripts\44-SetupAnimationBlending.ps1:42 char:31
+ class AnimationBlendingService implements IAnimationBlendingService {
+                               ~
Missing 'class' body in 'class' declaration.

At D:\Protozoa\scripts\44-SetupAnimationBlending.ps1:48 char:23
+   private constructor() {}
+                       ~
An expression was expected after '('.

At D:\Protozoa\scripts\44-SetupAnimationBlending.ps1:49 char:22
+   static getInstance() { return this.#instance ?? (this.#instance = n ...
+                      ~
An expression was expected after '('.

At D:\Protozoa\scripts\44-SetupAnimationBlending.ps1:49 char:98
+ ... this.#instance ?? (this.#instance = new AnimationBlendingService()) }
+                                                                      ~
An expression was expected after '('.

At D:\Protozoa\scripts\44-SetupAnimationBlending.ps1:54 char:39
+     if (toState === this.#currentState) return
+                                       ~
Missing statement block after if ( condition ).

At D:\Protozoa\scripts\44-SetupAnimationBlending.ps1:56 char:51
+     this.#log.info('Transition started', { toState, duration })
+                                                   ~
Missing argument in parameter list.

At D:\Protozoa\scripts\44-SetupAnimationBlending.ps1:60 char:26
+     if (!this.#transition) return
+                          ~
Missing statement block after if ( condition ).

Not all parse errors were reported.  Correct the reported errors and try again.
[2025-06-17 21:11:45] [Info] === PHASE 40 : Vitest testing framework setup ===
[2025-06-17 21:11:45] [Info] Executing: 18b-SetupTestingFramework.ps1
[2025-06-17 21:11:45] [Error] PHASE 40 FAILED: A parameter with the name 'WhatIf' was defined multiple times for the command.
[2025-06-17 21:11:45] [Info] === PHASE 41 : CI/CD pipeline ===
[2025-06-17 21:11:45] [Info] Executing: 45-SetupCICDPipeline.ps1
[2025-06-17 21:11:45] [Error] PHASE 41 FAILED: At D:\Protozoa\scripts\45-SetupCICDPipeline.ps1:17 char:8
+  $ci=@"name: CI
+        ~
No characters are allowed after a here-string header but before the end of the line.

At D:\Protozoa\scripts\45-SetupCICDPipeline.ps1:28 char:8
+       - uses: actions/checkout@v3
+        ~
Missing expression after unary operator '-'.

At D:\Protozoa\scripts\45-SetupCICDPipeline.ps1:28 char:9
+       - uses: actions/checkout@v3
+         ~~~~~
Unexpected token 'uses:' in expression or statement.

At D:\Protozoa\scripts\45-SetupCICDPipeline.ps1:29 char:8
+       - uses: pnpm/action-setup@v2
+        ~
Missing expression after unary operator '-'.

At D:\Protozoa\scripts\45-SetupCICDPipeline.ps1:29 char:9
+       - uses: pnpm/action-setup@v2
+         ~~~~~
Unexpected token 'uses:' in expression or statement.

At D:\Protozoa\scripts\45-SetupCICDPipeline.ps1:32 char:8
+       - name: Install deps
+        ~
Missing expression after unary operator '-'.

At D:\Protozoa\scripts\45-SetupCICDPipeline.ps1:32 char:9
+       - name: Install deps
+         ~~~~~
Unexpected token 'name:' in expression or statement.

At D:\Protozoa\scripts\45-SetupCICDPipeline.ps1:34 char:8
+       - name: Lint
+        ~
Missing expression after unary operator '-'.

At D:\Protozoa\scripts\45-SetupCICDPipeline.ps1:34 char:9
+       - name: Lint
+         ~~~~~
Unexpected token 'name:' in expression or statement.

At D:\Protozoa\scripts\45-SetupCICDPipeline.ps1:36 char:8
+       - name: Type Check
+        ~
Missing expression after unary operator '-'.

Not all parse errors were reported.  Correct the reported errors and try again.
[2025-06-17 21:11:46] [Info] === PHASE 42 : Docker deployment ===
[2025-06-17 21:11:46] [Info] Executing: 46-SetupDockerDeployment.ps1
[2025-06-17 21:11:46] [Error] PHASE 42 FAILED: At D:\Protozoa\scripts\46-SetupDockerDeployment.ps1:15 char:12
+  $docker=@"# Stage 1: build
+            ~
No characters are allowed after a here-string header but before the end of the line.

At D:\Protozoa\scripts\46-SetupDockerDeployment.ps1:16 char:1
+ FROM node:20-alpine as builder
+ ~~~~
The 'from' keyword is not supported in this version of the language.

At D:\Protozoa\scripts\46-SetupDockerDeployment.ps1:19 char:21
+ RUN corepack enable && pnpm install --frozen-lockfile && pnpm build
+                     ~~
The token '&&' is not a valid statement separator in this version.

At D:\Protozoa\scripts\46-SetupDockerDeployment.ps1:19 char:55
+ RUN corepack enable && pnpm install --frozen-lockfile && pnpm build
+                                                       ~~
The token '&&' is not a valid statement separator in this version.

At D:\Protozoa\scripts\46-SetupDockerDeployment.ps1:22 char:1
+ FROM node:20-alpine
+ ~~~~
The 'from' keyword is not supported in this version of the language.

At D:\Protozoa\scripts\46-SetupDockerDeployment.ps1:27 char:21
+ RUN corepack enable && pnpm install --prod --frozen-lockfile
+                     ~~
The token '&&' is not a valid statement separator in this version.

At D:\Protozoa\scripts\46-SetupDockerDeployment.ps1:32 char:12
+  $ignore=@"node_modules
+            ~~~~~~~~~~~~
Unexpected token 'node_modules' in expression or statement.

At D:\Protozoa\scripts\46-SetupDockerDeployment.ps1:44 char:12
+  $deploy=@"name: Docker Publish
+            ~~~~~
Unexpected token 'name:' in expression or statement.

At D:\Protozoa\scripts\46-SetupDockerDeployment.ps1:52 char:8
+       - uses: actions/checkout@v3
+        ~
Missing expression after unary operator '-'.

At D:\Protozoa\scripts\46-SetupDockerDeployment.ps1:52 char:9
+       - uses: actions/checkout@v3
+         ~~~~~
Unexpected token 'uses:' in expression or statement.

Not all parse errors were reported.  Correct the reported errors and try again.
[2025-06-17 21:11:46] [Info] === PHASE 43 : Performance regression testing ===
[2025-06-17 21:11:46] [Info] Executing: 47-SetupPerformanceRegression.ps1
[2025-06-17 21:11:46] [Error] PHASE 43 FAILED: At D:\Protozoa\scripts\47-SetupPerformanceRegression.ps1:21 char:10
+  $impl=@"import { performance } from 'perf_hooks'
+          ~
No characters are allowed after a here-string header but before the end of the line.

At D:\Protozoa\scripts\47-SetupPerformanceRegression.ps1:30 char:22
+  private constructor(){}
+                      ~
An expression was expected after '('.

At D:\Protozoa\scripts\47-SetupPerformanceRegression.ps1:31 char:21
+  static getInstance(){return this.#instance??(this.#instance=new Perf ...
+                     ~
An expression was expected after '('.

At D:\Protozoa\scripts\47-SetupPerformanceRegression.ps1:31 char:95
+ ...  this.#instance??(this.#instance=new PerformanceRegressionService())}
+                                                                       ~
An expression was expected after '('.

At D:\Protozoa\scripts\47-SetupPerformanceRegression.ps1:32 char:45
+  start(label:string){return performance.now()}
+                                             ~
An expression was expected after '('.

At D:\Protozoa\scripts\47-SetupPerformanceRegression.ps1:33 char:18
+  end(label:string,startTime:number){const d=performance.now()-startTi ...
+                  ~
Missing argument in parameter list.

At D:\Protozoa\scripts\47-SetupPerformanceRegression.ps1:33 char:61
+  end(label:string,startTime:number){const d=performance.now()-startTi ...
+                                                             ~
An expression was expected after '('.

At D:\Protozoa\scripts\47-SetupPerformanceRegression.ps1:33 char:98
+ ... onst d=performance.now()-startTime;this.#samples.push({label,duration ...
+                                                                 ~
Missing argument in parameter list.

At D:\Protozoa\scripts\47-SetupPerformanceRegression.ps1:34 char:9
+  report(){
+         ~
An expression was expected after '('.

At D:\Protozoa\scripts\47-SetupPerformanceRegression.ps1:35 char:40
+   this.#log.info('Performance samples',this.#samples)
+                                        ~
Missing expression after ','.

Not all parse errors were reported.  Correct the reported errors and try again.
[2025-06-17 21:11:47] [Info] === PHASE 44 : Bundle analysis ===
[2025-06-17 21:11:47] [Info] Executing: 48-SetupAdvancedBundleAnalysis.ps1
[2025-06-17 21:11:47] [Error] PHASE 44 FAILED: At D:\Protozoa\scripts\48-SetupAdvancedBundleAnalysis.ps1:19 char:10
+  $impl=@"import { execSync } from 'child_process'
+          ~
No characters are allowed after a here-string header but before the end of the line.

At D:\Protozoa\scripts\48-SetupAdvancedBundleAnalysis.ps1:25 char:22
+  private constructor(){}
+                      ~
An expression was expected after '('.

At D:\Protozoa\scripts\48-SetupAdvancedBundleAnalysis.ps1:26 char:21
+  static getInstance(){return this.#instance??(this.#instance=new Bund ...
+                     ~
An expression was expected after '('.

At D:\Protozoa\scripts\48-SetupAdvancedBundleAnalysis.ps1:26 char:88
+ ... {return this.#instance??(this.#instance=new BundleAnalyzerService())}
+                                                                       ~
An expression was expected after '('.

At D:\Protozoa\scripts\48-SetupAdvancedBundleAnalysis.ps1:27 char:10
+  analyze(){
+          ~
An expression was expected after '('.

At D:\Protozoa\scripts\48-SetupAdvancedBundleAnalysis.ps1:32 char:10
+  dispose(){BundleAnalyzerService.#instance=null}
+          ~
An expression was expected after '('.

At D:\Protozoa\scripts\48-SetupAdvancedBundleAnalysis.ps1:34 char:70
+ ... xport const bundleAnalyzerService=BundleAnalyzerService.getInstance()
+                                                                         ~
An expression was expected after '('.

At D:\Protozoa\scripts\48-SetupAdvancedBundleAnalysis.ps1:43 char:16
+    $append=@"  bundle-analysis:
+                ~~~~~~~~~~~~~~~~
Unexpected token 'bundle-analysis:' in expression or statement.

At D:\Protozoa\scripts\48-SetupAdvancedBundleAnalysis.ps1:47 char:8
+       - uses: actions/checkout@v3
+        ~
Missing expression after unary operator '-'.

At D:\Protozoa\scripts\48-SetupAdvancedBundleAnalysis.ps1:47 char:9
+       - uses: actions/checkout@v3
+         ~~~~~
Unexpected token 'uses:' in expression or statement.

Not all parse errors were reported.  Correct the reported errors and try again.
[2025-06-17 21:11:47] [Info] === PHASE 45 : Automated documentation ===
[2025-06-17 21:11:47] [Info] Executing: 49-SetupAutomatedDocumentation.ps1
[2025-06-17 21:11:47] [Error] PHASE 45 FAILED: At D:\Protozoa\scripts\49-SetupAutomatedDocumentation.ps1:15 char:13
+  $typedoc=@"{
+             ~
No characters are allowed after a here-string header but before the end of the line.

At D:\Protozoa\scripts\49-SetupAutomatedDocumentation.ps1:16 char:16
+   "entryPoints": ["src/index.ts"],
+                ~
Unexpected token ':' in expression or statement.

At D:\Protozoa\scripts\49-SetupAutomatedDocumentation.ps1:22 char:2
+ }
+  ~
The Try statement is missing its Catch or Finally block.

At D:\Protozoa\scripts\49-SetupAutomatedDocumentation.ps1:27 char:9
+  $gen=@"import { spawnSync } from 'child_process'
+         ~~~~~~
Unexpected token 'import' in expression or statement.

At D:\Protozoa\scripts\49-SetupAutomatedDocumentation.ps1:29 char:19
+ spawnSync('npx', ['typedoc'], { stdio: 'inherit' })
+                   ~
Missing type name after '['.

At D:\Protozoa\scripts\49-SetupAutomatedDocumentation.ps1:29 char:17
+ spawnSync('npx', ['typedoc'], { stdio: 'inherit' })
+                 ~
Missing expression after ','.

At D:\Protozoa\scripts\49-SetupAutomatedDocumentation.ps1:29 char:18
+ spawnSync('npx', ['typedoc'], { stdio: 'inherit' })
+                  ~~~~~~~~~~~
Unexpected token '['typedoc']' in expression or statement.

At D:\Protozoa\scripts\49-SetupAutomatedDocumentation.ps1:29 char:17
+ spawnSync('npx', ['typedoc'], { stdio: 'inherit' })
+                 ~
Missing closing ')' in expression.

At D:\Protozoa\scripts\49-SetupAutomatedDocumentation.ps1:29 char:51
+ spawnSync('npx', ['typedoc'], { stdio: 'inherit' })
+                                                   ~
Unexpected token ')' in expression or statement.

At D:\Protozoa\scripts\49-SetupAutomatedDocumentation.ps1:37 char:10
+  $docs=@"name: Docs
+          ~~~~~
Unexpected token 'name:' in expression or statement.

Not all parse errors were reported.  Correct the reported errors and try again.
[2025-06-17 21:11:48] [Info] === PHASE 46 : Service integration ===
[2025-06-17 21:11:48] [Info] Executing: 50-SetupServiceIntegration.ps1
[2025-06-17 21:11:48] [Error] PHASE 46 FAILED: At D:\Protozoa\scripts\50-SetupServiceIntegration.ps1:16 char:10
+  $comp=@"// compositionRoot.ts ‚Äì initializes all domain singletons  ...
+          ~
No characters are allowed after a here-string header but before the end of the line.

At D:\Protozoa\scripts\50-SetupServiceIntegration.ps1:29 char:30
+ export function initServices(){
+                              ~
An expression was expected after '('.

At D:\Protozoa\scripts\50-SetupServiceIntegration.ps1:31 char:48
+   traitService.configureDependencies(rngService, bitcoinService)
+                                                ~
Missing argument in parameter list.

At D:\Protozoa\scripts\50-SetupServiceIntegration.ps1:32 char:55
+   particleService.configureDependencies(physicsService, renderingServ ...
+                                                       ~
Missing argument in parameter list.

At D:\Protozoa\scripts\50-SetupServiceIntegration.ps1:34 char:113
+ ... d('canvas') as HTMLCanvasElement,{formation:formationService,effect:e ...
+                                                                 ~
Missing argument in parameter list.

At D:\Protozoa\scripts\50-SetupServiceIntegration.ps1:39 char:33
+ export function disposeServices(){
+                                 ~
An expression was expected after '('.

At D:\Protozoa\scripts\50-SetupServiceIntegration.ps1:40 char:28
+   renderingService.dispose(); physicsService.dispose(); traitService. ...
+                            ~
An expression was expected after '('.

At D:\Protozoa\scripts\50-SetupServiceIntegration.ps1:40 char:54
+   renderingService.dispose(); physicsService.dispose(); traitService. ...
+                                                      ~
An expression was expected after '('.

At D:\Protozoa\scripts\50-SetupServiceIntegration.ps1:40 char:78
+ ... gService.dispose(); physicsService.dispose(); traitService.dispose();
+                                                                        ~
An expression was expected after '('.

At D:\Protozoa\scripts\50-SetupServiceIntegration.ps1:41 char:25
+   effectService.dispose(); animationService.dispose(); groupService.d ...
+                         ~
An expression was expected after '('.

Not all parse errors were reported.  Correct the reported errors and try again.
[2025-06-17 21:11:48] [Info] === PHASE 47 : Global state management ===
[2025-06-17 21:11:48] [Info] Executing: 51-SetupGlobalStateManagement.ps1
[2025-06-17 21:11:48] [Error] PHASE 47 FAILED: At D:\Protozoa\scripts\51-SetupGlobalStateManagement.ps1:12 char:9
+  $sim=@"import create from 'zustand'
+         ~
No characters are allowed after a here-string header but before the end of the line.

At D:\Protozoa\scripts\51-SetupGlobalStateManagement.ps1:14 char:78
+ ... imulationStore=create<SimulationState>(set=>({ running:false, formati ...
+                                                                 ~
Missing argument in parameter list.

At D:\Protozoa\scripts\51-SetupGlobalStateManagement.ps1:17 char:10
+  $part=@"import create from 'zustand'
+          ~~~~~~
Unexpected token 'import' in expression or statement.

At D:\Protozoa\scripts\51-SetupGlobalStateManagement.ps1:19 char:75
+ ... seParticleStore=create<ParticleUIState>(set=>({selected:null,select:i ...
+                                                                 ~
Missing argument in parameter list.

At D:\Protozoa\scripts\51-SetupGlobalStateManagement.ps1:22 char:20
+  Write-SuccessLog "Zustand stores generated"
+                    ~~~~~~~
Unexpected token 'Zustand' in expression or statement.

At D:\Protozoa\scripts\51-SetupGlobalStateManagement.ps1:24 char:67
+ ... {Write-ErrorLog "State setup failed: $($_.Exception.Message)";exit 1}
+                                                                 ~~~~~~~~~
The string is missing the terminator: ".

At D:\Protozoa\scripts\51-SetupGlobalStateManagement.ps1:8 char:4
+ try{
+    ~
Missing closing '}' in statement block or type definition.

At D:\Protozoa\scripts\51-SetupGlobalStateManagement.ps1:24 char:76
+ ... {Write-ErrorLog "State setup failed: $($_.Exception.Message)";exit 1}
+                                                                          ~
The Try statement is missing its Catch or Finally block.
[2025-06-17 21:11:49] [Info] === PHASE 48 : React integration ===
[2025-06-17 21:11:49] [Info] Executing: 52-SetupReactIntegration.ps1
[2025-06-17 21:11:49] [Error] PHASE 48 FAILED: At D:\Protozoa\scripts\52-SetupReactIntegration.ps1:13 char:12
+  $canvas=@"'use client'
+            ~
No characters are allowed after a here-string header but before the end of the line.

At D:\Protozoa\scripts\52-SetupReactIntegration.ps1:14 char:16
+ import { Canvas, useFrame } from '@react-three/fiber'
+                ~
Missing argument in parameter list.

At D:\Protozoa\scripts\52-SetupReactIntegration.ps1:18 char:34
+ export function SimulationCanvas(){
+                                  ~
An expression was expected after '('.

At D:\Protozoa\scripts\52-SetupReactIntegration.ps1:20 char:11
+   <Canvas>
+           ~
Missing closing ')' in expression.

At D:\Protozoa\scripts\52-SetupReactIntegration.ps1:21 char:5
+     <Suspense fallback={null}>
+     ~
The '<' operator is reserved for future use.

At D:\Protozoa\scripts\52-SetupReactIntegration.ps1:21 char:15
+     <Suspense fallback={null}>
+               ~~~~~~~~~
Unexpected token 'fallback=' in expression or statement.

At D:\Protozoa\scripts\52-SetupReactIntegration.ps1:21 char:31
+     <Suspense fallback={null}>
+                               ~
Missing file specification after redirection operator.

At D:\Protozoa\scripts\52-SetupReactIntegration.ps1:18 char:35
+ export function SimulationCanvas(){
+                                   ~
Missing closing '}' in statement block or type definition.

At D:\Protozoa\scripts\52-SetupReactIntegration.ps1:8 char:4
+ try{
+    ~
Missing closing '}' in statement block or type definition.

At D:\Protozoa\scripts\52-SetupReactIntegration.ps1:24 char:12
+   </Canvas>
+            ~
The Try statement is missing its Catch or Finally block.

Not all parse errors were reported.  Correct the reported errors and try again.
[2025-06-17 21:11:49] [Info] === PHASE 49 : Event bus system ===
[2025-06-17 21:11:49] [Info] Executing: 53-SetupEventBusSystem.ps1
[2025-06-17 21:11:49] [Error] PHASE 49 FAILED: At D:\Protozoa\scripts\53-SetupEventBusSystem.ps1:21 char:11
+  $iface=@"import { EventEmitter } from 'events'
+           ~
No characters are allowed after a here-string header but before the end of the line.

At D:\Protozoa\scripts\53-SetupEventBusSystem.ps1:23 char:25
+   emitEvent(event:string,payload?:unknown):void
+                         ~
Missing argument in parameter list.

At D:\Protozoa\scripts\53-SetupEventBusSystem.ps1:29 char:10
+  $impl=@"import { EventEmitter } from 'events'
+          ~~~~~~
Unexpected token 'import' in expression or statement.

At D:\Protozoa\scripts\53-SetupEventBusSystem.ps1:33 char:15
+ class EventBus extends EventEmitter implements IEventBus{
+               ~
Missing 'class' body in 'class' declaration.

At D:\Protozoa\scripts\53-SetupEventBusSystem.ps1:36 char:22
+  private constructor(){super()}
+                      ~
An expression was expected after '('.

At D:\Protozoa\scripts\53-SetupEventBusSystem.ps1:36 char:30
+  private constructor(){super()}
+                              ~
An expression was expected after '('.

At D:\Protozoa\scripts\53-SetupEventBusSystem.ps1:37 char:21
+  static getInstance(){return this.#instance??(this.#instance=new Even ...
+                     ~
An expression was expected after '('.

At D:\Protozoa\scripts\53-SetupEventBusSystem.ps1:37 char:75
+ ... getInstance(){return this.#instance??(this.#instance=new EventBus())}
+                                                                       ~
An expression was expected after '('.

At D:\Protozoa\scripts\53-SetupEventBusSystem.ps1:38 char:24
+  emitEvent(event:string,payload?:unknown){ this.emit(event,payload);  ...
+                        ~
Missing argument in parameter list.

At D:\Protozoa\scripts\53-SetupEventBusSystem.ps1:38 char:59
+  emitEvent(event:string,payload?:unknown){ this.emit(event,payload);  ...
+                                                           ~
Missing argument in parameter list.

Not all parse errors were reported.  Correct the reported errors and try again.
[2025-06-17 21:11:50] [Info] === PHASE 50 : Performance testing ===
[2025-06-17 21:11:50] [Info] Executing: 54-SetupPerformanceTesting.ps1
[2025-06-17 21:11:50] [Error] PHASE 50 FAILED: At D:\Protozoa\scripts\54-SetupPerformanceTesting.ps1:17 char:14
+  $perfTest=@"import { describe, it, expect } from 'vitest'
+              ~
No characters are allowed after a here-string header but before the end of the line.

At D:\Protozoa\scripts\54-SetupPerformanceTesting.ps1:21 char:41
+ describe('Particle update performance',()=>{
+                                         ~
An expression was expected after '('.

At D:\Protozoa\scripts\54-SetupPerformanceTesting.ps1:22 char:47
+  it('should update 10k particles under 16ms',()=>{
+                                               ~
An expression was expected after '('.

At D:\Protozoa\scripts\54-SetupPerformanceTesting.ps1:23 char:27
+   for(let i=0;i<10000;i++) particleService.createParticle()
+                           ~
Missing statement body in for loop.

At D:\Protozoa\scripts\54-SetupPerformanceTesting.ps1:23 char:59
+   for(let i=0;i<10000;i++) particleService.createParticle()
+                                                           ~
An expression was expected after '('.

At D:\Protozoa\scripts\54-SetupPerformanceTesting.ps1:26 char:21
+   perf.end('update',t)
+                     ~
Missing expression after ','.

At D:\Protozoa\scripts\54-SetupPerformanceTesting.ps1:26 char:21
+   perf.end('update',t)
+                     ~
Unexpected token 't' in expression or statement.

At D:\Protozoa\scripts\54-SetupPerformanceTesting.ps1:26 char:21
+   perf.end('update',t)
+                     ~
Missing closing ')' in expression.

At D:\Protozoa\scripts\54-SetupPerformanceTesting.ps1:22 char:50
+  it('should update 10k particles under 16ms',()=>{
+                                                  ~
Missing closing '}' in statement block or type definition.

At D:\Protozoa\scripts\54-SetupPerformanceTesting.ps1:27 char:30
+   const duration=perf.report().find(s=>s.label==='update')!.duration
+                              ~
An expression was expected after '('.

Not all parse errors were reported.  Correct the reported errors and try again.
[2025-06-17 21:11:50] [Info] === PHASE 51 : Persistence layer ===
[2025-06-17 21:11:50] [Info] Executing: 55-SetupPersistenceLayer.ps1
[2025-06-17 21:11:50] [Error] PHASE 51 FAILED: At D:\Protozoa\scripts\55-SetupPersistenceLayer.ps1:21 char:11
+  $iface=@"export interface IPersistenceService{
+           ~
No characters are allowed after a here-string header but before the end of the line.

At D:\Protozoa\scripts\55-SetupPersistenceLayer.ps1:22 char:18
+   save(key:string,value:unknown):Promise<void>
+                  ~
Missing argument in parameter list.

At D:\Protozoa\scripts\55-SetupPersistenceLayer.ps1:24 char:11
+   dispose():void
+           ~
An expression was expected after '('.

At D:\Protozoa\scripts\55-SetupPersistenceLayer.ps1:25 char:2
+ }
+  ~
The Try statement is missing its Catch or Finally block.

At D:\Protozoa\scripts\55-SetupPersistenceLayer.ps1:30 char:10
+  $impl=@"import { openDB, DBSchema } from 'idb'
+          ~~~~~~
Unexpected token 'import' in expression or statement.

At D:\Protozoa\scripts\55-SetupPersistenceLayer.ps1:30 char:25
+  $impl=@"import { openDB, DBSchema } from 'idb'
+                         ~
Missing argument in parameter list.

At D:\Protozoa\scripts\55-SetupPersistenceLayer.ps1:36 char:25
+ class PersistenceService implements IPersistenceService{
+                         ~
Missing 'class' body in 'class' declaration.

At D:\Protozoa\scripts\55-SetupPersistenceLayer.ps1:40 char:22
+  private constructor(){}
+                      ~
An expression was expected after '('.

At D:\Protozoa\scripts\55-SetupPersistenceLayer.ps1:41 char:21
+  static getInstance(){return this.#instance??(this.#instance=new Pers ...
+                     ~
An expression was expected after '('.

At D:\Protozoa\scripts\55-SetupPersistenceLayer.ps1:41 char:85
+ ... e(){return this.#instance??(this.#instance=new PersistenceService())}
+                                                                       ~
An expression was expected after '('.

Not all parse errors were reported.  Correct the reported errors and try again.
[2025-06-17 21:11:50] [Info] === PHASE 52 : End-to-end validation ===
[2025-06-17 21:11:50] [Info] Executing: 56-SetupEndToEndValidation.ps1
[2025-06-17 21:11:50] [Error] PHASE 52 FAILED: At D:\Protozoa\scripts\56-SetupEndToEndValidation.ps1:15 char:10
+  $test=@"import { test, expect } from '@playwright/test'
+          ~
No characters are allowed after a here-string header but before the end of the line.

At D:\Protozoa\scripts\56-SetupEndToEndValidation.ps1:17 char:31
+ test('organism creation flow',async({ page })=>{
+                               ~
Missing expression after ','.

At D:\Protozoa\scripts\56-SetupEndToEndValidation.ps1:17 char:31
+ test('organism creation flow',async({ page })=>{
+                               ~~~~~
Unexpected token 'async' in expression or statement.

At D:\Protozoa\scripts\56-SetupEndToEndValidation.ps1:17 char:31
+ test('organism creation flow',async({ page })=>{
+                               ~
Missing closing ')' in expression.

At D:\Protozoa\scripts\56-SetupEndToEndValidation.ps1:10 char:4
+ try{
+    ~
Missing closing '}' in statement block or type definition.

At D:\Protozoa\scripts\56-SetupEndToEndValidation.ps1:21 char:2
+ })
+  ~
The Try statement is missing its Catch or Finally block.

At D:\Protozoa\scripts\56-SetupEndToEndValidation.ps1:21 char:2
+ })
+  ~
Unexpected token ')' in expression or statement.

At D:\Protozoa\scripts\56-SetupEndToEndValidation.ps1:25 char:9
+  $cfg=@"import { defineConfig } from '@playwright/test'
+         ~~~~~~
Unexpected token 'import' in expression or statement.

At D:\Protozoa\scripts\56-SetupEndToEndValidation.ps1:26 char:50
+ export default defineConfig({ use:{ headless:true, baseURL:'http://lo ...
+                                                  ~
Missing argument in parameter list.

At D:\Protozoa\scripts\56-SetupEndToEndValidation.ps1:35 char:16
+    $append=@"  e2e-test:
+                ~~~~~~~~~
Unexpected token 'e2e-test:' in expression or statement.

Not all parse errors were reported.  Correct the reported errors and try again.
[2025-06-17 21:11:51] [Info] === PHASE 53 : Final validation and setup completion ===
[2025-06-17 21:11:51] [Info] Executing: 15-ValidateSetupComplete.ps1
[2025-06-17 21:11:51] [Info] === Setup Validation - Concerns #3 & #4 Resolution ===
[2025-06-17 21:11:51] [Info] Validating setup in project root: D:\Protozoa
[2025-06-17 21:11:51] [Error] Validation failed with exception: A positional parameter cannot be found that accepts argument 'ç'.
[2025-06-17 21:11:51] [Error] PHASE 53 FAILED: Script exited with code 1
[2025-06-17 21:11:51] [Info] === AUTOMATION PIPELINE SUMMARY ===
[2025-06-17 21:11:51] [Info] Total execution time: 1.19 minutes
[2025-06-17 21:11:51] [Info] Results: 20 succeeded, 34 failed, 0 missing
[2025-06-17 21:11:51] [Info]   Phase 0: ‚úÖ 00-InitEnvironment.ps1 (4.7s)
[2025-06-17 21:11:51] [Info]   Phase 1: ‚úÖ 01-ScaffoldProjectStructure.ps1 (0.1s)
[2025-06-17 21:11:51] [Info]   Phase 2: ‚úÖ 02-GenerateDomainStubs.ps1 (0.1s)
[2025-06-17 21:11:51] [Info]   Phase 3: ‚ùå 03-MoveAndCleanCodebase.ps1 (0.8s)
[2025-06-17 21:11:51] [Warning]     Error: The term 'Get-FileLineCount' is not recognized as the name of a cmdlet, function, script file, or operable program. Check the spelling of the name, or if a path was included, verify that the path is correct and try again.
[2025-06-17 21:11:51] [Info]   Phase 4: ‚úÖ 04-EnforceSingletonPatterns.ps1 (0.1s)
[2025-06-17 21:11:51] [Info]   Phase 5: ‚úÖ 05-VerifyCompliance.ps1 (0.4s)
[2025-06-17 21:11:51] [Info]   Phase 6: ‚ùå 06-DomainLint.ps1 (0.1s)
[2025-06-17 21:11:51] [Warning]     Error: Script exited with code 1
[2025-06-17 21:11:51] [Info]   Phase 7: ‚úÖ 07-BuildAndTest.ps1 (0.8s)
[2025-06-17 21:11:51] [Info]   Phase 8: ‚ùå 20-SetupPreCommitValidation.ps1 (9.6s)
[2025-06-17 21:11:51] [Warning]     Error: Script exited with code 1
[2025-06-17 21:11:51] [Info]   Phase 9: ‚ùå 08-DeployToGitHub.ps1 (1.9s)
[2025-06-17 21:11:51] [Warning]     Error: Cannot bind argument to parameter 'Message' because it is an empty string.
[2025-06-17 21:11:51] [Info]   Phase 10: ‚ùå 16-GenerateSharedTypesService.ps1 (0.2s)
[2025-06-17 21:11:51] [Warning]     Error: Cannot bind argument to parameter 'Message' because it is an empty string.
[2025-06-17 21:11:51] [Info]   Phase 11: ‚ùå 17-GenerateEnvironmentConfig.ps1 (0.0s)
[2025-06-17 21:11:51] [Warning]     Error: At D:\Protozoa\scripts\17-GenerateEnvironmentConfig.ps1:724 char:84
+ ... og "3. Use createServiceLogger for consistent logging across domains"
+                                                                         ~
The string is missing the terminator: ".

At D:\Protozoa\scripts\17-GenerateEnvironmentConfig.ps1:702 char:19
+ if (-not $WhatIf) {
+                   ~
Missing closing '}' in statement block or type definition.
[2025-06-17 21:11:51] [Info]   Phase 12: ‚ùå 18a-SetupLoggingService.ps1 (0.0s)
[2025-06-17 21:11:51] [Warning]     Error: At D:\Protozoa\scripts\18a-SetupLoggingService.ps1:87 char:6
+     } else {
+      ~
The Try statement is missing its Catch or Finally block.

At D:\Protozoa\scripts\18a-SetupLoggingService.ps1:113 char:72
+ ...  Write-ErrorLog "SetupLoggingService failed: $($_.Exception.Message)"
+                                                                         ~
The string is missing the terminator: ".

At D:\Protozoa\scripts\18a-SetupLoggingService.ps1:106 char:12
+     } else {
+            ~
Missing closing '}' in statement block or type definition.
[2025-06-17 21:11:51] [Info]   Phase 13: ‚ùå 18-GenerateFormationDomain.ps1 (0.1s)
[2025-06-17 21:11:51] [Warning]     Error: The term 'Write-StatusMessage' is not recognized as the name of a cmdlet, function, script file, or operable program. Check the spelling of the name, or if a path was included, verify that the path is correct and try again.
[2025-06-17 21:11:51] [Info]   Phase 14: ‚ùå 14-FixUtilityFunctions.ps1 (12.4s)
[2025-06-17 21:11:51] [Warning]     Error: Script exited with code 1
[2025-06-17 21:11:51] [Info]   Phase 15: ‚úÖ 19-ConfigureAdvancedTypeScript.ps1 (0.2s)
[2025-06-17 21:11:51] [Info]   Phase 16: ‚úÖ 21-ConfigureDevEnvironment.ps1 (0.1s)
[2025-06-17 21:11:51] [Info]   Phase 17: ‚úÖ 22-SetupBitcoinProtocol.ps1 (0.1s)
[2025-06-17 21:11:51] [Info]   Phase 18: ‚úÖ 23-GenerateRNGService.ps1 (0.1s)
[2025-06-17 21:11:51] [Info]   Phase 19: ‚úÖ 24-GeneratePhysicsService.ps1 (0.1s)
[2025-06-17 21:11:51] [Info]   Phase 20: ‚úÖ 25-SetupPhysicsWebWorkers.ps1 (0.1s)
[2025-06-17 21:11:51] [Info]   Phase 21: ‚úÖ 26-GenerateBitcoinService.ps1 (0.1s)
[2025-06-17 21:11:51] [Info]   Phase 22: ‚úÖ 27-GenerateTraitService.ps1 (0.1s)
[2025-06-17 21:11:51] [Info]   Phase 23: ‚úÖ 28-SetupBlockchainDataIntegration.ps1 (0.0s)
[2025-06-17 21:11:51] [Info]   Phase 24: ‚ùå 29-SetupDataValidationLayer.ps1 (0.0s)
[2025-06-17 21:11:51] [Warning]     Error: At D:\Protozoa\scripts\29-SetupDataValidationLayer.ps1:24 char:14
+   $iface = @"/**
+              ~
No characters are allowed after a here-string header but before the end of the line.

At D:\Protozoa\scripts\29-SetupDataValidationLayer.ps1:37 char:13
+   $impl = @"import { createServiceLogger, createErrorLogger } from '@ ...
+             ~
No characters are allowed after a here-string header but before the end of the line.

At D:\Protozoa\scripts\29-SetupDataValidationLayer.ps1:44 char:23
+   private constructor() {}
+                       ~
An expression was expected after '('.

At D:\Protozoa\scripts\29-SetupDataValidationLayer.ps1:45 char:22
+   static getInstance(){return this.#instance??(this.#instance=new Dat ...
+                      ~
An expression was expected after '('.

At D:\Protozoa\scripts\29-SetupDataValidationLayer.ps1:45 char:89
+ ... {return this.#instance??(this.#instance=new DataValidationService())}
+                                                                       ~
An expression was expected after '('.

At D:\Protozoa\scripts\29-SetupDataValidationLayer.ps1:47 char:13
+     if(!data||!data.hash||!data.merkle_root){this.#err.logError(new E ...
+             ~~
The token '||' is not a valid statement separator in this version.

At D:\Protozoa\scripts\29-SetupDataValidationLayer.ps1:47 char:25
+     if(!data||!data.hash||!data.merkle_root){this.#err.logError(new E ...
+                         ~~
The token '||' is not a valid statement separator in this version.

At D:\Protozoa\scripts\29-SetupDataValidationLayer.ps1:47 char:97
+ ... kle_root){this.#err.logError(new Error('Invalid block'),{data});retur ...
+                                                                  ~
The Data section is missing its statement block.

At D:\Protozoa\scripts\29-SetupDataValidationLayer.ps1:51 char:38
+     const isValid = content.length>0 && content.startsWith('{')
+                                      ~~
The token '&&' is not a valid statement separator in this version.

At D:\Protozoa\scripts\29-SetupDataValidationLayer.ps1:52 char:16
+     if(!isValid) this.#log.warn('Inscription content failed validatio ...
+                ~
Missing statement block after if ( condition ).

Not all parse errors were reported.  Correct the reported errors and try again.
[2025-06-17 21:11:51] [Info]   Phase 25: ‚ùå 30-EnhanceTraitSystem.ps1 (0.0s)
[2025-06-17 21:11:51] [Warning]     Error: At D:\Protozoa\scripts\30-EnhanceTraitSystem.ps1:16 char:13
+  $content=@"/**
+             ~
No characters are allowed after a here-string header but before the end of the line.
[2025-06-17 21:11:51] [Info]   Phase 26: ‚úÖ 31-GenerateParticleService.ps1 (0.1s)
[2025-06-17 21:11:51] [Info]   Phase 27: ‚ùå 32-SetupParticleLifecycleManagement.ps1 (0.0s)
[2025-06-17 21:11:51] [Warning]     Error: At D:\Protozoa\scripts\32-SetupParticleLifecycleManagement.ps1:19 char:11
+  $iface=@"export interface ILifecycleEngine{
+           ~
No characters are allowed after a here-string header but before the end of the line.

At D:\Protozoa\scripts\32-SetupParticleLifecycleManagement.ps1:23 char:11
+   dispose():void
+           ~
An expression was expected after '('.

At D:\Protozoa\scripts\32-SetupParticleLifecycleManagement.ps1:24 char:2
+ }
+  ~
The Try statement is missing its Catch or Finally block.

At D:\Protozoa\scripts\32-SetupParticleLifecycleManagement.ps1:29 char:10
+  $impl=@"import { particleService } from '@/domains/particle/services ...
+          ~~~~~~
Unexpected token 'import' in expression or statement.

At D:\Protozoa\scripts\32-SetupParticleLifecycleManagement.ps1:35 char:22
+  private constructor(){}
+                      ~
An expression was expected after '('.

At D:\Protozoa\scripts\32-SetupParticleLifecycleManagement.ps1:36 char:21
+  static getInstance(){return this.#instance??(this.#instance=new Life ...
+                     ~
An expression was expected after '('.

At D:\Protozoa\scripts\32-SetupParticleLifecycleManagement.ps1:36 char:82
+ ... ance(){return this.#instance??(this.#instance=new LifecycleEngine())}
+                                                                       ~
An expression was expected after '('.

At D:\Protozoa\scripts\32-SetupParticleLifecycleManagement.ps1:38 char:27
+   for(let i=0;i<count;i++) particleService.createParticle()
+                           ~
Missing statement body in for loop.

At D:\Protozoa\scripts\32-SetupParticleLifecycleManagement.ps1:38 char:59
+   for(let i=0;i<count;i++) particleService.createParticle()
+                                                           ~
An expression was expected after '('.

At D:\Protozoa\scripts\32-SetupParticleLifecycleManagement.ps1:43 char:10
+  dispose(){LifecycleEngine.#instance=null}
+          ~
An expression was expected after '('.

Not all parse errors were reported.  Correct the reported errors and try again.
[2025-06-17 21:11:51] [Info]   Phase 28: ‚ùå 33-ImplementSwarmIntelligence.ps1 (0.0s)
[2025-06-17 21:11:51] [Warning]     Error: At D:\Protozoa\scripts\33-ImplementSwarmIntelligence.ps1:21 char:11
+  $iface=@"export interface ISwarmService{
+           ~
No characters are allowed after a here-string header but before the end of the line.

At D:\Protozoa\scripts\33-ImplementSwarmIntelligence.ps1:23 char:11
+   dispose():void
+           ~
An expression was expected after '('.

At D:\Protozoa\scripts\33-ImplementSwarmIntelligence.ps1:24 char:2
+ }
+  ~
The Try statement is missing its Catch or Finally block.

At D:\Protozoa\scripts\33-ImplementSwarmIntelligence.ps1:29 char:10
+  $impl=@"import { createServiceLogger } from '@/shared/lib/logger'
+          ~~~~~~
Unexpected token 'import' in expression or statement.

At D:\Protozoa\scripts\33-ImplementSwarmIntelligence.ps1:37 char:22
+  private constructor(){}
+                      ~
An expression was expected after '('.

At D:\Protozoa\scripts\33-ImplementSwarmIntelligence.ps1:38 char:21
+  static getInstance(){return this.#instance??(this.#instance=new Swar ...
+                     ~
An expression was expected after '('.

At D:\Protozoa\scripts\33-ImplementSwarmIntelligence.ps1:38 char:79
+ ... nstance(){return this.#instance??(this.#instance=new SwarmService())}
+                                                                       ~
An expression was expected after '('.

At D:\Protozoa\scripts\33-ImplementSwarmIntelligence.ps1:46 char:10
+  dispose(){SwarmService.#instance=null}
+          ~
An expression was expected after '('.

At D:\Protozoa\scripts\33-ImplementSwarmIntelligence.ps1:48 char:52
+ export const swarmService=SwarmService.getInstance()
+                                                    ~
An expression was expected after '('.

At D:\Protozoa\scripts\33-ImplementSwarmIntelligence.ps1:51 char:20
+  Write-SuccessLog "SwarmService generated"
+                    ~~~~~~~~~~~~
Unexpected token 'SwarmService' in expression or statement.

Not all parse errors were reported.  Correct the reported errors and try again.
[2025-06-17 21:11:51] [Info]   Phase 29: ‚ùå 34-EnhanceFormationSystem.ps1 (0.0s)
[2025-06-17 21:11:51] [Warning]     Error: At D:\Protozoa\scripts\34-EnhanceFormationSystem.ps1:18 char:13
+  $enhance=@"import { createServiceLogger } from '@/shared/lib/logger'
+             ~
No characters are allowed after a here-string header but before the end of the line.

At D:\Protozoa\scripts\34-EnhanceFormationSystem.ps1:26 char:28
+   generatePattern(id:string,count:number):FormationPattern{
+                            ~
Missing argument in parameter list.

At D:\Protozoa\scripts\34-EnhanceFormationSystem.ps1:29 char:11
+       case 'fibonacci':
+           ~
Missing statement block in switch statement clause.

At D:\Protozoa\scripts\34-EnhanceFormationSystem.ps1:29 char:23
+       case 'fibonacci':
+                       ~
Missing statement block in switch statement clause.

At D:\Protozoa\scripts\34-EnhanceFormationSystem.ps1:29 char:24
+       case 'fibonacci':
+                        ~
Missing statement block in switch statement clause.

At D:\Protozoa\scripts\34-EnhanceFormationSystem.ps1:30 char:12
+         for(let i=0;i<count;i++){
+            ~
Missing statement block in switch statement clause.

At D:\Protozoa\scripts\34-EnhanceFormationSystem.ps1:30 char:20
+         for(let i=0;i<count;i++){
+                    ~
Missing closing ')' in expression.

At D:\Protozoa\scripts\34-EnhanceFormationSystem.ps1:30 char:20
+         for(let i=0;i<count;i++){
+                    ~
Missing statement block in switch statement clause.

At D:\Protozoa\scripts\34-EnhanceFormationSystem.ps1:30 char:28
+         for(let i=0;i<count;i++){
+                            ~
Missing statement block in switch statement clause.

At D:\Protozoa\scripts\34-EnhanceFormationSystem.ps1:30 char:32
+         for(let i=0;i<count;i++){
+                                ~
Missing statement block in switch statement clause.

Not all parse errors were reported.  Correct the reported errors and try again.
[2025-06-17 21:11:51] [Info]   Phase 30: ‚úÖ 35-GenerateRenderingService.ps1 (0.1s)
[2025-06-17 21:11:51] [Info]   Phase 31: ‚úÖ 36-GenerateEffectService.ps1 (0.0s)
[2025-06-17 21:11:51] [Info]   Phase 32: ‚ùå 37-SetupCustomShaderSystem.ps1 (0.0s)
[2025-06-17 21:11:51] [Warning]     Error: At D:\Protozoa\scripts\37-SetupCustomShaderSystem.ps1:23 char:9
+  $lib=@"// shaderLibrary.ts ‚Äì collection of GLSL snippets
+         ~
No characters are allowed after a here-string header but before the end of the line.

At D:\Protozoa\scripts\37-SetupCustomShaderSystem.ps1:27 char:15
+     void main(){
+               ~
An expression was expected after '('.

At D:\Protozoa\scripts\37-SetupCustomShaderSystem.ps1:29 char:41
+       float stripe=smoothstep(0.45,0.55,abs(sin(uv.y*20.0)));
+                                         ~
Missing expression after ','.

At D:\Protozoa\scripts\37-SetupCustomShaderSystem.ps1:29 char:41
+       float stripe=smoothstep(0.45,0.55,abs(sin(uv.y*20.0)));
+                                         ~~~
Unexpected token 'abs' in expression or statement.

At D:\Protozoa\scripts\37-SetupCustomShaderSystem.ps1:29 char:41
+       float stripe=smoothstep(0.45,0.55,abs(sin(uv.y*20.0)));
+                                         ~
Missing closing ')' in expression.

At D:\Protozoa\scripts\37-SetupCustomShaderSystem.ps1:27 char:16
+     void main(){
+                ~
Missing closing '}' in statement block or type definition.

At D:\Protozoa\scripts\37-SetupCustomShaderSystem.ps1:24 char:22
+ export const Shaders={
+                      ~
Missing closing '}' in statement block or type definition.

At D:\Protozoa\scripts\37-SetupCustomShaderSystem.ps1:12 char:4
+ try{
+    ~
Missing closing '}' in statement block or type definition.

At D:\Protozoa\scripts\37-SetupCustomShaderSystem.ps1:29 char:60
+       float stripe=smoothstep(0.45,0.55,abs(sin(uv.y*20.0)));
+                                                            ~
The Try statement is missing its Catch or Finally block.

At D:\Protozoa\scripts\37-SetupCustomShaderSystem.ps1:29 char:60
+       float stripe=smoothstep(0.45,0.55,abs(sin(uv.y*20.0)));
+                                                            ~
Unexpected token ')' in expression or statement.

Not all parse errors were reported.  Correct the reported errors and try again.
[2025-06-17 21:11:51] [Info]   Phase 33: ‚ùå 38-ImplementLODSystem.ps1 (0.0s)
[2025-06-17 21:11:51] [Warning]     Error: At D:\Protozoa\scripts\38-ImplementLODSystem.ps1:21 char:11
+  $iface=@"import type { Object3D } from 'three'
+           ~
No characters are allowed after a here-string header but before the end of the line.

At D:\Protozoa\scripts\38-ImplementLODSystem.ps1:24 char:23
+  register(obj:Object3D,config:LODConfig): void
+                       ~
Missing argument in parameter list.

At D:\Protozoa\scripts\38-ImplementLODSystem.ps1:25 char:33
+  update(cameraPosition:{x:number,y:number,z:number}): void
+                                 ~
Missing argument in parameter list.

At D:\Protozoa\scripts\38-ImplementLODSystem.ps1:26 char:10
+  dispose(): void
+          ~
An expression was expected after '('.

At D:\Protozoa\scripts\38-ImplementLODSystem.ps1:32 char:10
+  $impl=@"import { Vector3, Object3D } from 'three'
+          ~~~~~~
Unexpected token 'import' in expression or statement.

At D:\Protozoa\scripts\38-ImplementLODSystem.ps1:32 char:26
+  $impl=@"import { Vector3, Object3D } from 'three'
+                          ~
Missing argument in parameter list.

At D:\Protozoa\scripts\38-ImplementLODSystem.ps1:34 char:26
+ import type { ILODService, LODConfig } from '@/domains/rendering/inte ...
+                          ~
Missing argument in parameter list.

At D:\Protozoa\scripts\38-ImplementLODSystem.ps1:38 char:17
+ class LODService implements ILODService{
+                 ~
Missing 'class' body in 'class' declaration.

At D:\Protozoa\scripts\38-ImplementLODSystem.ps1:42 char:22
+  private constructor(){}
+                      ~
An expression was expected after '('.

At D:\Protozoa\scripts\38-ImplementLODSystem.ps1:43 char:21
+  static getInstance(){return this.#instance??(this.#instance=new LODS ...
+                     ~
An expression was expected after '('.

Not all parse errors were reported.  Correct the reported errors and try again.
[2025-06-17 21:11:51] [Info]   Phase 34: ‚ùå 39-SetupAdvancedEffectComposition.ps1 (0.0s)
[2025-06-17 21:11:51] [Warning]     Error: At D:\Protozoa\scripts\39-SetupAdvancedEffectComposition.ps1:23 char:11
+  $iface=@"export interface EffectLayer{ name:string; weight:number; p ...
+           ~
No characters are allowed after a here-string header but before the end of the line.

At D:\Protozoa\scripts\39-SetupAdvancedEffectComposition.ps1:27 char:8
+   play():void
+        ~
An expression was expected after '('.

At D:\Protozoa\scripts\39-SetupAdvancedEffectComposition.ps1:28 char:8
+   stop():void
+        ~
An expression was expected after '('.

At D:\Protozoa\scripts\39-SetupAdvancedEffectComposition.ps1:30 char:11
+   dispose():void
+           ~
An expression was expected after '('.

At D:\Protozoa\scripts\39-SetupAdvancedEffectComposition.ps1:36 char:10
+  $impl=@"import { createServiceLogger } from '@/shared/lib/logger'
+          ~~~~~~
Unexpected token 'import' in expression or statement.

At D:\Protozoa\scripts\39-SetupAdvancedEffectComposition.ps1:38 char:26
+ import type { EffectLayer, IEffectComposerService } from '@/domains/e ...
+                          ~
Missing argument in parameter list.

At D:\Protozoa\scripts\39-SetupAdvancedEffectComposition.ps1:40 char:28
+ class EffectComposerService implements IEffectComposerService{
+                            ~
Missing 'class' body in 'class' declaration.

At D:\Protozoa\scripts\39-SetupAdvancedEffectComposition.ps1:45 char:22
+  private constructor(){}
+                      ~
An expression was expected after '('.

At D:\Protozoa\scripts\39-SetupAdvancedEffectComposition.ps1:46 char:21
+  static getInstance(){return this.#instance??(this.#instance=new Effe ...
+                     ~
An expression was expected after '('.

At D:\Protozoa\scripts\39-SetupAdvancedEffectComposition.ps1:46 char:88
+ ... {return this.#instance??(this.#instance=new EffectComposerService())}
+                                                                       ~
An expression was expected after '('.

Not all parse errors were reported.  Correct the reported errors and try again.
[2025-06-17 21:11:51] [Info]   Phase 35: ‚úÖ 40-GenerateAnimationService.ps1 (0.1s)
[2025-06-17 21:11:51] [Info]   Phase 36: ‚úÖ 41-GenerateGroupService.ps1 (0.0s)
[2025-06-17 21:11:51] [Info]   Phase 37: ‚ùå 42-SetupPhysicsBasedAnimation.ps1 (0.0s)
[2025-06-17 21:11:51] [Warning]     Error: At D:\Protozoa\scripts\42-SetupPhysicsBasedAnimation.ps1:21 char:11
+  $iface=@"export interface IPhysicsAnimationService{
+           ~
No characters are allowed after a here-string header but before the end of the line.

At D:\Protozoa\scripts\42-SetupPhysicsBasedAnimation.ps1:22 char:30
+   addSpring(particleId:string,anchor:{x:number,y:number,z:number},k:n ...
+                              ~
Missing argument in parameter list.

At D:\Protozoa\scripts\42-SetupPhysicsBasedAnimation.ps1:22 char:47
+   addSpring(particleId:string,anchor:{x:number,y:number,z:number},k:n ...
+                                               ~
Missing argument in parameter list.

At D:\Protozoa\scripts\42-SetupPhysicsBasedAnimation.ps1:24 char:11
+   dispose():void
+           ~
An expression was expected after '('.

At D:\Protozoa\scripts\42-SetupPhysicsBasedAnimation.ps1:25 char:2
+ }
+  ~
The Try statement is missing its Catch or Finally block.

At D:\Protozoa\scripts\42-SetupPhysicsBasedAnimation.ps1:30 char:10
+  $impl=@"import { createServiceLogger } from '@/shared/lib/logger'
+          ~~~~~~
Unexpected token 'import' in expression or statement.

At D:\Protozoa\scripts\42-SetupPhysicsBasedAnimation.ps1:34 char:47
+ interface Spring{ pid:string; anchor:{x:number,y:number,z:number}; k: ...
+                                               ~
Missing argument in parameter list.

At D:\Protozoa\scripts\42-SetupPhysicsBasedAnimation.ps1:36 char:30
+ class PhysicsAnimationService implements IPhysicsAnimationService{
+                              ~
Missing 'class' body in 'class' declaration.

At D:\Protozoa\scripts\42-SetupPhysicsBasedAnimation.ps1:40 char:22
+  private constructor(){}
+                      ~
An expression was expected after '('.

At D:\Protozoa\scripts\42-SetupPhysicsBasedAnimation.ps1:41 char:21
+  static getInstance(){return this.#instance??(this.#instance=new Phys ...
+                     ~
An expression was expected after '('.

Not all parse errors were reported.  Correct the reported errors and try again.
[2025-06-17 21:11:51] [Info]   Phase 38: ‚ùå 43-ImplementAdvancedTimeline.ps1 (0.0s)
[2025-06-17 21:11:51] [Warning]     Error: At D:\Protozoa\scripts\43-ImplementAdvancedTimeline.ps1:21 char:11
+  $iface=@"export interface Keyframe{ time:number; action:()=>void }
+           ~
No characters are allowed after a here-string header but before the end of the line.

At D:\Protozoa\scripts\43-ImplementAdvancedTimeline.ps1:24 char:8
+   play():void
+        ~
An expression was expected after '('.

At D:\Protozoa\scripts\43-ImplementAdvancedTimeline.ps1:25 char:9
+   pause():void
+         ~
An expression was expected after '('.

At D:\Protozoa\scripts\43-ImplementAdvancedTimeline.ps1:28 char:11
+   dispose():void
+           ~
An expression was expected after '('.

At D:\Protozoa\scripts\43-ImplementAdvancedTimeline.ps1:34 char:10
+  $impl=@"import { createServiceLogger } from '@/shared/lib/logger'
+          ~~~~~~
Unexpected token 'import' in expression or statement.

At D:\Protozoa\scripts\43-ImplementAdvancedTimeline.ps1:35 char:31
+ import type { ITimelineService, Keyframe } from '@/domains/animation/ ...
+                               ~
Missing argument in parameter list.

At D:\Protozoa\scripts\43-ImplementAdvancedTimeline.ps1:37 char:22
+ class TimelineService implements ITimelineService{
+                      ~
Missing 'class' body in 'class' declaration.

At D:\Protozoa\scripts\43-ImplementAdvancedTimeline.ps1:43 char:22
+  private constructor(){}
+                      ~
An expression was expected after '('.

At D:\Protozoa\scripts\43-ImplementAdvancedTimeline.ps1:44 char:21
+  static getInstance(){return this.#instance??(this.#instance=new Time ...
+                     ~
An expression was expected after '('.

At D:\Protozoa\scripts\43-ImplementAdvancedTimeline.ps1:44 char:82
+ ... ance(){return this.#instance??(this.#instance=new TimelineService())}
+                                                                       ~
An expression was expected after '('.

Not all parse errors were reported.  Correct the reported errors and try again.
[2025-06-17 21:11:51] [Info]   Phase 39: ‚ùå 44-SetupAnimationBlending.ps1 (0.0s)
[2025-06-17 21:11:51] [Warning]     Error: At D:\Protozoa\scripts\44-SetupAnimationBlending.ps1:22 char:14
+   $iface = @"/**
+              ~
No characters are allowed after a here-string header but before the end of the line.

At D:\Protozoa\scripts\44-SetupAnimationBlending.ps1:36 char:13
+   $impl = @"import { createServiceLogger } from '@/shared/lib/logger'
+             ~
No characters are allowed after a here-string header but before the end of the line.

At D:\Protozoa\scripts\44-SetupAnimationBlending.ps1:37 char:40
+ import type { IAnimationBlendingService, BlendNode } from '@/domains/ ...
+                                        ~
Missing argument in parameter list.

At D:\Protozoa\scripts\44-SetupAnimationBlending.ps1:42 char:31
+ class AnimationBlendingService implements IAnimationBlendingService {
+                               ~
Missing 'class' body in 'class' declaration.

At D:\Protozoa\scripts\44-SetupAnimationBlending.ps1:48 char:23
+   private constructor() {}
+                       ~
An expression was expected after '('.

At D:\Protozoa\scripts\44-SetupAnimationBlending.ps1:49 char:22
+   static getInstance() { return this.#instance ?? (this.#instance = n ...
+                      ~
An expression was expected after '('.

At D:\Protozoa\scripts\44-SetupAnimationBlending.ps1:49 char:98
+ ... this.#instance ?? (this.#instance = new AnimationBlendingService()) }
+                                                                      ~
An expression was expected after '('.

At D:\Protozoa\scripts\44-SetupAnimationBlending.ps1:54 char:39
+     if (toState === this.#currentState) return
+                                       ~
Missing statement block after if ( condition ).

At D:\Protozoa\scripts\44-SetupAnimationBlending.ps1:56 char:51
+     this.#log.info('Transition started', { toState, duration })
+                                                   ~
Missing argument in parameter list.

At D:\Protozoa\scripts\44-SetupAnimationBlending.ps1:60 char:26
+     if (!this.#transition) return
+                          ~
Missing statement block after if ( condition ).

Not all parse errors were reported.  Correct the reported errors and try again.
[2025-06-17 21:11:51] [Info]   Phase 40: ‚ùå 18b-SetupTestingFramework.ps1 (0.0s)
[2025-06-17 21:11:51] [Warning]     Error: A parameter with the name 'WhatIf' was defined multiple times for the command.
[2025-06-17 21:11:51] [Info]   Phase 41: ‚ùå 45-SetupCICDPipeline.ps1 (0.0s)
[2025-06-17 21:11:51] [Warning]     Error: At D:\Protozoa\scripts\45-SetupCICDPipeline.ps1:17 char:8
+  $ci=@"name: CI
+        ~
No characters are allowed after a here-string header but before the end of the line.

At D:\Protozoa\scripts\45-SetupCICDPipeline.ps1:28 char:8
+       - uses: actions/checkout@v3
+        ~
Missing expression after unary operator '-'.

At D:\Protozoa\scripts\45-SetupCICDPipeline.ps1:28 char:9
+       - uses: actions/checkout@v3
+         ~~~~~
Unexpected token 'uses:' in expression or statement.

At D:\Protozoa\scripts\45-SetupCICDPipeline.ps1:29 char:8
+       - uses: pnpm/action-setup@v2
+        ~
Missing expression after unary operator '-'.

At D:\Protozoa\scripts\45-SetupCICDPipeline.ps1:29 char:9
+       - uses: pnpm/action-setup@v2
+         ~~~~~
Unexpected token 'uses:' in expression or statement.

At D:\Protozoa\scripts\45-SetupCICDPipeline.ps1:32 char:8
+       - name: Install deps
+        ~
Missing expression after unary operator '-'.

At D:\Protozoa\scripts\45-SetupCICDPipeline.ps1:32 char:9
+       - name: Install deps
+         ~~~~~
Unexpected token 'name:' in expression or statement.

At D:\Protozoa\scripts\45-SetupCICDPipeline.ps1:34 char:8
+       - name: Lint
+        ~
Missing expression after unary operator '-'.

At D:\Protozoa\scripts\45-SetupCICDPipeline.ps1:34 char:9
+       - name: Lint
+         ~~~~~
Unexpected token 'name:' in expression or statement.

At D:\Protozoa\scripts\45-SetupCICDPipeline.ps1:36 char:8
+       - name: Type Check
+        ~
Missing expression after unary operator '-'.

Not all parse errors were reported.  Correct the reported errors and try again.
[2025-06-17 21:11:51] [Info]   Phase 42: ‚ùå 46-SetupDockerDeployment.ps1 (0.0s)
[2025-06-17 21:11:51] [Warning]     Error: At D:\Protozoa\scripts\46-SetupDockerDeployment.ps1:15 char:12
+  $docker=@"# Stage 1: build
+            ~
No characters are allowed after a here-string header but before the end of the line.

At D:\Protozoa\scripts\46-SetupDockerDeployment.ps1:16 char:1
+ FROM node:20-alpine as builder
+ ~~~~
The 'from' keyword is not supported in this version of the language.

At D:\Protozoa\scripts\46-SetupDockerDeployment.ps1:19 char:21
+ RUN corepack enable && pnpm install --frozen-lockfile && pnpm build
+                     ~~
The token '&&' is not a valid statement separator in this version.

At D:\Protozoa\scripts\46-SetupDockerDeployment.ps1:19 char:55
+ RUN corepack enable && pnpm install --frozen-lockfile && pnpm build
+                                                       ~~
The token '&&' is not a valid statement separator in this version.

At D:\Protozoa\scripts\46-SetupDockerDeployment.ps1:22 char:1
+ FROM node:20-alpine
+ ~~~~
The 'from' keyword is not supported in this version of the language.

At D:\Protozoa\scripts\46-SetupDockerDeployment.ps1:27 char:21
+ RUN corepack enable && pnpm install --prod --frozen-lockfile
+                     ~~
The token '&&' is not a valid statement separator in this version.

At D:\Protozoa\scripts\46-SetupDockerDeployment.ps1:32 char:12
+  $ignore=@"node_modules
+            ~~~~~~~~~~~~
Unexpected token 'node_modules' in expression or statement.

At D:\Protozoa\scripts\46-SetupDockerDeployment.ps1:44 char:12
+  $deploy=@"name: Docker Publish
+            ~~~~~
Unexpected token 'name:' in expression or statement.

At D:\Protozoa\scripts\46-SetupDockerDeployment.ps1:52 char:8
+       - uses: actions/checkout@v3
+        ~
Missing expression after unary operator '-'.

At D:\Protozoa\scripts\46-SetupDockerDeployment.ps1:52 char:9
+       - uses: actions/checkout@v3
+         ~~~~~
Unexpected token 'uses:' in expression or statement.

Not all parse errors were reported.  Correct the reported errors and try again.
[2025-06-17 21:11:51] [Info]   Phase 43: ‚ùå 47-SetupPerformanceRegression.ps1 (0.0s)
[2025-06-17 21:11:51] [Warning]     Error: At D:\Protozoa\scripts\47-SetupPerformanceRegression.ps1:21 char:10
+  $impl=@"import { performance } from 'perf_hooks'
+          ~
No characters are allowed after a here-string header but before the end of the line.

At D:\Protozoa\scripts\47-SetupPerformanceRegression.ps1:30 char:22
+  private constructor(){}
+                      ~
An expression was expected after '('.

At D:\Protozoa\scripts\47-SetupPerformanceRegression.ps1:31 char:21
+  static getInstance(){return this.#instance??(this.#instance=new Perf ...
+                     ~
An expression was expected after '('.

At D:\Protozoa\scripts\47-SetupPerformanceRegression.ps1:31 char:95
+ ...  this.#instance??(this.#instance=new PerformanceRegressionService())}
+                                                                       ~
An expression was expected after '('.

At D:\Protozoa\scripts\47-SetupPerformanceRegression.ps1:32 char:45
+  start(label:string){return performance.now()}
+                                             ~
An expression was expected after '('.

At D:\Protozoa\scripts\47-SetupPerformanceRegression.ps1:33 char:18
+  end(label:string,startTime:number){const d=performance.now()-startTi ...
+                  ~
Missing argument in parameter list.

At D:\Protozoa\scripts\47-SetupPerformanceRegression.ps1:33 char:61
+  end(label:string,startTime:number){const d=performance.now()-startTi ...
+                                                             ~
An expression was expected after '('.

At D:\Protozoa\scripts\47-SetupPerformanceRegression.ps1:33 char:98
+ ... onst d=performance.now()-startTime;this.#samples.push({label,duration ...
+                                                                 ~
Missing argument in parameter list.

At D:\Protozoa\scripts\47-SetupPerformanceRegression.ps1:34 char:9
+  report(){
+         ~
An expression was expected after '('.

At D:\Protozoa\scripts\47-SetupPerformanceRegression.ps1:35 char:40
+   this.#log.info('Performance samples',this.#samples)
+                                        ~
Missing expression after ','.

Not all parse errors were reported.  Correct the reported errors and try again.
[2025-06-17 21:11:51] [Info]   Phase 44: ‚ùå 48-SetupAdvancedBundleAnalysis.ps1 (0.0s)
[2025-06-17 21:11:51] [Warning]     Error: At D:\Protozoa\scripts\48-SetupAdvancedBundleAnalysis.ps1:19 char:10
+  $impl=@"import { execSync } from 'child_process'
+          ~
No characters are allowed after a here-string header but before the end of the line.

At D:\Protozoa\scripts\48-SetupAdvancedBundleAnalysis.ps1:25 char:22
+  private constructor(){}
+                      ~
An expression was expected after '('.

At D:\Protozoa\scripts\48-SetupAdvancedBundleAnalysis.ps1:26 char:21
+  static getInstance(){return this.#instance??(this.#instance=new Bund ...
+                     ~
An expression was expected after '('.

At D:\Protozoa\scripts\48-SetupAdvancedBundleAnalysis.ps1:26 char:88
+ ... {return this.#instance??(this.#instance=new BundleAnalyzerService())}
+                                                                       ~
An expression was expected after '('.

At D:\Protozoa\scripts\48-SetupAdvancedBundleAnalysis.ps1:27 char:10
+  analyze(){
+          ~
An expression was expected after '('.

At D:\Protozoa\scripts\48-SetupAdvancedBundleAnalysis.ps1:32 char:10
+  dispose(){BundleAnalyzerService.#instance=null}
+          ~
An expression was expected after '('.

At D:\Protozoa\scripts\48-SetupAdvancedBundleAnalysis.ps1:34 char:70
+ ... xport const bundleAnalyzerService=BundleAnalyzerService.getInstance()
+                                                                         ~
An expression was expected after '('.

At D:\Protozoa\scripts\48-SetupAdvancedBundleAnalysis.ps1:43 char:16
+    $append=@"  bundle-analysis:
+                ~~~~~~~~~~~~~~~~
Unexpected token 'bundle-analysis:' in expression or statement.

At D:\Protozoa\scripts\48-SetupAdvancedBundleAnalysis.ps1:47 char:8
+       - uses: actions/checkout@v3
+        ~
Missing expression after unary operator '-'.

At D:\Protozoa\scripts\48-SetupAdvancedBundleAnalysis.ps1:47 char:9
+       - uses: actions/checkout@v3
+         ~~~~~
Unexpected token 'uses:' in expression or statement.

Not all parse errors were reported.  Correct the reported errors and try again.
[2025-06-17 21:11:51] [Info]   Phase 45: ‚ùå 49-SetupAutomatedDocumentation.ps1 (0.0s)
[2025-06-17 21:11:51] [Warning]     Error: At D:\Protozoa\scripts\49-SetupAutomatedDocumentation.ps1:15 char:13
+  $typedoc=@"{
+             ~
No characters are allowed after a here-string header but before the end of the line.

At D:\Protozoa\scripts\49-SetupAutomatedDocumentation.ps1:16 char:16
+   "entryPoints": ["src/index.ts"],
+                ~
Unexpected token ':' in expression or statement.

At D:\Protozoa\scripts\49-SetupAutomatedDocumentation.ps1:22 char:2
+ }
+  ~
The Try statement is missing its Catch or Finally block.

At D:\Protozoa\scripts\49-SetupAutomatedDocumentation.ps1:27 char:9
+  $gen=@"import { spawnSync } from 'child_process'
+         ~~~~~~
Unexpected token 'import' in expression or statement.

At D:\Protozoa\scripts\49-SetupAutomatedDocumentation.ps1:29 char:19
+ spawnSync('npx', ['typedoc'], { stdio: 'inherit' })
+                   ~
Missing type name after '['.

At D:\Protozoa\scripts\49-SetupAutomatedDocumentation.ps1:29 char:17
+ spawnSync('npx', ['typedoc'], { stdio: 'inherit' })
+                 ~
Missing expression after ','.

At D:\Protozoa\scripts\49-SetupAutomatedDocumentation.ps1:29 char:18
+ spawnSync('npx', ['typedoc'], { stdio: 'inherit' })
+                  ~~~~~~~~~~~
Unexpected token '['typedoc']' in expression or statement.

At D:\Protozoa\scripts\49-SetupAutomatedDocumentation.ps1:29 char:17
+ spawnSync('npx', ['typedoc'], { stdio: 'inherit' })
+                 ~
Missing closing ')' in expression.

At D:\Protozoa\scripts\49-SetupAutomatedDocumentation.ps1:29 char:51
+ spawnSync('npx', ['typedoc'], { stdio: 'inherit' })
+                                                   ~
Unexpected token ')' in expression or statement.

At D:\Protozoa\scripts\49-SetupAutomatedDocumentation.ps1:37 char:10
+  $docs=@"name: Docs
+          ~~~~~
Unexpected token 'name:' in expression or statement.

Not all parse errors were reported.  Correct the reported errors and try again.
[2025-06-17 21:11:51] [Info]   Phase 46: ‚ùå 50-SetupServiceIntegration.ps1 (0.0s)
[2025-06-17 21:11:51] [Warning]     Error: At D:\Protozoa\scripts\50-SetupServiceIntegration.ps1:16 char:10
+  $comp=@"// compositionRoot.ts ‚Äì initializes all domain singletons  ...
+          ~
No characters are allowed after a here-string header but before the end of the line.

At D:\Protozoa\scripts\50-SetupServiceIntegration.ps1:29 char:30
+ export function initServices(){
+                              ~
An expression was expected after '('.

At D:\Protozoa\scripts\50-SetupServiceIntegration.ps1:31 char:48
+   traitService.configureDependencies(rngService, bitcoinService)
+                                                ~
Missing argument in parameter list.

At D:\Protozoa\scripts\50-SetupServiceIntegration.ps1:32 char:55
+   particleService.configureDependencies(physicsService, renderingServ ...
+                                                       ~
Missing argument in parameter list.

At D:\Protozoa\scripts\50-SetupServiceIntegration.ps1:34 char:113
+ ... d('canvas') as HTMLCanvasElement,{formation:formationService,effect:e ...
+                                                                 ~
Missing argument in parameter list.

At D:\Protozoa\scripts\50-SetupServiceIntegration.ps1:39 char:33
+ export function disposeServices(){
+                                 ~
An expression was expected after '('.

At D:\Protozoa\scripts\50-SetupServiceIntegration.ps1:40 char:28
+   renderingService.dispose(); physicsService.dispose(); traitService. ...
+                            ~
An expression was expected after '('.

At D:\Protozoa\scripts\50-SetupServiceIntegration.ps1:40 char:54
+   renderingService.dispose(); physicsService.dispose(); traitService. ...
+                                                      ~
An expression was expected after '('.

At D:\Protozoa\scripts\50-SetupServiceIntegration.ps1:40 char:78
+ ... gService.dispose(); physicsService.dispose(); traitService.dispose();
+                                                                        ~
An expression was expected after '('.

At D:\Protozoa\scripts\50-SetupServiceIntegration.ps1:41 char:25
+   effectService.dispose(); animationService.dispose(); groupService.d ...
+                         ~
An expression was expected after '('.

Not all parse errors were reported.  Correct the reported errors and try again.
[2025-06-17 21:11:51] [Info]   Phase 47: ‚ùå 51-SetupGlobalStateManagement.ps1 (0.0s)
[2025-06-17 21:11:51] [Warning]     Error: At D:\Protozoa\scripts\51-SetupGlobalStateManagement.ps1:12 char:9
+  $sim=@"import create from 'zustand'
+         ~
No characters are allowed after a here-string header but before the end of the line.

At D:\Protozoa\scripts\51-SetupGlobalStateManagement.ps1:14 char:78
+ ... imulationStore=create<SimulationState>(set=>({ running:false, formati ...
+                                                                 ~
Missing argument in parameter list.

At D:\Protozoa\scripts\51-SetupGlobalStateManagement.ps1:17 char:10
+  $part=@"import create from 'zustand'
+          ~~~~~~
Unexpected token 'import' in expression or statement.

At D:\Protozoa\scripts\51-SetupGlobalStateManagement.ps1:19 char:75
+ ... seParticleStore=create<ParticleUIState>(set=>({selected:null,select:i ...
+                                                                 ~
Missing argument in parameter list.

At D:\Protozoa\scripts\51-SetupGlobalStateManagement.ps1:22 char:20
+  Write-SuccessLog "Zustand stores generated"
+                    ~~~~~~~
Unexpected token 'Zustand' in expression or statement.

At D:\Protozoa\scripts\51-SetupGlobalStateManagement.ps1:24 char:67
+ ... {Write-ErrorLog "State setup failed: $($_.Exception.Message)";exit 1}
+                                                                 ~~~~~~~~~
The string is missing the terminator: ".

At D:\Protozoa\scripts\51-SetupGlobalStateManagement.ps1:8 char:4
+ try{
+    ~
Missing closing '}' in statement block or type definition.

At D:\Protozoa\scripts\51-SetupGlobalStateManagement.ps1:24 char:76
+ ... {Write-ErrorLog "State setup failed: $($_.Exception.Message)";exit 1}
+                                                                          ~
The Try statement is missing its Catch or Finally block.
[2025-06-17 21:11:51] [Info]   Phase 48: ‚ùå 52-SetupReactIntegration.ps1 (0.0s)
[2025-06-17 21:11:51] [Warning]     Error: At D:\Protozoa\scripts\52-SetupReactIntegration.ps1:13 char:12
+  $canvas=@"'use client'
+            ~
No characters are allowed after a here-string header but before the end of the line.

At D:\Protozoa\scripts\52-SetupReactIntegration.ps1:14 char:16
+ import { Canvas, useFrame } from '@react-three/fiber'
+                ~
Missing argument in parameter list.

At D:\Protozoa\scripts\52-SetupReactIntegration.ps1:18 char:34
+ export function SimulationCanvas(){
+                                  ~
An expression was expected after '('.

At D:\Protozoa\scripts\52-SetupReactIntegration.ps1:20 char:11
+   <Canvas>
+           ~
Missing closing ')' in expression.

At D:\Protozoa\scripts\52-SetupReactIntegration.ps1:21 char:5
+     <Suspense fallback={null}>
+     ~
The '<' operator is reserved for future use.

At D:\Protozoa\scripts\52-SetupReactIntegration.ps1:21 char:15
+     <Suspense fallback={null}>
+               ~~~~~~~~~
Unexpected token 'fallback=' in expression or statement.

At D:\Protozoa\scripts\52-SetupReactIntegration.ps1:21 char:31
+     <Suspense fallback={null}>
+                               ~
Missing file specification after redirection operator.

At D:\Protozoa\scripts\52-SetupReactIntegration.ps1:18 char:35
+ export function SimulationCanvas(){
+                                   ~
Missing closing '}' in statement block or type definition.

At D:\Protozoa\scripts\52-SetupReactIntegration.ps1:8 char:4
+ try{
+    ~
Missing closing '}' in statement block or type definition.

At D:\Protozoa\scripts\52-SetupReactIntegration.ps1:24 char:12
+   </Canvas>
+            ~
The Try statement is missing its Catch or Finally block.

Not all parse errors were reported.  Correct the reported errors and try again.
[2025-06-17 21:11:51] [Info]   Phase 49: ‚ùå 53-SetupEventBusSystem.ps1 (0.0s)
[2025-06-17 21:11:51] [Warning]     Error: At D:\Protozoa\scripts\53-SetupEventBusSystem.ps1:21 char:11
+  $iface=@"import { EventEmitter } from 'events'
+           ~
No characters are allowed after a here-string header but before the end of the line.

At D:\Protozoa\scripts\53-SetupEventBusSystem.ps1:23 char:25
+   emitEvent(event:string,payload?:unknown):void
+                         ~
Missing argument in parameter list.

At D:\Protozoa\scripts\53-SetupEventBusSystem.ps1:29 char:10
+  $impl=@"import { EventEmitter } from 'events'
+          ~~~~~~
Unexpected token 'import' in expression or statement.

At D:\Protozoa\scripts\53-SetupEventBusSystem.ps1:33 char:15
+ class EventBus extends EventEmitter implements IEventBus{
+               ~
Missing 'class' body in 'class' declaration.

At D:\Protozoa\scripts\53-SetupEventBusSystem.ps1:36 char:22
+  private constructor(){super()}
+                      ~
An expression was expected after '('.

At D:\Protozoa\scripts\53-SetupEventBusSystem.ps1:36 char:30
+  private constructor(){super()}
+                              ~
An expression was expected after '('.

At D:\Protozoa\scripts\53-SetupEventBusSystem.ps1:37 char:21
+  static getInstance(){return this.#instance??(this.#instance=new Even ...
+                     ~
An expression was expected after '('.

At D:\Protozoa\scripts\53-SetupEventBusSystem.ps1:37 char:75
+ ... getInstance(){return this.#instance??(this.#instance=new EventBus())}
+                                                                       ~
An expression was expected after '('.

At D:\Protozoa\scripts\53-SetupEventBusSystem.ps1:38 char:24
+  emitEvent(event:string,payload?:unknown){ this.emit(event,payload);  ...
+                        ~
Missing argument in parameter list.

At D:\Protozoa\scripts\53-SetupEventBusSystem.ps1:38 char:59
+  emitEvent(event:string,payload?:unknown){ this.emit(event,payload);  ...
+                                                           ~
Missing argument in parameter list.

Not all parse errors were reported.  Correct the reported errors and try again.
[2025-06-17 21:11:51] [Info]   Phase 50: ‚ùå 54-SetupPerformanceTesting.ps1 (0.0s)
[2025-06-17 21:11:51] [Warning]     Error: At D:\Protozoa\scripts\54-SetupPerformanceTesting.ps1:17 char:14
+  $perfTest=@"import { describe, it, expect } from 'vitest'
+              ~
No characters are allowed after a here-string header but before the end of the line.

At D:\Protozoa\scripts\54-SetupPerformanceTesting.ps1:21 char:41
+ describe('Particle update performance',()=>{
+                                         ~
An expression was expected after '('.

At D:\Protozoa\scripts\54-SetupPerformanceTesting.ps1:22 char:47
+  it('should update 10k particles under 16ms',()=>{
+                                               ~
An expression was expected after '('.

At D:\Protozoa\scripts\54-SetupPerformanceTesting.ps1:23 char:27
+   for(let i=0;i<10000;i++) particleService.createParticle()
+                           ~
Missing statement body in for loop.

At D:\Protozoa\scripts\54-SetupPerformanceTesting.ps1:23 char:59
+   for(let i=0;i<10000;i++) particleService.createParticle()
+                                                           ~
An expression was expected after '('.

At D:\Protozoa\scripts\54-SetupPerformanceTesting.ps1:26 char:21
+   perf.end('update',t)
+                     ~
Missing expression after ','.

At D:\Protozoa\scripts\54-SetupPerformanceTesting.ps1:26 char:21
+   perf.end('update',t)
+                     ~
Unexpected token 't' in expression or statement.

At D:\Protozoa\scripts\54-SetupPerformanceTesting.ps1:26 char:21
+   perf.end('update',t)
+                     ~
Missing closing ')' in expression.

At D:\Protozoa\scripts\54-SetupPerformanceTesting.ps1:22 char:50
+  it('should update 10k particles under 16ms',()=>{
+                                                  ~
Missing closing '}' in statement block or type definition.

At D:\Protozoa\scripts\54-SetupPerformanceTesting.ps1:27 char:30
+   const duration=perf.report().find(s=>s.label==='update')!.duration
+                              ~
An expression was expected after '('.

Not all parse errors were reported.  Correct the reported errors and try again.
[2025-06-17 21:11:51] [Info]   Phase 51: ‚ùå 55-SetupPersistenceLayer.ps1 (0.0s)
[2025-06-17 21:11:51] [Warning]     Error: At D:\Protozoa\scripts\55-SetupPersistenceLayer.ps1:21 char:11
+  $iface=@"export interface IPersistenceService{
+           ~
No characters are allowed after a here-string header but before the end of the line.

At D:\Protozoa\scripts\55-SetupPersistenceLayer.ps1:22 char:18
+   save(key:string,value:unknown):Promise<void>
+                  ~
Missing argument in parameter list.

At D:\Protozoa\scripts\55-SetupPersistenceLayer.ps1:24 char:11
+   dispose():void
+           ~
An expression was expected after '('.

At D:\Protozoa\scripts\55-SetupPersistenceLayer.ps1:25 char:2
+ }
+  ~
The Try statement is missing its Catch or Finally block.

At D:\Protozoa\scripts\55-SetupPersistenceLayer.ps1:30 char:10
+  $impl=@"import { openDB, DBSchema } from 'idb'
+          ~~~~~~
Unexpected token 'import' in expression or statement.

At D:\Protozoa\scripts\55-SetupPersistenceLayer.ps1:30 char:25
+  $impl=@"import { openDB, DBSchema } from 'idb'
+                         ~
Missing argument in parameter list.

At D:\Protozoa\scripts\55-SetupPersistenceLayer.ps1:36 char:25
+ class PersistenceService implements IPersistenceService{
+                         ~
Missing 'class' body in 'class' declaration.

At D:\Protozoa\scripts\55-SetupPersistenceLayer.ps1:40 char:22
+  private constructor(){}
+                      ~
An expression was expected after '('.

At D:\Protozoa\scripts\55-SetupPersistenceLayer.ps1:41 char:21
+  static getInstance(){return this.#instance??(this.#instance=new Pers ...
+                     ~
An expression was expected after '('.

At D:\Protozoa\scripts\55-SetupPersistenceLayer.ps1:41 char:85
+ ... e(){return this.#instance??(this.#instance=new PersistenceService())}
+                                                                       ~
An expression was expected after '('.

Not all parse errors were reported.  Correct the reported errors and try again.
[2025-06-17 21:11:51] [Info]   Phase 52: ‚ùå 56-SetupEndToEndValidation.ps1 (0.0s)
[2025-06-17 21:11:51] [Warning]     Error: At D:\Protozoa\scripts\56-SetupEndToEndValidation.ps1:15 char:10
+  $test=@"import { test, expect } from '@playwright/test'
+          ~
No characters are allowed after a here-string header but before the end of the line.

At D:\Protozoa\scripts\56-SetupEndToEndValidation.ps1:17 char:31
+ test('organism creation flow',async({ page })=>{
+                               ~
Missing expression after ','.

At D:\Protozoa\scripts\56-SetupEndToEndValidation.ps1:17 char:31
+ test('organism creation flow',async({ page })=>{
+                               ~~~~~
Unexpected token 'async' in expression or statement.

At D:\Protozoa\scripts\56-SetupEndToEndValidation.ps1:17 char:31
+ test('organism creation flow',async({ page })=>{
+                               ~
Missing closing ')' in expression.

At D:\Protozoa\scripts\56-SetupEndToEndValidation.ps1:10 char:4
+ try{
+    ~
Missing closing '}' in statement block or type definition.

At D:\Protozoa\scripts\56-SetupEndToEndValidation.ps1:21 char:2
+ })
+  ~
The Try statement is missing its Catch or Finally block.

At D:\Protozoa\scripts\56-SetupEndToEndValidation.ps1:21 char:2
+ })
+  ~
Unexpected token ')' in expression or statement.

At D:\Protozoa\scripts\56-SetupEndToEndValidation.ps1:25 char:9
+  $cfg=@"import { defineConfig } from '@playwright/test'
+         ~~~~~~
Unexpected token 'import' in expression or statement.

At D:\Protozoa\scripts\56-SetupEndToEndValidation.ps1:26 char:50
+ export default defineConfig({ use:{ headless:true, baseURL:'http://lo ...
+                                                  ~
Missing argument in parameter list.

At D:\Protozoa\scripts\56-SetupEndToEndValidation.ps1:35 char:16
+    $append=@"  e2e-test:
+                ~~~~~~~~~
Unexpected token 'e2e-test:' in expression or statement.

Not all parse errors were reported.  Correct the reported errors and try again.
[2025-06-17 21:11:51] [Info]   Phase 53: ‚ùå 15-ValidateSetupComplete.ps1 (0.0s)
[2025-06-17 21:11:51] [Warning]     Error: Script exited with code 1
[2025-06-17 21:11:51] [Warning] ‚ö†Ô∏è AUTOMATION PARTIALLY COMPLETED
[2025-06-17 21:11:51] [Info] Some phases succeeded, but manual intervention may be required.
[2025-06-17 21:11:51] [Info] Check the error messages above and resolve issues before proceeding.
[2025-06-17 21:17:41] [Info] === NEW-PROTOZOA AUTOMATION PIPELINE ===
[2025-06-17 21:17:41] [Info] Starting complete project setup automation...
[2025-06-17 21:17:41] [Info] === PHASE 0 : Environment setup and dependencies ===
[2025-06-17 21:17:41] [Info] Executing: 00-InitEnvironment.ps1
[2025-06-17 21:17:41] [Info] === Environment Initialization - Phase 0 ===
[2025-06-17 21:17:42] [Success] PowerShell environment validated: 5.1.26100.4202
[2025-06-17 21:17:42] [Warning] Not running as administrator. Some global installs may require elevation.
[2025-06-17 21:17:42] [Info] Consider running PowerShell as Administrator for best results.
[2025-06-17 21:17:42] [Info] Checking Node.js installation (target: LTS)...
[2025-06-17 21:17:42] [Success] Node.js already installed: v20.11.1
[2025-06-17 21:17:42] [Info] Use -Force to reinstall Node.js
[2025-06-17 21:17:42] [Info] Checking pnpm installation...
[2025-06-17 21:17:42] [Success] pnpm already installed: v10.12.1
[2025-06-17 21:17:42] [Info] Setting up project workspace...
[2025-06-17 21:17:42] [Info] package.json already exists
[2025-06-17 21:17:42] [Info] Installing development dependencies...
[2025-06-17 21:17:44] [Success] Development dependencies installed: 6 packages
[2025-06-17 21:17:44] [Info] Installing production dependencies...
[2025-06-17 21:17:46] [Success] Production dependencies installed: 5 packages
[2025-06-17 21:17:46] [Success] All critical packages verified in package.json
[2025-06-17 21:17:46] [Info] === Environment Setup Summary ===
[2025-06-17 21:17:46] [Info] Environment Configuration:
[2025-06-17 21:17:46] [Info]   Timestamp : 2025-06-17 21:17:46
[2025-06-17 21:17:46] [Info]   NodeJS : v20.11.1
[2025-06-17 21:17:46] [Info]   ExecutionPolicy : RemoteSigned
[2025-06-17 21:17:46] [Info]   pnpm : v10.12.1
[2025-06-17 21:17:46] [Info]   ProjectRoot : D:\Protozoa
[2025-06-17 21:17:46] [Info]   PowerShell : 5.1.26100.4202
[2025-06-17 21:17:46] [Info]   Administrator : False
[2025-06-17 21:17:46] [Success] Environment setup marker created: .env-setup-complete
[2025-06-17 21:17:46] [Success] üéâ Environment initialization completed successfully!
[2025-06-17 21:17:46] [Info] Ready for Phase 1: Project Structure Scaffolding
[2025-06-17 21:17:46] [Success] PHASE 0 completed successfully in 4.9777061 seconds
[2025-06-17 21:17:46] [Info] === PHASE 1 : Domain-driven directory structure ===
[2025-06-17 21:17:46] [Info] Executing: 01-ScaffoldProjectStructure.ps1
[2025-06-17 21:17:46] [Info] === Project Structure Scaffolding - Phase 1 ===
[2025-06-17 21:17:46] [Info] Working in project root: D:\Protozoa
[2025-06-17 21:17:46] [Info] Scaffolding domains: rendering, animation, effect, trait, physics, particle, formation, group, rng, bitcoin
[2025-06-17 21:17:46] [Info] Creating base directory structure...
[2025-06-17 21:17:46] [Info] Creating domain-specific directories...
[2025-06-17 21:17:46] [Success] Domain scaffolded: rendering
[2025-06-17 21:17:46] [Success] Domain scaffolded: animation
[2025-06-17 21:17:46] [Success] Domain scaffolded: effect
[2025-06-17 21:17:46] [Success] Domain scaffolded: trait
[2025-06-17 21:17:46] [Success] Domain scaffolded: physics
[2025-06-17 21:17:46] [Success] Domain scaffolded: particle
[2025-06-17 21:17:46] [Success] Domain scaffolded: formation
[2025-06-17 21:17:47] [Success] Domain scaffolded: group
[2025-06-17 21:17:47] [Success] Domain scaffolded: rng
[2025-06-17 21:17:47] [Success] Domain scaffolded: bitcoin
[2025-06-17 21:17:47] [Info] Creating shared infrastructure stubs...
[2025-06-17 21:17:47] [Success] Created shared logger utility
[2025-06-17 21:17:47] [Success] Created shared types definitions
[2025-06-17 21:17:47] [Success] Created environment configuration
[2025-06-17 21:17:47] [Info] Creating ESLint configuration...
[2025-06-17 21:17:47] [Success] Created ESLint configuration
[2025-06-17 21:17:47] [Info] Verifying directory structure...
[2025-06-17 21:17:47] [Success] Directory structure verification passed
[2025-06-17 21:17:47] [Info] Structure Summary:
[2025-06-17 21:17:47] [Info]   - 10 domains scaffolded
[2025-06-17 21:17:47] [Info]   - Shared infrastructure created
[2025-06-17 21:17:47] [Info]   - Test directories mirrored
[2025-06-17 21:17:47] [Info]   - TypeScript path aliases configured
[2025-06-17 21:17:47] [Success] Project structure scaffolding complete!
[2025-06-17 21:17:47] [Info] Next: Run 02-GenerateDomainStubs.ps1 to create service skeletons
[2025-06-17 21:17:47] [Success] PHASE 1 completed successfully in 0.0874061 seconds
[2025-06-17 21:17:47] [Info] === PHASE 2 : Service and interface stubs ===
[2025-06-17 21:17:47] [Info] Executing: 02-GenerateDomainStubs.ps1
[2025-06-17 21:17:47] [Info] === Domain Service Stub Generation ===
[2025-06-17 21:17:47] [Info] Generating service stubs for: rendering, animation, effect, trait, physics, particle, formation, group, rng, bitcoin
[2025-06-17 21:17:47] [Warning] Service already exists, skipping: src/domains/rendering/services/RenderingService.ts
[2025-06-17 21:17:47] [Warning] Service already exists, skipping: src/domains/animation/services/AnimationService.ts
[2025-06-17 21:17:47] [Warning] Service already exists, skipping: src/domains/effect/services/EffectService.ts
[2025-06-17 21:17:47] [Warning] Service already exists, skipping: src/domains/trait/services/TraitService.ts
[2025-06-17 21:17:47] [Warning] Service already exists, skipping: src/domains/physics/services/PhysicsService.ts
[2025-06-17 21:17:47] [Warning] Service already exists, skipping: src/domains/particle/services/ParticleService.ts
[2025-06-17 21:17:47] [Warning] Service already exists, skipping: src/domains/formation/services/FormationService.ts
[2025-06-17 21:17:47] [Warning] Service already exists, skipping: src/domains/group/services/GroupService.ts
[2025-06-17 21:17:47] [Warning] Service already exists, skipping: src/domains/rng/services/RngService.ts
[2025-06-17 21:17:47] [Warning] Service already exists, skipping: src/domains/bitcoin/services/BitcoinService.ts
[2025-06-17 21:17:47] [Info] Creating domain service index...
[2025-06-17 21:17:47] [Success] Created domain service index
[2025-06-17 21:17:47] [Info] Verifying TypeScript compilation...
[2025-06-17 21:17:47] [Error] TypeScript compilation failed: The term 'Test-TypeScriptCompiles' is not recognized as the name of a cmdlet, function, script file, or operable program. Check the spelling of the name, or if a path was included, verify that the path is correct and try again.
[2025-06-17 21:17:47] [Info] Generation Summary:
[2025-06-17 21:17:47] [Info]   - 10 service stubs created
[2025-06-17 21:17:47] [Info]   - All interfaces defined with proper contracts
[2025-06-17 21:17:47] [Info]   - Singleton patterns implemented
[2025-06-17 21:17:47] [Info]   - Winston logging configured
[2025-06-17 21:17:47] [Info]   - Proper dispose() methods added
[2025-06-17 21:17:47] [Success] Domain service stub generation complete!
[2025-06-17 21:17:47] [Info] Next: Run 03-MoveAndCleanCodebase.ps1 to clean legacy files
[2025-06-17 21:17:47] [Success] PHASE 2 completed successfully in 0.0671105 seconds
[2025-06-17 21:17:47] [Info] === PHASE 3 : Legacy code cleanup ===
[2025-06-17 21:17:47] [Info] Executing: 03-MoveAndCleanCodebase.ps1
[2025-06-17 21:17:47] [Info] === Codebase Migration and Cleanup ===
[2025-06-17 21:17:47] [Info] Removing backup and legacy files...
[2025-06-17 21:17:47] [Info] Moving test files out of src directory...
[2025-06-17 21:17:47] [Info] Removing duplicate and obsolete files...
[2025-06-17 21:17:47] [Info] Checking for oversize files (>500 lines)...
[2025-06-17 21:17:47] [Error] PHASE 3 FAILED: The term 'Get-FileLineCount' is not recognized as the name of a cmdlet, function, script file, or operable program. Check the spelling of the name, or if a path was included, verify that the path is correct and try again.
[2025-06-17 21:18:00] [Info] === PHASE 4 : Singleton pattern enforcement ===
[2025-06-17 21:18:00] [Info] Executing: 04-EnforceSingletonPatterns.ps1
[2025-06-17 21:18:00] [Info] === Singleton Pattern Enforcement - Phase 4 ===
[2025-06-17 21:18:00] [Info] Validating singleton patterns in project: D:\Protozoa
[2025-06-17 21:18:00] [Warning] Found 1 singleton pattern violations:
[2025-06-17 21:18:00] [Warning]   - Missing dispose method: D:\Protozoa\src\domains\physics\services\workerManager.ts
[2025-06-17 21:18:00] [Success] Singleton pattern enforcement completed
[2025-06-17 21:18:00] [Success] PHASE 4 completed successfully in 0.028999 seconds
[2025-06-17 21:18:00] [Info] === PHASE 5 : Architecture compliance verification ===
[2025-06-17 21:18:00] [Info] Executing: 05-VerifyCompliance.ps1
[2025-06-17 21:18:00] [Info] === Architecture Compliance Verification - Phase 5 ===
[2025-06-17 21:18:00] [Info] Verifying compliance in project: D:\Protozoa
[2025-06-17 21:18:00] [Warning] Found 5 compliance violations:
[2025-06-17 21:18:00] [Warning]   - File exceeds 500 lines (616): D:\Protozoa\src\domains\bitcoin\services\BitcoinService.ts
[2025-06-17 21:18:00] [Warning]   - File exceeds 500 lines (794): D:\Protozoa\src\domains\particle\services\ParticleService.ts
[2025-06-17 21:18:00] [Warning]   - File exceeds 500 lines (544): D:\Protozoa\src\domains\physics\services\PhysicsService.ts
[2025-06-17 21:18:00] [Warning]   - File exceeds 500 lines (801): D:\Protozoa\src\domains\rng\services\RngService.ts
[2025-06-17 21:18:00] [Warning]   - File exceeds 500 lines (1241): D:\Protozoa\src\domains\trait\services\TraitService.ts
[2025-06-17 21:18:00] [Success] Compliance verification completed
[2025-06-17 21:18:00] [Success] PHASE 5 completed successfully in 0.3889665 seconds
[2025-06-17 21:18:00] [Info] === PHASE 6 : Domain-specific linting ===
[2025-06-17 21:18:00] [Info] Executing: 06-DomainLint.ps1
[2025-06-17 21:18:00] [Info] === Domain-Specific Linting - Phase 6 ===
[2025-06-17 21:18:00] [Info] Running domain linting in project: D:\Protozoa
[2025-06-17 21:18:00] [Error] Domain linting failed: A parameter cannot be found that matches parameter name 'and'.
[2025-06-17 21:18:00] [Error] PHASE 6 FAILED: Script exited with code 1
[2025-06-17 21:18:05] [Info] === PHASE 7 : Build verification and testing ===
[2025-06-17 21:18:05] [Info] Executing: 07-BuildAndTest.ps1
[2025-06-17 21:18:05] [Info] === Build and Test Validation - Phase 7 ===
[2025-06-17 21:18:05] [Info] Running build validation in project: D:\Protozoa
[2025-06-17 21:18:05] [Info] Checking TypeScript compilation...
[2025-06-17 21:18:06] [Warning] TypeScript compilation issues found:
[2025-06-17 21:18:06] [Warning] TypeScript compilation check failed: Cannot process argument transformation on parameter 'Message'. Cannot convert value to type System.String.
[2025-06-17 21:18:06] [Info] Checking for test scripts...
[2025-06-17 21:18:06] [Info] Running tests...
[2025-06-17 21:18:06] [Warning] Test execution failed: 'vitest' is not recognized as an internal or external command,
[2025-06-17 21:18:06] [Success] Build and test validation completed
[2025-06-17 21:18:06] [Success] PHASE 7 completed successfully in 1.4695299 seconds
[2025-06-17 21:18:06] [Info] === PHASE 8 : Pre-commit hooks and validation ===
[2025-06-17 21:18:06] [Info] Executing: 20-SetupPreCommitValidation.ps1
[2025-06-17 21:18:06] [Info] === Pre-commit Validation Setup - Phase 1 Infrastructure Enhancement ===
[2025-06-17 21:18:06] [Info] Installing Husky and configuring Git hooks for automated validation
[2025-06-17 21:18:06] [Info] Installing Husky and lint-staged packages
[2025-06-17 21:18:51] [Error] Pre-commit validation setup failed: Failed to install npm dependencies
[2025-06-17 21:18:51] [Error] PHASE 8 FAILED: Script exited with code 1
[2025-06-17 21:19:04] [Info] === PHASE 9 : Git initialization and GitHub deployment ===
[2025-06-17 21:19:04] [Info] Executing: 08-DeployToGitHub.ps1
[2025-06-17 21:19:04] [Info] === GitHub Deployment Setup ===
[2025-06-17 21:19:04] [Info] Preparing to deploy new-protozoa automation package to BTCEnoch/protozoa
[2025-06-17 21:19:04] [Info] Checking git installation...
[2025-06-17 21:19:04] [Success] Git installed: git version 2.49.0.windows.1
[2025-06-17 21:19:04] [Info] Git repository already exists
[2025-06-17 21:19:04] [Info] Creating .gitignore file...
[2025-06-17 21:19:04] [Success] Created .gitignore file
[2025-06-17 21:19:04] [Info] Creating repository README.md...
[2025-06-17 21:19:04] [Success] Created repository README.md
[2025-06-17 21:19:04] [Info] Staging files for git commit...
